{"C:\\Users\\edgre\\Documents\\threejs game\\src\\Game.ts": {"path":"C:\\Users\\edgre\\Documents\\threejs game\\src\\Game.ts","all":false,"statementMap":{"0":{"start":{"line":1,"column":0},"end":{"line":1,"column":31}},"1":{"start":{"line":2,"column":0},"end":{"line":2,"column":79}},"2":{"start":{"line":3,"column":0},"end":{"line":3,"column":45}},"3":{"start":{"line":4,"column":0},"end":{"line":4,"column":34}},"4":{"start":{"line":5,"column":0},"end":{"line":5,"column":8}},"14":{"start":{"line":15,"column":0},"end":{"line":15,"column":43}},"15":{"start":{"line":16,"column":0},"end":{"line":16,"column":47}},"16":{"start":{"line":17,"column":0},"end":{"line":17,"column":55}},"19":{"start":{"line":20,"column":0},"end":{"line":20,"column":52}},"20":{"start":{"line":21,"column":0},"end":{"line":21,"column":38}},"21":{"start":{"line":22,"column":0},"end":{"line":22,"column":73}},"22":{"start":{"line":23,"column":0},"end":{"line":23,"column":67}},"23":{"start":{"line":24,"column":0},"end":{"line":24,"column":69}},"24":{"start":{"line":25,"column":0},"end":{"line":25,"column":77}},"25":{"start":{"line":26,"column":0},"end":{"line":26,"column":73}},"26":{"start":{"line":27,"column":0},"end":{"line":27,"column":75}},"27":{"start":{"line":28,"column":0},"end":{"line":28,"column":56}},"28":{"start":{"line":29,"column":0},"end":{"line":29,"column":60}},"29":{"start":{"line":30,"column":0},"end":{"line":30,"column":50}},"30":{"start":{"line":31,"column":0},"end":{"line":31,"column":68}},"31":{"start":{"line":32,"column":0},"end":{"line":32,"column":58}},"32":{"start":{"line":33,"column":0},"end":{"line":33,"column":80}},"34":{"start":{"line":35,"column":0},"end":{"line":35,"column":19}},"54":{"start":{"line":55,"column":0},"end":{"line":55,"column":28}},"55":{"start":{"line":56,"column":0},"end":{"line":56,"column":27}},"56":{"start":{"line":57,"column":0},"end":{"line":57,"column":35}},"58":{"start":{"line":59,"column":0},"end":{"line":59,"column":39}},"63":{"start":{"line":64,"column":0},"end":{"line":64,"column":52}},"65":{"start":{"line":66,"column":0},"end":{"line":66,"column":25}},"66":{"start":{"line":67,"column":0},"end":{"line":67,"column":35}},"67":{"start":{"line":68,"column":0},"end":{"line":68,"column":101}},"68":{"start":{"line":69,"column":0},"end":{"line":69,"column":65}},"69":{"start":{"line":70,"column":0},"end":{"line":70,"column":37}},"70":{"start":{"line":71,"column":0},"end":{"line":71,"column":54}},"72":{"start":{"line":73,"column":0},"end":{"line":73,"column":45}},"73":{"start":{"line":74,"column":0},"end":{"line":74,"column":41}},"74":{"start":{"line":75,"column":0},"end":{"line":75,"column":45}},"75":{"start":{"line":76,"column":0},"end":{"line":76,"column":35}},"76":{"start":{"line":77,"column":0},"end":{"line":77,"column":37}},"77":{"start":{"line":78,"column":0},"end":{"line":78,"column":43}},"78":{"start":{"line":79,"column":0},"end":{"line":79,"column":33}},"80":{"start":{"line":81,"column":0},"end":{"line":81,"column":57}},"81":{"start":{"line":82,"column":0},"end":{"line":82,"column":22}},"82":{"start":{"line":83,"column":0},"end":{"line":83,"column":24}},"83":{"start":{"line":84,"column":0},"end":{"line":84,"column":19}},"84":{"start":{"line":85,"column":0},"end":{"line":85,"column":24}},"85":{"start":{"line":86,"column":0},"end":{"line":86,"column":26}},"86":{"start":{"line":87,"column":0},"end":{"line":87,"column":30}},"87":{"start":{"line":88,"column":0},"end":{"line":88,"column":7}},"88":{"start":{"line":89,"column":0},"end":{"line":89,"column":3}},"90":{"start":{"line":91,"column":0},"end":{"line":91,"column":32}},"91":{"start":{"line":92,"column":0},"end":{"line":92,"column":28}},"92":{"start":{"line":93,"column":0},"end":{"line":93,"column":22}},"93":{"start":{"line":94,"column":0},"end":{"line":94,"column":19}},"94":{"start":{"line":95,"column":0},"end":{"line":95,"column":16}},"95":{"start":{"line":96,"column":0},"end":{"line":96,"column":3}},"97":{"start":{"line":98,"column":0},"end":{"line":98,"column":24}},"99":{"start":{"line":100,"column":0},"end":{"line":100,"column":49}},"100":{"start":{"line":101,"column":0},"end":{"line":101,"column":63}},"101":{"start":{"line":102,"column":0},"end":{"line":102,"column":37}},"102":{"start":{"line":103,"column":0},"end":{"line":103,"column":25}},"103":{"start":{"line":104,"column":0},"end":{"line":104,"column":25}},"104":{"start":{"line":105,"column":0},"end":{"line":105,"column":24}},"105":{"start":{"line":106,"column":0},"end":{"line":106,"column":7}},"106":{"start":{"line":107,"column":0},"end":{"line":107,"column":40}},"109":{"start":{"line":110,"column":0},"end":{"line":110,"column":63}},"110":{"start":{"line":111,"column":0},"end":{"line":111,"column":33}},"112":{"start":{"line":113,"column":0},"end":{"line":113,"column":71}},"113":{"start":{"line":114,"column":0},"end":{"line":114,"column":46}},"114":{"start":{"line":115,"column":0},"end":{"line":115,"column":39}},"115":{"start":{"line":116,"column":0},"end":{"line":116,"column":49}},"116":{"start":{"line":117,"column":0},"end":{"line":117,"column":50}},"117":{"start":{"line":118,"column":0},"end":{"line":118,"column":37}},"120":{"start":{"line":121,"column":0},"end":{"line":121,"column":38}},"121":{"start":{"line":122,"column":0},"end":{"line":122,"column":32}},"124":{"start":{"line":125,"column":0},"end":{"line":125,"column":65}},"125":{"start":{"line":126,"column":0},"end":{"line":126,"column":43}},"126":{"start":{"line":127,"column":0},"end":{"line":127,"column":74}},"129":{"start":{"line":130,"column":0},"end":{"line":130,"column":9}},"130":{"start":{"line":131,"column":0},"end":{"line":131,"column":30}},"131":{"start":{"line":132,"column":0},"end":{"line":132,"column":21}},"132":{"start":{"line":133,"column":0},"end":{"line":133,"column":91}},"133":{"start":{"line":134,"column":0},"end":{"line":134,"column":5}},"136":{"start":{"line":137,"column":0},"end":{"line":137,"column":71}},"137":{"start":{"line":138,"column":0},"end":{"line":138,"column":21}},"138":{"start":{"line":139,"column":0},"end":{"line":139,"column":35}},"139":{"start":{"line":140,"column":0},"end":{"line":140,"column":35}},"142":{"start":{"line":143,"column":0},"end":{"line":143,"column":83}},"144":{"start":{"line":145,"column":0},"end":{"line":145,"column":23}},"147":{"start":{"line":148,"column":0},"end":{"line":148,"column":125}},"148":{"start":{"line":149,"column":0},"end":{"line":149,"column":36}},"149":{"start":{"line":150,"column":0},"end":{"line":150,"column":34}},"150":{"start":{"line":151,"column":0},"end":{"line":151,"column":46}},"151":{"start":{"line":152,"column":0},"end":{"line":152,"column":51}},"152":{"start":{"line":153,"column":0},"end":{"line":153,"column":56}},"153":{"start":{"line":154,"column":0},"end":{"line":154,"column":85}},"154":{"start":{"line":155,"column":0},"end":{"line":155,"column":38}},"155":{"start":{"line":156,"column":0},"end":{"line":156,"column":6}},"156":{"start":{"line":157,"column":0},"end":{"line":157,"column":47}},"157":{"start":{"line":158,"column":0},"end":{"line":158,"column":66}},"158":{"start":{"line":159,"column":0},"end":{"line":159,"column":87}},"159":{"start":{"line":160,"column":0},"end":{"line":160,"column":71}},"160":{"start":{"line":161,"column":0},"end":{"line":161,"column":55}},"161":{"start":{"line":162,"column":0},"end":{"line":162,"column":79}},"162":{"start":{"line":163,"column":0},"end":{"line":163,"column":48}},"163":{"start":{"line":164,"column":0},"end":{"line":164,"column":47}},"166":{"start":{"line":167,"column":0},"end":{"line":167,"column":121}},"167":{"start":{"line":168,"column":0},"end":{"line":168,"column":32}},"168":{"start":{"line":169,"column":0},"end":{"line":169,"column":30}},"169":{"start":{"line":170,"column":0},"end":{"line":170,"column":28}},"170":{"start":{"line":171,"column":0},"end":{"line":171,"column":42}},"171":{"start":{"line":172,"column":0},"end":{"line":172,"column":44}},"172":{"start":{"line":173,"column":0},"end":{"line":173,"column":55}},"173":{"start":{"line":174,"column":0},"end":{"line":174,"column":123}},"174":{"start":{"line":175,"column":0},"end":{"line":175,"column":5}},"175":{"start":{"line":176,"column":0},"end":{"line":176,"column":38}},"176":{"start":{"line":177,"column":0},"end":{"line":177,"column":49}},"177":{"start":{"line":178,"column":0},"end":{"line":178,"column":56}},"178":{"start":{"line":179,"column":0},"end":{"line":179,"column":85}},"179":{"start":{"line":180,"column":0},"end":{"line":180,"column":38}},"180":{"start":{"line":181,"column":0},"end":{"line":181,"column":7}},"181":{"start":{"line":182,"column":0},"end":{"line":182,"column":58}},"182":{"start":{"line":183,"column":0},"end":{"line":183,"column":83}},"183":{"start":{"line":184,"column":0},"end":{"line":184,"column":70}},"184":{"start":{"line":185,"column":0},"end":{"line":185,"column":43}},"186":{"start":{"line":187,"column":0},"end":{"line":187,"column":35}},"187":{"start":{"line":188,"column":0},"end":{"line":188,"column":53}},"188":{"start":{"line":189,"column":0},"end":{"line":189,"column":54}},"189":{"start":{"line":190,"column":0},"end":{"line":190,"column":53}},"190":{"start":{"line":191,"column":0},"end":{"line":191,"column":54}},"191":{"start":{"line":192,"column":0},"end":{"line":192,"column":6}},"192":{"start":{"line":193,"column":0},"end":{"line":193,"column":80}},"195":{"start":{"line":196,"column":0},"end":{"line":196,"column":70}},"196":{"start":{"line":197,"column":0},"end":{"line":197,"column":104}},"197":{"start":{"line":198,"column":0},"end":{"line":198,"column":103}},"199":{"start":{"line":200,"column":0},"end":{"line":200,"column":67}},"200":{"start":{"line":201,"column":0},"end":{"line":201,"column":72}},"202":{"start":{"line":203,"column":0},"end":{"line":203,"column":39}},"203":{"start":{"line":204,"column":0},"end":{"line":204,"column":3}},"205":{"start":{"line":206,"column":0},"end":{"line":206,"column":28}},"206":{"start":{"line":207,"column":0},"end":{"line":207,"column":64}},"207":{"start":{"line":208,"column":0},"end":{"line":208,"column":41}},"208":{"start":{"line":209,"column":0},"end":{"line":209,"column":65}},"209":{"start":{"line":210,"column":0},"end":{"line":210,"column":3}},"211":{"start":{"line":212,"column":0},"end":{"line":212,"column":40}},"212":{"start":{"line":213,"column":0},"end":{"line":213,"column":26}},"214":{"start":{"line":215,"column":0},"end":{"line":215,"column":25}},"215":{"start":{"line":216,"column":0},"end":{"line":216,"column":31}},"216":{"start":{"line":217,"column":0},"end":{"line":217,"column":23}},"217":{"start":{"line":218,"column":0},"end":{"line":218,"column":14}},"218":{"start":{"line":219,"column":0},"end":{"line":219,"column":29}},"219":{"start":{"line":220,"column":0},"end":{"line":220,"column":22}},"220":{"start":{"line":221,"column":0},"end":{"line":221,"column":14}},"221":{"start":{"line":222,"column":0},"end":{"line":222,"column":31}},"222":{"start":{"line":223,"column":0},"end":{"line":223,"column":69}},"223":{"start":{"line":224,"column":0},"end":{"line":224,"column":75}},"224":{"start":{"line":225,"column":0},"end":{"line":225,"column":83}},"225":{"start":{"line":226,"column":0},"end":{"line":226,"column":14}},"226":{"start":{"line":227,"column":0},"end":{"line":227,"column":5}},"227":{"start":{"line":228,"column":0},"end":{"line":228,"column":3}},"229":{"start":{"line":230,"column":0},"end":{"line":230,"column":22}},"230":{"start":{"line":231,"column":0},"end":{"line":231,"column":37}},"231":{"start":{"line":232,"column":0},"end":{"line":232,"column":36}},"232":{"start":{"line":233,"column":0},"end":{"line":233,"column":35}},"233":{"start":{"line":234,"column":0},"end":{"line":234,"column":32}},"234":{"start":{"line":235,"column":0},"end":{"line":235,"column":3}},"236":{"start":{"line":237,"column":0},"end":{"line":237,"column":25}},"237":{"start":{"line":238,"column":0},"end":{"line":238,"column":65}},"238":{"start":{"line":239,"column":0},"end":{"line":239,"column":69}},"239":{"start":{"line":240,"column":0},"end":{"line":240,"column":65}},"240":{"start":{"line":241,"column":0},"end":{"line":241,"column":71}},"242":{"start":{"line":243,"column":0},"end":{"line":243,"column":57}},"243":{"start":{"line":244,"column":0},"end":{"line":244,"column":35}},"244":{"start":{"line":245,"column":0},"end":{"line":245,"column":58}},"246":{"start":{"line":247,"column":0},"end":{"line":247,"column":22}},"247":{"start":{"line":248,"column":0},"end":{"line":248,"column":29}},"248":{"start":{"line":249,"column":0},"end":{"line":249,"column":27}},"250":{"start":{"line":251,"column":0},"end":{"line":251,"column":23}},"251":{"start":{"line":252,"column":0},"end":{"line":252,"column":37}},"252":{"start":{"line":253,"column":0},"end":{"line":253,"column":67}},"254":{"start":{"line":255,"column":0},"end":{"line":255,"column":39}},"255":{"start":{"line":256,"column":0},"end":{"line":256,"column":42}},"256":{"start":{"line":257,"column":0},"end":{"line":257,"column":44}},"257":{"start":{"line":258,"column":0},"end":{"line":258,"column":3}},"259":{"start":{"line":260,"column":0},"end":{"line":260,"column":25}},"260":{"start":{"line":261,"column":0},"end":{"line":261,"column":25}},"261":{"start":{"line":262,"column":0},"end":{"line":262,"column":88}},"262":{"start":{"line":263,"column":0},"end":{"line":263,"column":91}},"264":{"start":{"line":265,"column":0},"end":{"line":265,"column":41}},"266":{"start":{"line":267,"column":0},"end":{"line":267,"column":50}},"267":{"start":{"line":268,"column":0},"end":{"line":268,"column":106}},"268":{"start":{"line":269,"column":0},"end":{"line":269,"column":45}},"269":{"start":{"line":270,"column":0},"end":{"line":270,"column":45}},"272":{"start":{"line":273,"column":0},"end":{"line":273,"column":50}},"273":{"start":{"line":274,"column":0},"end":{"line":274,"column":83}},"274":{"start":{"line":275,"column":0},"end":{"line":275,"column":67}},"275":{"start":{"line":276,"column":0},"end":{"line":276,"column":50}},"276":{"start":{"line":277,"column":0},"end":{"line":277,"column":32}},"277":{"start":{"line":278,"column":0},"end":{"line":278,"column":30}},"279":{"start":{"line":280,"column":0},"end":{"line":280,"column":51}},"280":{"start":{"line":281,"column":0},"end":{"line":281,"column":76}},"281":{"start":{"line":282,"column":0},"end":{"line":282,"column":68}},"282":{"start":{"line":283,"column":0},"end":{"line":283,"column":66}},"283":{"start":{"line":284,"column":0},"end":{"line":284,"column":33}},"284":{"start":{"line":285,"column":0},"end":{"line":285,"column":31}},"285":{"start":{"line":286,"column":0},"end":{"line":286,"column":5}},"286":{"start":{"line":287,"column":0},"end":{"line":287,"column":3}},"288":{"start":{"line":289,"column":0},"end":{"line":289,"column":48}},"289":{"start":{"line":290,"column":0},"end":{"line":290,"column":52}},"290":{"start":{"line":291,"column":0},"end":{"line":291,"column":52}},"291":{"start":{"line":292,"column":0},"end":{"line":292,"column":52}},"292":{"start":{"line":293,"column":0},"end":{"line":293,"column":52}},"293":{"start":{"line":294,"column":0},"end":{"line":294,"column":47}},"294":{"start":{"line":295,"column":0},"end":{"line":295,"column":3}},"296":{"start":{"line":297,"column":0},"end":{"line":297,"column":30}},"297":{"start":{"line":298,"column":0},"end":{"line":298,"column":75}},"298":{"start":{"line":299,"column":0},"end":{"line":299,"column":78}},"299":{"start":{"line":300,"column":0},"end":{"line":300,"column":78}},"300":{"start":{"line":301,"column":0},"end":{"line":301,"column":78}},"301":{"start":{"line":302,"column":0},"end":{"line":302,"column":79}},"302":{"start":{"line":303,"column":0},"end":{"line":303,"column":3}},"304":{"start":{"line":305,"column":0},"end":{"line":305,"column":74}},"305":{"start":{"line":306,"column":0},"end":{"line":306,"column":53}},"306":{"start":{"line":307,"column":0},"end":{"line":307,"column":92}},"307":{"start":{"line":308,"column":0},"end":{"line":308,"column":91}},"308":{"start":{"line":309,"column":0},"end":{"line":309,"column":74}},"309":{"start":{"line":310,"column":0},"end":{"line":310,"column":29}},"311":{"start":{"line":312,"column":0},"end":{"line":312,"column":34}},"312":{"start":{"line":313,"column":0},"end":{"line":313,"column":38}},"313":{"start":{"line":314,"column":0},"end":{"line":314,"column":45}},"314":{"start":{"line":315,"column":0},"end":{"line":315,"column":20}},"315":{"start":{"line":316,"column":0},"end":{"line":316,"column":35}},"316":{"start":{"line":317,"column":0},"end":{"line":317,"column":35}},"317":{"start":{"line":318,"column":0},"end":{"line":318,"column":7}},"318":{"start":{"line":319,"column":0},"end":{"line":319,"column":5}},"319":{"start":{"line":320,"column":0},"end":{"line":320,"column":3}},"321":{"start":{"line":322,"column":0},"end":{"line":322,"column":53}},"322":{"start":{"line":323,"column":0},"end":{"line":323,"column":32}},"323":{"start":{"line":324,"column":0},"end":{"line":324,"column":28}},"324":{"start":{"line":325,"column":0},"end":{"line":325,"column":37}},"325":{"start":{"line":326,"column":0},"end":{"line":326,"column":46}},"326":{"start":{"line":327,"column":0},"end":{"line":327,"column":61}},"327":{"start":{"line":328,"column":0},"end":{"line":328,"column":63}},"328":{"start":{"line":329,"column":0},"end":{"line":329,"column":58}},"329":{"start":{"line":330,"column":0},"end":{"line":330,"column":60}},"330":{"start":{"line":331,"column":0},"end":{"line":331,"column":17}},"331":{"start":{"line":332,"column":0},"end":{"line":332,"column":22}},"332":{"start":{"line":333,"column":0},"end":{"line":333,"column":33}},"333":{"start":{"line":334,"column":0},"end":{"line":334,"column":47}},"334":{"start":{"line":335,"column":0},"end":{"line":335,"column":77}},"335":{"start":{"line":336,"column":0},"end":{"line":336,"column":83}},"336":{"start":{"line":337,"column":0},"end":{"line":337,"column":58}},"337":{"start":{"line":338,"column":0},"end":{"line":338,"column":51}},"338":{"start":{"line":339,"column":0},"end":{"line":339,"column":17}},"339":{"start":{"line":340,"column":0},"end":{"line":340,"column":22}},"340":{"start":{"line":341,"column":0},"end":{"line":341,"column":29}},"341":{"start":{"line":342,"column":0},"end":{"line":342,"column":48}},"342":{"start":{"line":343,"column":0},"end":{"line":343,"column":23}},"343":{"start":{"line":344,"column":0},"end":{"line":344,"column":29}},"344":{"start":{"line":345,"column":0},"end":{"line":345,"column":53}},"345":{"start":{"line":346,"column":0},"end":{"line":346,"column":22}},"346":{"start":{"line":347,"column":0},"end":{"line":347,"column":9}},"347":{"start":{"line":348,"column":0},"end":{"line":348,"column":5}},"348":{"start":{"line":349,"column":0},"end":{"line":349,"column":3}},"350":{"start":{"line":351,"column":0},"end":{"line":351,"column":59}},"351":{"start":{"line":352,"column":0},"end":{"line":352,"column":32}},"352":{"start":{"line":353,"column":0},"end":{"line":353,"column":46}},"353":{"start":{"line":354,"column":0},"end":{"line":354,"column":85}},"354":{"start":{"line":355,"column":0},"end":{"line":355,"column":56}},"355":{"start":{"line":356,"column":0},"end":{"line":356,"column":9}},"356":{"start":{"line":357,"column":0},"end":{"line":357,"column":5}},"357":{"start":{"line":358,"column":0},"end":{"line":358,"column":3}},"359":{"start":{"line":360,"column":0},"end":{"line":360,"column":20}},"360":{"start":{"line":361,"column":0},"end":{"line":361,"column":40}},"361":{"start":{"line":362,"column":0},"end":{"line":362,"column":60}},"364":{"start":{"line":365,"column":0},"end":{"line":365,"column":52}},"365":{"start":{"line":366,"column":0},"end":{"line":366,"column":54}},"366":{"start":{"line":367,"column":0},"end":{"line":367,"column":49}},"368":{"start":{"line":369,"column":0},"end":{"line":369,"column":42}},"369":{"start":{"line":370,"column":0},"end":{"line":370,"column":50}},"370":{"start":{"line":371,"column":0},"end":{"line":371,"column":53}},"372":{"start":{"line":373,"column":0},"end":{"line":373,"column":56}},"373":{"start":{"line":374,"column":0},"end":{"line":374,"column":65}},"374":{"start":{"line":375,"column":0},"end":{"line":375,"column":74}},"377":{"start":{"line":378,"column":0},"end":{"line":378,"column":65}},"378":{"start":{"line":379,"column":0},"end":{"line":379,"column":30}},"380":{"start":{"line":381,"column":0},"end":{"line":381,"column":75}},"381":{"start":{"line":382,"column":0},"end":{"line":382,"column":71}},"382":{"start":{"line":383,"column":0},"end":{"line":383,"column":69}},"385":{"start":{"line":386,"column":0},"end":{"line":386,"column":65}},"386":{"start":{"line":387,"column":0},"end":{"line":387,"column":67}},"387":{"start":{"line":388,"column":0},"end":{"line":388,"column":14}},"388":{"start":{"line":389,"column":0},"end":{"line":389,"column":63}},"389":{"start":{"line":390,"column":0},"end":{"line":390,"column":18}},"390":{"start":{"line":391,"column":0},"end":{"line":391,"column":21}},"391":{"start":{"line":392,"column":0},"end":{"line":392,"column":33}},"392":{"start":{"line":393,"column":0},"end":{"line":393,"column":7}},"394":{"start":{"line":395,"column":0},"end":{"line":395,"column":56}},"395":{"start":{"line":396,"column":0},"end":{"line":396,"column":19}},"396":{"start":{"line":397,"column":0},"end":{"line":397,"column":71}},"397":{"start":{"line":398,"column":0},"end":{"line":398,"column":91}},"398":{"start":{"line":399,"column":0},"end":{"line":399,"column":5}},"401":{"start":{"line":402,"column":0},"end":{"line":402,"column":62}},"404":{"start":{"line":405,"column":0},"end":{"line":405,"column":83}},"405":{"start":{"line":406,"column":0},"end":{"line":406,"column":44}},"406":{"start":{"line":407,"column":0},"end":{"line":407,"column":12}},"407":{"start":{"line":408,"column":0},"end":{"line":408,"column":44}},"408":{"start":{"line":409,"column":0},"end":{"line":409,"column":5}},"411":{"start":{"line":412,"column":0},"end":{"line":412,"column":35}},"412":{"start":{"line":413,"column":0},"end":{"line":413,"column":26}},"413":{"start":{"line":414,"column":0},"end":{"line":414,"column":150}},"414":{"start":{"line":415,"column":0},"end":{"line":415,"column":32}},"415":{"start":{"line":416,"column":0},"end":{"line":416,"column":8}},"416":{"start":{"line":417,"column":0},"end":{"line":417,"column":46}},"417":{"start":{"line":418,"column":0},"end":{"line":418,"column":12}},"418":{"start":{"line":419,"column":0},"end":{"line":419,"column":46}},"419":{"start":{"line":420,"column":0},"end":{"line":420,"column":5}},"422":{"start":{"line":423,"column":0},"end":{"line":423,"column":45}},"425":{"start":{"line":426,"column":0},"end":{"line":426,"column":52}},"426":{"start":{"line":427,"column":0},"end":{"line":427,"column":90}},"427":{"start":{"line":428,"column":0},"end":{"line":428,"column":82}},"428":{"start":{"line":429,"column":0},"end":{"line":429,"column":49}},"430":{"start":{"line":431,"column":0},"end":{"line":431,"column":40}},"431":{"start":{"line":432,"column":0},"end":{"line":432,"column":82}},"432":{"start":{"line":433,"column":0},"end":{"line":433,"column":82}},"433":{"start":{"line":434,"column":0},"end":{"line":434,"column":60}},"434":{"start":{"line":435,"column":0},"end":{"line":435,"column":5}},"437":{"start":{"line":438,"column":0},"end":{"line":438,"column":53}},"438":{"start":{"line":439,"column":0},"end":{"line":439,"column":3}},"440":{"start":{"line":441,"column":0},"end":{"line":441,"column":21}},"441":{"start":{"line":442,"column":0},"end":{"line":442,"column":51}},"443":{"start":{"line":444,"column":0},"end":{"line":444,"column":25}},"444":{"start":{"line":445,"column":0},"end":{"line":445,"column":33}},"445":{"start":{"line":446,"column":0},"end":{"line":446,"column":45}},"446":{"start":{"line":447,"column":0},"end":{"line":447,"column":57}},"447":{"start":{"line":448,"column":0},"end":{"line":448,"column":57}},"448":{"start":{"line":449,"column":0},"end":{"line":449,"column":40}},"449":{"start":{"line":450,"column":0},"end":{"line":450,"column":40}},"450":{"start":{"line":451,"column":0},"end":{"line":451,"column":18}},"451":{"start":{"line":452,"column":0},"end":{"line":452,"column":31}},"452":{"start":{"line":453,"column":0},"end":{"line":453,"column":26}},"453":{"start":{"line":454,"column":0},"end":{"line":454,"column":18}},"454":{"start":{"line":455,"column":0},"end":{"line":455,"column":33}},"455":{"start":{"line":456,"column":0},"end":{"line":456,"column":18}},"456":{"start":{"line":457,"column":0},"end":{"line":457,"column":5}},"458":{"start":{"line":459,"column":0},"end":{"line":459,"column":50}},"459":{"start":{"line":460,"column":0},"end":{"line":460,"column":3}},"460":{"start":{"line":461,"column":0},"end":{"line":461,"column":1}}},"s":{"0":1,"1":1,"2":1,"3":1,"4":1,"14":1,"15":1,"16":1,"19":1,"20":1,"21":1,"22":1,"23":1,"24":1,"25":1,"26":1,"27":1,"28":1,"29":1,"30":1,"31":1,"32":1,"34":1,"54":1,"55":1,"56":1,"58":1,"63":1,"65":1,"66":5,"67":5,"68":5,"69":5,"70":5,"72":5,"73":5,"74":5,"75":5,"76":5,"77":5,"78":5,"80":5,"81":5,"82":5,"83":5,"84":5,"85":5,"86":5,"87":5,"88":5,"90":1,"91":5,"92":5,"93":5,"94":5,"95":5,"97":1,"99":5,"100":5,"101":5,"102":5,"103":5,"104":5,"105":5,"106":5,"109":5,"110":5,"112":5,"113":5,"114":5,"115":5,"116":5,"117":5,"120":5,"121":5,"124":5,"125":5,"126":5,"129":5,"130":5,"131":5,"132":0,"133":0,"136":5,"137":5,"138":5,"139":5,"142":5,"144":5,"147":5,"148":5,"149":5,"150":5,"151":5,"152":5,"153":5,"154":5,"155":5,"156":5,"157":5,"158":5,"159":5,"160":5,"161":5,"162":5,"163":5,"166":5,"167":5,"168":5,"169":5,"170":5,"171":5,"172":160,"173":160,"174":160,"175":5,"176":5,"177":5,"178":5,"179":5,"180":5,"181":5,"182":5,"183":5,"184":5,"186":5,"187":5,"188":5,"189":5,"190":5,"191":5,"192":5,"195":5,"196":5,"197":5,"199":5,"200":5,"202":5,"203":5,"205":1,"206":0,"207":0,"208":0,"209":0,"211":1,"212":11,"214":11,"215":11,"216":6,"217":6,"218":11,"219":3,"220":3,"221":11,"222":2,"223":2,"224":2,"225":2,"226":11,"227":11,"229":1,"230":3,"231":3,"232":3,"233":3,"234":3,"236":1,"237":1,"238":1,"239":1,"240":1,"242":1,"243":1,"244":1,"246":1,"247":1,"248":1,"250":1,"251":1,"252":1,"254":1,"255":1,"256":1,"257":1,"259":1,"260":5,"261":5,"262":5,"264":5,"266":250,"267":250,"268":250,"269":250,"272":250,"273":250,"274":250,"275":250,"276":250,"277":250,"279":250,"280":250,"281":250,"282":250,"283":250,"284":250,"285":250,"286":5,"288":1,"289":6,"290":6,"291":6,"292":6,"293":0,"294":6,"296":1,"297":5,"298":5,"299":5,"300":5,"301":5,"302":5,"304":1,"305":0,"306":0,"307":0,"308":0,"309":0,"311":0,"312":0,"313":0,"314":0,"315":0,"316":0,"317":0,"318":0,"319":0,"321":1,"322":4,"323":1,"324":1,"325":1,"326":1,"327":1,"328":1,"329":1,"330":1,"331":1,"332":1,"333":0,"334":0,"335":0,"336":0,"337":0,"338":0,"339":0,"340":1,"341":0,"342":0,"343":1,"344":0,"345":0,"346":1,"347":1,"348":4,"350":1,"351":4,"352":1,"353":1,"354":1,"355":1,"356":1,"357":4,"359":1,"360":4,"361":4,"364":4,"365":4,"366":4,"368":4,"369":4,"370":4,"372":4,"373":4,"374":4,"377":4,"378":4,"380":4,"381":4,"382":4,"385":4,"386":4,"387":4,"388":4,"389":4,"390":4,"391":4,"392":4,"394":4,"395":4,"396":4,"397":4,"398":4,"401":4,"404":4,"405":2,"406":2,"407":2,"408":2,"411":4,"412":0,"413":0,"414":0,"415":0,"416":0,"417":4,"418":4,"419":4,"422":4,"425":4,"426":4,"427":4,"428":4,"430":4,"431":1,"432":1,"433":1,"434":1,"437":4,"438":4,"440":1,"441":10,"443":10,"444":10,"445":7,"446":7,"447":7,"448":7,"449":7,"450":7,"451":10,"452":2,"453":2,"454":10,"455":1,"456":10,"458":10,"459":10,"460":1},"branchMap":{"0":{"type":"branch","line":66,"loc":{"start":{"line":66,"column":10},"end":{"line":89,"column":3}},"locations":[{"start":{"line":66,"column":10},"end":{"line":89,"column":3}}]},"1":{"type":"branch","line":91,"loc":{"start":{"line":91,"column":2},"end":{"line":96,"column":3}},"locations":[{"start":{"line":91,"column":2},"end":{"line":96,"column":3}}]},"2":{"type":"branch","line":98,"loc":{"start":{"line":98,"column":2},"end":{"line":204,"column":3}},"locations":[{"start":{"line":98,"column":2},"end":{"line":204,"column":3}}]},"3":{"type":"branch","line":127,"loc":{"start":{"line":127,"column":33},"end":{"line":127,"column":48}},"locations":[{"start":{"line":127,"column":33},"end":{"line":127,"column":48}}]},"4":{"type":"branch","line":132,"loc":{"start":{"line":132,"column":4},"end":{"line":134,"column":5}},"locations":[{"start":{"line":132,"column":4},"end":{"line":134,"column":5}}]},"5":{"type":"branch","line":172,"loc":{"start":{"line":172,"column":43},"end":{"line":175,"column":5}},"locations":[{"start":{"line":172,"column":43},"end":{"line":175,"column":5}}]},"6":{"type":"branch","line":200,"loc":{"start":{"line":200,"column":4},"end":{"line":200,"column":34}},"locations":[{"start":{"line":200,"column":4},"end":{"line":200,"column":34}}]},"7":{"type":"branch","line":201,"loc":{"start":{"line":201,"column":4},"end":{"line":201,"column":36}},"locations":[{"start":{"line":201,"column":4},"end":{"line":201,"column":36}}]},"8":{"type":"branch","line":212,"loc":{"start":{"line":212,"column":9},"end":{"line":228,"column":3}},"locations":[{"start":{"line":212,"column":9},"end":{"line":228,"column":3}}]},"9":{"type":"branch","line":216,"loc":{"start":{"line":216,"column":6},"end":{"line":218,"column":14}},"locations":[{"start":{"line":216,"column":6},"end":{"line":218,"column":14}}]},"10":{"type":"branch","line":219,"loc":{"start":{"line":219,"column":6},"end":{"line":221,"column":14}},"locations":[{"start":{"line":219,"column":6},"end":{"line":221,"column":14}}]},"11":{"type":"branch","line":222,"loc":{"start":{"line":222,"column":6},"end":{"line":226,"column":14}},"locations":[{"start":{"line":222,"column":6},"end":{"line":226,"column":14}}]},"12":{"type":"branch","line":230,"loc":{"start":{"line":230,"column":9},"end":{"line":235,"column":3}},"locations":[{"start":{"line":230,"column":9},"end":{"line":235,"column":3}}]},"13":{"type":"branch","line":237,"loc":{"start":{"line":237,"column":9},"end":{"line":258,"column":3}},"locations":[{"start":{"line":237,"column":9},"end":{"line":258,"column":3}}]},"14":{"type":"branch","line":260,"loc":{"start":{"line":260,"column":10},"end":{"line":287,"column":3}},"locations":[{"start":{"line":260,"column":10},"end":{"line":287,"column":3}}]},"15":{"type":"branch","line":265,"loc":{"start":{"line":265,"column":40},"end":{"line":286,"column":5}},"locations":[{"start":{"line":265,"column":40},"end":{"line":286,"column":5}}]},"16":{"type":"branch","line":289,"loc":{"start":{"line":289,"column":10},"end":{"line":295,"column":3}},"locations":[{"start":{"line":289,"column":10},"end":{"line":295,"column":3}}]},"17":{"type":"branch","line":290,"loc":{"start":{"line":290,"column":43},"end":{"line":290,"column":52}},"locations":[{"start":{"line":290,"column":43},"end":{"line":290,"column":52}}]},"18":{"type":"branch","line":291,"loc":{"start":{"line":291,"column":21},"end":{"line":291,"column":43}},"locations":[{"start":{"line":291,"column":21},"end":{"line":291,"column":43}}]},"19":{"type":"branch","line":291,"loc":{"start":{"line":291,"column":43},"end":{"line":291,"column":52}},"locations":[{"start":{"line":291,"column":43},"end":{"line":291,"column":52}}]},"20":{"type":"branch","line":292,"loc":{"start":{"line":292,"column":22},"end":{"line":292,"column":43}},"locations":[{"start":{"line":292,"column":22},"end":{"line":292,"column":43}}]},"21":{"type":"branch","line":292,"loc":{"start":{"line":292,"column":43},"end":{"line":292,"column":52}},"locations":[{"start":{"line":292,"column":43},"end":{"line":292,"column":52}}]},"22":{"type":"branch","line":293,"loc":{"start":{"line":293,"column":50},"end":{"line":294,"column":47}},"locations":[{"start":{"line":293,"column":50},"end":{"line":294,"column":47}}]},"23":{"type":"branch","line":297,"loc":{"start":{"line":297,"column":2},"end":{"line":303,"column":3}},"locations":[{"start":{"line":297,"column":2},"end":{"line":303,"column":3}}]},"24":{"type":"branch","line":322,"loc":{"start":{"line":322,"column":10},"end":{"line":349,"column":3}},"locations":[{"start":{"line":322,"column":10},"end":{"line":349,"column":3}}]},"25":{"type":"branch","line":323,"loc":{"start":{"line":323,"column":31},"end":{"line":348,"column":5}},"locations":[{"start":{"line":323,"column":31},"end":{"line":348,"column":5}}]},"26":{"type":"branch","line":333,"loc":{"start":{"line":333,"column":12},"end":{"line":340,"column":22}},"locations":[{"start":{"line":333,"column":12},"end":{"line":340,"column":22}}]},"27":{"type":"branch","line":341,"loc":{"start":{"line":341,"column":12},"end":{"line":343,"column":23}},"locations":[{"start":{"line":341,"column":12},"end":{"line":343,"column":23}}]},"28":{"type":"branch","line":344,"loc":{"start":{"line":344,"column":12},"end":{"line":346,"column":22}},"locations":[{"start":{"line":344,"column":12},"end":{"line":346,"column":22}}]},"29":{"type":"branch","line":351,"loc":{"start":{"line":351,"column":10},"end":{"line":358,"column":3}},"locations":[{"start":{"line":351,"column":10},"end":{"line":358,"column":3}}]},"30":{"type":"branch","line":352,"loc":{"start":{"line":352,"column":31},"end":{"line":357,"column":5}},"locations":[{"start":{"line":352,"column":31},"end":{"line":357,"column":5}}]},"31":{"type":"branch","line":354,"loc":{"start":{"line":354,"column":57},"end":{"line":354,"column":85}},"locations":[{"start":{"line":354,"column":57},"end":{"line":354,"column":85}}]},"32":{"type":"branch","line":360,"loc":{"start":{"line":360,"column":10},"end":{"line":439,"column":3}},"locations":[{"start":{"line":360,"column":10},"end":{"line":439,"column":3}}]},"33":{"type":"branch","line":379,"loc":{"start":{"line":379,"column":23},"end":{"line":379,"column":30}},"locations":[{"start":{"line":379,"column":23},"end":{"line":379,"column":30}}]},"34":{"type":"branch","line":405,"loc":{"start":{"line":405,"column":39},"end":{"line":405,"column":82}},"locations":[{"start":{"line":405,"column":39},"end":{"line":405,"column":82}}]},"35":{"type":"branch","line":405,"loc":{"start":{"line":405,"column":82},"end":{"line":409,"column":5}},"locations":[{"start":{"line":405,"column":82},"end":{"line":409,"column":5}}]},"36":{"type":"branch","line":412,"loc":{"start":{"line":412,"column":34},"end":{"line":418,"column":11}},"locations":[{"start":{"line":412,"column":34},"end":{"line":418,"column":11}}]},"37":{"type":"branch","line":431,"loc":{"start":{"line":431,"column":39},"end":{"line":435,"column":5}},"locations":[{"start":{"line":431,"column":39},"end":{"line":435,"column":5}}]},"38":{"type":"branch","line":441,"loc":{"start":{"line":441,"column":10},"end":{"line":460,"column":3}},"locations":[{"start":{"line":441,"column":10},"end":{"line":460,"column":3}}]},"39":{"type":"branch","line":445,"loc":{"start":{"line":445,"column":8},"end":{"line":451,"column":18}},"locations":[{"start":{"line":445,"column":8},"end":{"line":451,"column":18}}]},"40":{"type":"branch","line":452,"loc":{"start":{"line":452,"column":8},"end":{"line":454,"column":18}},"locations":[{"start":{"line":452,"column":8},"end":{"line":454,"column":18}}]},"41":{"type":"branch","line":455,"loc":{"start":{"line":455,"column":8},"end":{"line":456,"column":18}},"locations":[{"start":{"line":455,"column":8},"end":{"line":456,"column":18}}]}},"b":{"0":[5],"1":[5],"2":[5],"3":[0],"4":[0],"5":[160],"6":[0],"7":[0],"8":[11],"9":[6],"10":[3],"11":[2],"12":[3],"13":[1],"14":[5],"15":[250],"16":[6],"17":[0],"18":[0],"19":[0],"20":[0],"21":[0],"22":[0],"23":[5],"24":[4],"25":[1],"26":[0],"27":[0],"28":[0],"29":[4],"30":[1],"31":[0],"32":[4],"33":[0],"34":[2],"35":[2],"36":[0],"37":[1],"38":[10],"39":[7],"40":[2],"41":[1]},"fnMap":{"0":{"name":"Game","decl":{"start":{"line":66,"column":10},"end":{"line":89,"column":3}},"loc":{"start":{"line":66,"column":10},"end":{"line":89,"column":3}},"line":66},"1":{"name":"create","decl":{"start":{"line":91,"column":2},"end":{"line":96,"column":3}},"loc":{"start":{"line":91,"column":2},"end":{"line":96,"column":3}},"line":91},"2":{"name":"init","decl":{"start":{"line":98,"column":2},"end":{"line":204,"column":3}},"loc":{"start":{"line":98,"column":2},"end":{"line":204,"column":3}},"line":98},"3":{"name":"onWindowResize","decl":{"start":{"line":206,"column":10},"end":{"line":210,"column":3}},"loc":{"start":{"line":206,"column":10},"end":{"line":210,"column":3}},"line":206},"4":{"name":"setState","decl":{"start":{"line":212,"column":9},"end":{"line":228,"column":3}},"loc":{"start":{"line":212,"column":9},"end":{"line":228,"column":3}},"line":212},"5":{"name":"startGame","decl":{"start":{"line":230,"column":9},"end":{"line":235,"column":3}},"loc":{"start":{"line":230,"column":9},"end":{"line":235,"column":3}},"line":230},"6":{"name":"returnToMenu","decl":{"start":{"line":237,"column":9},"end":{"line":258,"column":3}},"loc":{"start":{"line":237,"column":9},"end":{"line":258,"column":3}},"line":237},"7":{"name":"createTrees","decl":{"start":{"line":260,"column":10},"end":{"line":287,"column":3}},"loc":{"start":{"line":260,"column":10},"end":{"line":287,"column":3}},"line":260},"8":{"name":"getQuadrant","decl":{"start":{"line":289,"column":10},"end":{"line":295,"column":3}},"loc":{"start":{"line":289,"column":10},"end":{"line":295,"column":3}},"line":289},"9":{"name":"loadSounds","decl":{"start":{"line":297,"column":2},"end":{"line":303,"column":3}},"loc":{"start":{"line":297,"column":2},"end":{"line":303,"column":3}},"line":297},"10":{"name":"createTireMark","decl":{"start":{"line":305,"column":10},"end":{"line":320,"column":3}},"loc":{"start":{"line":305,"column":10},"end":{"line":320,"column":3}},"line":305},"11":{"name":"handleLapEvents","decl":{"start":{"line":322,"column":10},"end":{"line":349,"column":3}},"loc":{"start":{"line":322,"column":10},"end":{"line":349,"column":3}},"line":322},"12":{"name":"handleCollisionEvents","decl":{"start":{"line":351,"column":10},"end":{"line":358,"column":3}},"loc":{"start":{"line":351,"column":10},"end":{"line":358,"column":3}},"line":351},"13":{"name":"update","decl":{"start":{"line":360,"column":10},"end":{"line":439,"column":3}},"loc":{"start":{"line":360,"column":10},"end":{"line":439,"column":3}},"line":360},"14":{"name":"animate","decl":{"start":{"line":441,"column":10},"end":{"line":460,"column":3}},"loc":{"start":{"line":441,"column":10},"end":{"line":460,"column":3}},"line":441}},"f":{"0":5,"1":5,"2":5,"3":0,"4":11,"5":3,"6":1,"7":5,"8":6,"9":5,"10":0,"11":4,"12":4,"13":4,"14":10}}
,"C:\\Users\\edgre\\Documents\\threejs game\\src\\config.ts": {"path":"C:\\Users\\edgre\\Documents\\threejs game\\src\\config.ts","all":false,"statementMap":{"0":{"start":{"line":1,"column":0},"end":{"line":1,"column":23}},"1":{"start":{"line":2,"column":0},"end":{"line":2,"column":14}},"2":{"start":{"line":3,"column":0},"end":{"line":3,"column":23}},"3":{"start":{"line":4,"column":0},"end":{"line":4,"column":30}},"4":{"start":{"line":5,"column":0},"end":{"line":5,"column":26}},"5":{"start":{"line":6,"column":0},"end":{"line":6,"column":27}},"6":{"start":{"line":7,"column":0},"end":{"line":7,"column":23}},"7":{"start":{"line":8,"column":0},"end":{"line":8,"column":28}},"8":{"start":{"line":9,"column":0},"end":{"line":9,"column":24}},"9":{"start":{"line":10,"column":0},"end":{"line":10,"column":25}},"10":{"start":{"line":11,"column":0},"end":{"line":11,"column":6}},"11":{"start":{"line":12,"column":0},"end":{"line":12,"column":13}},"12":{"start":{"line":13,"column":0},"end":{"line":13,"column":28}},"13":{"start":{"line":14,"column":0},"end":{"line":14,"column":24}},"14":{"start":{"line":15,"column":0},"end":{"line":15,"column":6}},"15":{"start":{"line":16,"column":0},"end":{"line":16,"column":12}},"16":{"start":{"line":17,"column":0},"end":{"line":17,"column":19}},"17":{"start":{"line":18,"column":0},"end":{"line":18,"column":18}},"18":{"start":{"line":19,"column":0},"end":{"line":19,"column":25}},"19":{"start":{"line":20,"column":0},"end":{"line":20,"column":22}},"20":{"start":{"line":21,"column":0},"end":{"line":21,"column":25}},"21":{"start":{"line":22,"column":0},"end":{"line":22,"column":28}},"22":{"start":{"line":23,"column":0},"end":{"line":23,"column":6}},"23":{"start":{"line":24,"column":0},"end":{"line":24,"column":11}},"24":{"start":{"line":25,"column":0},"end":{"line":25,"column":16}},"25":{"start":{"line":26,"column":0},"end":{"line":26,"column":6}},"27":{"start":{"line":28,"column":0},"end":{"line":28,"column":2}}},"s":{"0":1,"1":1,"2":1,"3":1,"4":1,"5":1,"6":1,"7":1,"8":1,"9":1,"10":1,"11":1,"12":1,"13":1,"14":1,"15":1,"16":1,"17":1,"18":1,"19":1,"20":1,"21":1,"22":1,"23":1,"24":1,"25":1,"27":1},"branchMap":{},"b":{},"fnMap":{},"f":{}}
,"C:\\Users\\edgre\\Documents\\threejs game\\src\\main.ts": {"path":"C:\\Users\\edgre\\Documents\\threejs game\\src\\main.ts","all":true,"statementMap":{"0":{"start":{"line":1,"column":0},"end":{"line":1,"column":30}},"1":{"start":{"line":2,"column":0},"end":{"line":2,"column":0}},"2":{"start":{"line":3,"column":0},"end":{"line":3,"column":14}}},"s":{"0":0,"1":0,"2":0},"branchMap":{"0":{"type":"branch","line":1,"loc":{"start":{"line":1,"column":0},"end":{"line":3,"column":14}},"locations":[{"start":{"line":1,"column":0},"end":{"line":3,"column":14}}]}},"b":{"0":[0]},"fnMap":{"0":{"name":"(empty-report)","decl":{"start":{"line":1,"column":0},"end":{"line":3,"column":14}},"loc":{"start":{"line":1,"column":0},"end":{"line":3,"column":14}},"line":1}},"f":{"0":0}}
,"C:\\Users\\edgre\\Documents\\threejs game\\src\\ecs\\Component.ts": {"path":"C:\\Users\\edgre\\Documents\\threejs game\\src\\ecs\\Component.ts","all":false,"statementMap":{"1":{"start":{"line":2,"column":0},"end":{"line":2,"column":34}}},"s":{"1":1},"branchMap":{},"b":{},"fnMap":{},"f":{}}
,"C:\\Users\\edgre\\Documents\\threejs game\\src\\ecs\\Entity.ts": {"path":"C:\\Users\\edgre\\Documents\\threejs game\\src\\ecs\\Entity.ts","all":false,"statementMap":{"2":{"start":{"line":3,"column":0},"end":{"line":3,"column":21}},"3":{"start":{"line":4,"column":0},"end":{"line":4,"column":59}},"5":{"start":{"line":6,"column":0},"end":{"line":6,"column":44}},"7":{"start":{"line":8,"column":0},"end":{"line":8,"column":51}},"8":{"start":{"line":9,"column":0},"end":{"line":9,"column":58}},"9":{"start":{"line":10,"column":0},"end":{"line":10,"column":3}},"11":{"start":{"line":12,"column":0},"end":{"line":12,"column":102}},"12":{"start":{"line":13,"column":0},"end":{"line":13,"column":52}},"13":{"start":{"line":14,"column":0},"end":{"line":14,"column":3}},"15":{"start":{"line":16,"column":0},"end":{"line":16,"column":96}},"16":{"start":{"line":17,"column":0},"end":{"line":17,"column":47}},"17":{"start":{"line":18,"column":0},"end":{"line":18,"column":3}},"18":{"start":{"line":19,"column":0},"end":{"line":19,"column":1}}},"s":{"2":1,"3":1,"5":1,"7":1,"8":72,"9":72,"11":1,"12":134,"13":134,"15":1,"16":124,"17":124,"18":1},"branchMap":{"0":{"type":"branch","line":6,"loc":{"start":{"line":6,"column":2},"end":{"line":6,"column":44}},"locations":[{"start":{"line":6,"column":2},"end":{"line":6,"column":44}}]},"1":{"type":"branch","line":8,"loc":{"start":{"line":8,"column":9},"end":{"line":10,"column":3}},"locations":[{"start":{"line":8,"column":9},"end":{"line":10,"column":3}}]},"2":{"type":"branch","line":12,"loc":{"start":{"line":12,"column":9},"end":{"line":14,"column":3}},"locations":[{"start":{"line":12,"column":9},"end":{"line":14,"column":3}}]},"3":{"type":"branch","line":16,"loc":{"start":{"line":16,"column":9},"end":{"line":18,"column":3}},"locations":[{"start":{"line":16,"column":9},"end":{"line":18,"column":3}}]}},"b":{"0":[25],"1":[72],"2":[134],"3":[124]},"fnMap":{"0":{"name":"Entity","decl":{"start":{"line":6,"column":2},"end":{"line":6,"column":44}},"loc":{"start":{"line":6,"column":2},"end":{"line":6,"column":44}},"line":6},"1":{"name":"addComponent","decl":{"start":{"line":8,"column":9},"end":{"line":10,"column":3}},"loc":{"start":{"line":8,"column":9},"end":{"line":10,"column":3}},"line":8},"2":{"name":"getComponent","decl":{"start":{"line":12,"column":9},"end":{"line":14,"column":3}},"loc":{"start":{"line":12,"column":9},"end":{"line":14,"column":3}},"line":12},"3":{"name":"hasComponent","decl":{"start":{"line":16,"column":9},"end":{"line":18,"column":3}},"loc":{"start":{"line":16,"column":9},"end":{"line":18,"column":3}},"line":16}},"f":{"0":25,"1":72,"2":134,"3":124}}
,"C:\\Users\\edgre\\Documents\\threejs game\\src\\ecs\\EntityManager.ts": {"path":"C:\\Users\\edgre\\Documents\\threejs game\\src\\ecs\\EntityManager.ts","all":false,"statementMap":{"2":{"start":{"line":3,"column":0},"end":{"line":3,"column":28}},"3":{"start":{"line":4,"column":0},"end":{"line":4,"column":52}},"5":{"start":{"line":6,"column":0},"end":{"line":6,"column":42}},"6":{"start":{"line":7,"column":0},"end":{"line":7,"column":41}},"7":{"start":{"line":8,"column":0},"end":{"line":8,"column":3}},"9":{"start":{"line":10,"column":0},"end":{"line":10,"column":52}},"10":{"start":{"line":11,"column":0},"end":{"line":11,"column":33}},"11":{"start":{"line":12,"column":0},"end":{"line":12,"column":3}},"13":{"start":{"line":14,"column":0},"end":{"line":14,"column":41}},"14":{"start":{"line":15,"column":0},"end":{"line":15,"column":29}},"15":{"start":{"line":16,"column":0},"end":{"line":16,"column":3}},"17":{"start":{"line":18,"column":0},"end":{"line":18,"column":37}},"18":{"start":{"line":19,"column":0},"end":{"line":19,"column":46}},"19":{"start":{"line":20,"column":0},"end":{"line":20,"column":3}},"20":{"start":{"line":21,"column":0},"end":{"line":21,"column":1}}},"s":{"2":1,"3":5,"5":1,"6":10,"7":10,"9":1,"10":12,"11":12,"13":1,"14":0,"15":0,"17":1,"18":4,"19":4,"20":1},"branchMap":{"0":{"type":"branch","line":3,"loc":{"start":{"line":3,"column":7},"end":{"line":4,"column":52}},"locations":[{"start":{"line":3,"column":7},"end":{"line":4,"column":52}}]},"1":{"type":"branch","line":6,"loc":{"start":{"line":6,"column":9},"end":{"line":8,"column":3}},"locations":[{"start":{"line":6,"column":9},"end":{"line":8,"column":3}}]},"2":{"type":"branch","line":10,"loc":{"start":{"line":10,"column":9},"end":{"line":12,"column":3}},"locations":[{"start":{"line":10,"column":9},"end":{"line":12,"column":3}}]},"3":{"type":"branch","line":18,"loc":{"start":{"line":18,"column":9},"end":{"line":20,"column":3}},"locations":[{"start":{"line":18,"column":9},"end":{"line":20,"column":3}}]}},"b":{"0":[5],"1":[10],"2":[12],"3":[4]},"fnMap":{"0":{"name":"EntityManager","decl":{"start":{"line":3,"column":7},"end":{"line":4,"column":52}},"loc":{"start":{"line":3,"column":7},"end":{"line":4,"column":52}},"line":3},"1":{"name":"addEntity","decl":{"start":{"line":6,"column":9},"end":{"line":8,"column":3}},"loc":{"start":{"line":6,"column":9},"end":{"line":8,"column":3}},"line":6},"2":{"name":"getEntity","decl":{"start":{"line":10,"column":9},"end":{"line":12,"column":3}},"loc":{"start":{"line":10,"column":9},"end":{"line":12,"column":3}},"line":10},"3":{"name":"removeEntity","decl":{"start":{"line":14,"column":9},"end":{"line":16,"column":3}},"loc":{"start":{"line":14,"column":9},"end":{"line":16,"column":3}},"line":14},"4":{"name":"getAllEntities","decl":{"start":{"line":18,"column":9},"end":{"line":20,"column":3}},"loc":{"start":{"line":18,"column":9},"end":{"line":20,"column":3}},"line":18}},"f":{"0":5,"1":10,"2":12,"3":0,"4":4}}
,"C:\\Users\\edgre\\Documents\\threejs game\\src\\ecs\\System.ts": {"path":"C:\\Users\\edgre\\Documents\\threejs game\\src\\ecs\\System.ts","all":false,"statementMap":{"2":{"start":{"line":3,"column":0},"end":{"line":3,"column":30}},"6":{"start":{"line":7,"column":0},"end":{"line":7,"column":1}}},"s":{"2":1,"6":1},"branchMap":{},"b":{},"fnMap":{},"f":{}}
,"C:\\Users\\edgre\\Documents\\threejs game\\src\\ecs\\components\\AIControlComponent.ts": {"path":"C:\\Users\\edgre\\Documents\\threejs game\\src\\ecs\\components\\AIControlComponent.ts","all":false,"statementMap":{"1":{"start":{"line":2,"column":0},"end":{"line":2,"column":41}},"3":{"start":{"line":4,"column":0},"end":{"line":4,"column":51}},"4":{"start":{"line":5,"column":0},"end":{"line":5,"column":16}},"5":{"start":{"line":6,"column":0},"end":{"line":6,"column":42}},"6":{"start":{"line":7,"column":0},"end":{"line":7,"column":48}},"7":{"start":{"line":8,"column":0},"end":{"line":8,"column":29}},"8":{"start":{"line":9,"column":0},"end":{"line":9,"column":18}},"9":{"start":{"line":10,"column":0},"end":{"line":10,"column":1}}},"s":{"1":1,"3":1,"4":1,"5":5,"6":5,"7":5,"8":5,"9":1},"branchMap":{"0":{"type":"branch","line":5,"loc":{"start":{"line":5,"column":4},"end":{"line":9,"column":18}},"locations":[{"start":{"line":5,"column":4},"end":{"line":9,"column":18}}]}},"b":{"0":[5]},"fnMap":{"0":{"name":"AIControlComponent","decl":{"start":{"line":5,"column":4},"end":{"line":9,"column":18}},"loc":{"start":{"line":5,"column":4},"end":{"line":9,"column":18}},"line":5}},"f":{"0":5}}
,"C:\\Users\\edgre\\Documents\\threejs game\\src\\ecs\\components\\LapTrackerComponent.ts": {"path":"C:\\Users\\edgre\\Documents\\threejs game\\src\\ecs\\components\\LapTrackerComponent.ts","all":false,"statementMap":{"0":{"start":{"line":1,"column":0},"end":{"line":1,"column":41}},"2":{"start":{"line":3,"column":0},"end":{"line":3,"column":52}},"3":{"start":{"line":4,"column":0},"end":{"line":4,"column":16}},"4":{"start":{"line":5,"column":0},"end":{"line":5,"column":31}},"5":{"start":{"line":6,"column":0},"end":{"line":6,"column":46}},"6":{"start":{"line":7,"column":0},"end":{"line":7,"column":40}},"7":{"start":{"line":8,"column":0},"end":{"line":8,"column":48}},"8":{"start":{"line":9,"column":0},"end":{"line":9,"column":18}},"9":{"start":{"line":10,"column":0},"end":{"line":10,"column":1}}},"s":{"0":1,"2":1,"3":1,"4":10,"5":10,"6":10,"7":10,"8":10,"9":1},"branchMap":{"0":{"type":"branch","line":4,"loc":{"start":{"line":4,"column":4},"end":{"line":9,"column":18}},"locations":[{"start":{"line":4,"column":4},"end":{"line":9,"column":18}}]}},"b":{"0":[10]},"fnMap":{"0":{"name":"LapTrackerComponent","decl":{"start":{"line":4,"column":4},"end":{"line":9,"column":18}},"loc":{"start":{"line":4,"column":4},"end":{"line":9,"column":18}},"line":4}},"f":{"0":10}}
,"C:\\Users\\edgre\\Documents\\threejs game\\src\\ecs\\components\\PhysicsComponent.ts": {"path":"C:\\Users\\edgre\\Documents\\threejs game\\src\\ecs\\components\\PhysicsComponent.ts","all":false,"statementMap":{"0":{"start":{"line":1,"column":0},"end":{"line":1,"column":41}},"2":{"start":{"line":3,"column":0},"end":{"line":3,"column":49}},"3":{"start":{"line":4,"column":0},"end":{"line":4,"column":16}},"4":{"start":{"line":5,"column":0},"end":{"line":5,"column":33}},"5":{"start":{"line":6,"column":0},"end":{"line":6,"column":40}},"6":{"start":{"line":7,"column":0},"end":{"line":7,"column":38}},"7":{"start":{"line":8,"column":0},"end":{"line":8,"column":33}},"8":{"start":{"line":9,"column":0},"end":{"line":9,"column":43}},"9":{"start":{"line":10,"column":0},"end":{"line":10,"column":18}},"10":{"start":{"line":11,"column":0},"end":{"line":11,"column":1}}},"s":{"0":1,"2":1,"3":1,"4":18,"5":18,"6":18,"7":18,"8":18,"9":18,"10":1},"branchMap":{"0":{"type":"branch","line":4,"loc":{"start":{"line":4,"column":4},"end":{"line":10,"column":18}},"locations":[{"start":{"line":4,"column":4},"end":{"line":10,"column":18}}]}},"b":{"0":[18]},"fnMap":{"0":{"name":"PhysicsComponent","decl":{"start":{"line":4,"column":4},"end":{"line":10,"column":18}},"loc":{"start":{"line":4,"column":4},"end":{"line":10,"column":18}},"line":4}},"f":{"0":18}}
,"C:\\Users\\edgre\\Documents\\threejs game\\src\\ecs\\components\\PlayerInputComponent.ts": {"path":"C:\\Users\\edgre\\Documents\\threejs game\\src\\ecs\\components\\PlayerInputComponent.ts","all":false,"statementMap":{"0":{"start":{"line":1,"column":0},"end":{"line":1,"column":41}},"2":{"start":{"line":3,"column":0},"end":{"line":3,"column":53}},"3":{"start":{"line":4,"column":0},"end":{"line":4,"column":71}},"4":{"start":{"line":5,"column":0},"end":{"line":5,"column":1}}},"s":{"0":1,"2":1,"3":1,"4":1},"branchMap":{"0":{"type":"branch","line":4,"loc":{"start":{"line":4,"column":2},"end":{"line":4,"column":71}},"locations":[{"start":{"line":4,"column":2},"end":{"line":4,"column":71}}]}},"b":{"0":[5]},"fnMap":{"0":{"name":"PlayerInputComponent","decl":{"start":{"line":4,"column":2},"end":{"line":4,"column":71}},"loc":{"start":{"line":4,"column":2},"end":{"line":4,"column":71}},"line":4}},"f":{"0":5}}
,"C:\\Users\\edgre\\Documents\\threejs game\\src\\ecs\\components\\RenderComponent.ts": {"path":"C:\\Users\\edgre\\Documents\\threejs game\\src\\ecs\\components\\RenderComponent.ts","all":false,"statementMap":{"1":{"start":{"line":2,"column":0},"end":{"line":2,"column":41}},"3":{"start":{"line":4,"column":0},"end":{"line":4,"column":48}},"4":{"start":{"line":5,"column":0},"end":{"line":5,"column":51}},"5":{"start":{"line":6,"column":0},"end":{"line":6,"column":1}}},"s":{"1":1,"3":1,"4":1,"5":1},"branchMap":{"0":{"type":"branch","line":5,"loc":{"start":{"line":5,"column":2},"end":{"line":5,"column":51}},"locations":[{"start":{"line":5,"column":2},"end":{"line":5,"column":51}}]}},"b":{"0":[10]},"fnMap":{"0":{"name":"RenderComponent","decl":{"start":{"line":5,"column":2},"end":{"line":5,"column":51}},"loc":{"start":{"line":5,"column":2},"end":{"line":5,"column":51}},"line":5}},"f":{"0":10}}
,"C:\\Users\\edgre\\Documents\\threejs game\\src\\ecs\\components\\TransformComponent.ts": {"path":"C:\\Users\\edgre\\Documents\\threejs game\\src\\ecs\\components\\TransformComponent.ts","all":false,"statementMap":{"1":{"start":{"line":2,"column":0},"end":{"line":2,"column":41}},"3":{"start":{"line":4,"column":0},"end":{"line":4,"column":51}},"4":{"start":{"line":5,"column":0},"end":{"line":5,"column":14}},"5":{"start":{"line":6,"column":0},"end":{"line":6,"column":35}},"6":{"start":{"line":7,"column":0},"end":{"line":7,"column":40}},"7":{"start":{"line":8,"column":0},"end":{"line":8,"column":33}},"8":{"start":{"line":9,"column":0},"end":{"line":9,"column":16}},"9":{"start":{"line":10,"column":0},"end":{"line":10,"column":1}}},"s":{"1":1,"3":1,"4":1,"5":24,"6":24,"7":24,"8":24,"9":1},"branchMap":{"0":{"type":"branch","line":5,"loc":{"start":{"line":5,"column":2},"end":{"line":9,"column":16}},"locations":[{"start":{"line":5,"column":2},"end":{"line":9,"column":16}}]}},"b":{"0":[24]},"fnMap":{"0":{"name":"TransformComponent","decl":{"start":{"line":5,"column":2},"end":{"line":9,"column":16}},"loc":{"start":{"line":5,"column":2},"end":{"line":9,"column":16}},"line":5}},"f":{"0":24}}
,"C:\\Users\\edgre\\Documents\\threejs game\\src\\ecs\\systems\\AISystem.ts": {"path":"C:\\Users\\edgre\\Documents\\threejs game\\src\\ecs\\systems\\AISystem.ts","all":false,"statementMap":{"0":{"start":{"line":1,"column":0},"end":{"line":1,"column":35}},"2":{"start":{"line":3,"column":0},"end":{"line":3,"column":70}},"3":{"start":{"line":4,"column":0},"end":{"line":4,"column":70}},"4":{"start":{"line":5,"column":0},"end":{"line":5,"column":74}},"5":{"start":{"line":6,"column":0},"end":{"line":6,"column":31}},"7":{"start":{"line":8,"column":0},"end":{"line":8,"column":38}},"8":{"start":{"line":9,"column":0},"end":{"line":9,"column":67}},"9":{"start":{"line":10,"column":0},"end":{"line":10,"column":68}},"10":{"start":{"line":11,"column":0},"end":{"line":11,"column":3}},"12":{"start":{"line":13,"column":0},"end":{"line":13,"column":55}},"13":{"start":{"line":14,"column":0},"end":{"line":14,"column":56}},"14":{"start":{"line":15,"column":0},"end":{"line":15,"column":80}},"16":{"start":{"line":17,"column":0},"end":{"line":17,"column":75}},"18":{"start":{"line":19,"column":0},"end":{"line":19,"column":36}},"19":{"start":{"line":20,"column":0},"end":{"line":20,"column":95}},"20":{"start":{"line":21,"column":0},"end":{"line":21,"column":67}},"21":{"start":{"line":22,"column":0},"end":{"line":22,"column":67}},"23":{"start":{"line":24,"column":0},"end":{"line":24,"column":55}},"28":{"start":{"line":29,"column":0},"end":{"line":29,"column":89}},"29":{"start":{"line":30,"column":0},"end":{"line":30,"column":88}},"30":{"start":{"line":31,"column":0},"end":{"line":31,"column":62}},"33":{"start":{"line":34,"column":0},"end":{"line":34,"column":45}},"34":{"start":{"line":35,"column":0},"end":{"line":35,"column":85}},"35":{"start":{"line":36,"column":0},"end":{"line":36,"column":108}},"36":{"start":{"line":37,"column":0},"end":{"line":37,"column":80}},"38":{"start":{"line":39,"column":0},"end":{"line":39,"column":93}},"39":{"start":{"line":40,"column":0},"end":{"line":40,"column":95}},"41":{"start":{"line":42,"column":0},"end":{"line":42,"column":65}},"42":{"start":{"line":43,"column":0},"end":{"line":43,"column":79}},"43":{"start":{"line":44,"column":0},"end":{"line":44,"column":39}},"44":{"start":{"line":45,"column":0},"end":{"line":45,"column":9}},"47":{"start":{"line":48,"column":0},"end":{"line":48,"column":81}},"48":{"start":{"line":49,"column":0},"end":{"line":49,"column":79}},"49":{"start":{"line":50,"column":0},"end":{"line":50,"column":39}},"50":{"start":{"line":51,"column":0},"end":{"line":51,"column":109}},"51":{"start":{"line":52,"column":0},"end":{"line":52,"column":9}},"54":{"start":{"line":55,"column":0},"end":{"line":55,"column":83}},"55":{"start":{"line":56,"column":0},"end":{"line":56,"column":75}},"56":{"start":{"line":57,"column":0},"end":{"line":57,"column":39}},"57":{"start":{"line":58,"column":0},"end":{"line":58,"column":21}},"58":{"start":{"line":59,"column":0},"end":{"line":59,"column":10}},"59":{"start":{"line":60,"column":0},"end":{"line":60,"column":58}},"60":{"start":{"line":61,"column":0},"end":{"line":61,"column":74}},"64":{"start":{"line":65,"column":0},"end":{"line":65,"column":79}},"67":{"start":{"line":68,"column":0},"end":{"line":68,"column":7}},"68":{"start":{"line":69,"column":0},"end":{"line":69,"column":5}},"69":{"start":{"line":70,"column":0},"end":{"line":70,"column":3}},"70":{"start":{"line":71,"column":0},"end":{"line":71,"column":1}}},"s":{"0":1,"2":1,"3":1,"4":1,"5":1,"7":1,"8":1,"9":4,"10":4,"12":1,"13":4,"14":4,"16":4,"18":4,"19":8,"20":4,"21":4,"23":4,"28":4,"29":4,"30":4,"33":4,"34":4,"35":4,"36":4,"38":4,"39":4,"41":4,"42":4,"43":4,"44":4,"47":4,"48":4,"49":4,"50":0,"51":0,"54":4,"55":4,"56":4,"57":4,"58":4,"59":4,"60":4,"64":4,"67":4,"68":8,"69":4,"70":1},"branchMap":{"0":{"type":"branch","line":9,"loc":{"start":{"line":9,"column":10},"end":{"line":11,"column":3}},"locations":[{"start":{"line":9,"column":10},"end":{"line":11,"column":3}}]},"1":{"type":"branch","line":10,"loc":{"start":{"line":10,"column":25},"end":{"line":10,"column":66}},"locations":[{"start":{"line":10,"column":25},"end":{"line":10,"column":66}}]},"2":{"type":"branch","line":13,"loc":{"start":{"line":13,"column":2},"end":{"line":70,"column":3}},"locations":[{"start":{"line":13,"column":2},"end":{"line":70,"column":3}}]},"3":{"type":"branch","line":15,"loc":{"start":{"line":15,"column":73},"end":{"line":15,"column":80}},"locations":[{"start":{"line":15,"column":73},"end":{"line":15,"column":80}}]},"4":{"type":"branch","line":19,"loc":{"start":{"line":19,"column":35},"end":{"line":69,"column":5}},"locations":[{"start":{"line":19,"column":35},"end":{"line":69,"column":5}}]},"5":{"type":"branch","line":20,"loc":{"start":{"line":20,"column":94},"end":{"line":68,"column":7}},"locations":[{"start":{"line":20,"column":94},"end":{"line":68,"column":7}}]},"6":{"type":"branch","line":24,"loc":{"start":{"line":24,"column":46},"end":{"line":24,"column":55}},"locations":[{"start":{"line":24,"column":46},"end":{"line":24,"column":55}}]},"7":{"type":"branch","line":50,"loc":{"start":{"line":50,"column":38},"end":{"line":52,"column":9}},"locations":[{"start":{"line":50,"column":38},"end":{"line":52,"column":9}}]}},"b":{"0":[4],"1":[4],"2":[4],"3":[0],"4":[8],"5":[4],"6":[0],"7":[0]},"fnMap":{"0":{"name":"getPlayerEntity","decl":{"start":{"line":9,"column":10},"end":{"line":11,"column":3}},"loc":{"start":{"line":9,"column":10},"end":{"line":11,"column":3}},"line":9},"1":{"name":"update","decl":{"start":{"line":13,"column":2},"end":{"line":70,"column":3}},"loc":{"start":{"line":13,"column":2},"end":{"line":70,"column":3}},"line":13}},"f":{"0":4,"1":4}}
,"C:\\Users\\edgre\\Documents\\threejs game\\src\\ecs\\systems\\CollisionSystem.ts": {"path":"C:\\Users\\edgre\\Documents\\threejs game\\src\\ecs\\systems\\CollisionSystem.ts","all":false,"statementMap":{"0":{"start":{"line":1,"column":0},"end":{"line":1,"column":35}},"2":{"start":{"line":3,"column":0},"end":{"line":3,"column":70}},"3":{"start":{"line":4,"column":0},"end":{"line":4,"column":66}},"4":{"start":{"line":5,"column":0},"end":{"line":5,"column":38}},"10":{"start":{"line":11,"column":0},"end":{"line":11,"column":45}},"11":{"start":{"line":12,"column":0},"end":{"line":12,"column":34}},"12":{"start":{"line":13,"column":0},"end":{"line":13,"column":40}},"14":{"start":{"line":15,"column":0},"end":{"line":15,"column":73}},"15":{"start":{"line":16,"column":0},"end":{"line":16,"column":12}},"16":{"start":{"line":17,"column":0},"end":{"line":17,"column":3}},"18":{"start":{"line":19,"column":0},"end":{"line":19,"column":40}},"19":{"start":{"line":20,"column":0},"end":{"line":20,"column":26}},"20":{"start":{"line":21,"column":0},"end":{"line":21,"column":44}},"21":{"start":{"line":22,"column":0},"end":{"line":22,"column":13}},"22":{"start":{"line":23,"column":0},"end":{"line":23,"column":3}},"24":{"start":{"line":25,"column":0},"end":{"line":25,"column":55}},"25":{"start":{"line":26,"column":0},"end":{"line":26,"column":36}},"26":{"start":{"line":27,"column":0},"end":{"line":27,"column":93}},"27":{"start":{"line":28,"column":0},"end":{"line":28,"column":67}},"28":{"start":{"line":29,"column":0},"end":{"line":29,"column":63}},"29":{"start":{"line":30,"column":0},"end":{"line":30,"column":60}},"31":{"start":{"line":32,"column":0},"end":{"line":32,"column":54}},"32":{"start":{"line":33,"column":0},"end":{"line":33,"column":75}},"33":{"start":{"line":34,"column":0},"end":{"line":34,"column":52}},"34":{"start":{"line":35,"column":0},"end":{"line":35,"column":55}},"35":{"start":{"line":36,"column":0},"end":{"line":36,"column":67}},"36":{"start":{"line":37,"column":0},"end":{"line":37,"column":56}},"37":{"start":{"line":38,"column":0},"end":{"line":38,"column":9}},"38":{"start":{"line":39,"column":0},"end":{"line":39,"column":7}},"39":{"start":{"line":40,"column":0},"end":{"line":40,"column":5}},"40":{"start":{"line":41,"column":0},"end":{"line":41,"column":3}},"41":{"start":{"line":42,"column":0},"end":{"line":42,"column":1}}},"s":{"0":1,"2":1,"3":1,"4":1,"10":1,"11":1,"12":1,"14":1,"15":8,"16":8,"18":1,"19":6,"20":6,"21":6,"22":6,"24":1,"25":7,"26":11,"27":11,"28":11,"29":11,"31":11,"32":11,"33":3,"34":3,"35":3,"36":3,"37":3,"38":11,"39":11,"40":7,"41":1},"branchMap":{"0":{"type":"branch","line":15,"loc":{"start":{"line":15,"column":2},"end":{"line":17,"column":3}},"locations":[{"start":{"line":15,"column":2},"end":{"line":17,"column":3}}]},"1":{"type":"branch","line":19,"loc":{"start":{"line":19,"column":9},"end":{"line":23,"column":3}},"locations":[{"start":{"line":19,"column":9},"end":{"line":23,"column":3}}]},"2":{"type":"branch","line":25,"loc":{"start":{"line":25,"column":2},"end":{"line":41,"column":3}},"locations":[{"start":{"line":25,"column":2},"end":{"line":41,"column":3}}]},"3":{"type":"branch","line":26,"loc":{"start":{"line":26,"column":35},"end":{"line":40,"column":5}},"locations":[{"start":{"line":26,"column":35},"end":{"line":40,"column":5}}]},"4":{"type":"branch","line":33,"loc":{"start":{"line":33,"column":29},"end":{"line":33,"column":74}},"locations":[{"start":{"line":33,"column":29},"end":{"line":33,"column":74}}]},"5":{"type":"branch","line":33,"loc":{"start":{"line":33,"column":74},"end":{"line":38,"column":9}},"locations":[{"start":{"line":33,"column":74},"end":{"line":38,"column":9}}]}},"b":{"0":[8],"1":[6],"2":[7],"3":[11],"4":[9],"5":[3]},"fnMap":{"0":{"name":"CollisionSystem","decl":{"start":{"line":15,"column":2},"end":{"line":17,"column":3}},"loc":{"start":{"line":15,"column":2},"end":{"line":17,"column":3}},"line":15},"1":{"name":"getEvents","decl":{"start":{"line":19,"column":9},"end":{"line":23,"column":3}},"loc":{"start":{"line":19,"column":9},"end":{"line":23,"column":3}},"line":19},"2":{"name":"update","decl":{"start":{"line":25,"column":2},"end":{"line":41,"column":3}},"loc":{"start":{"line":25,"column":2},"end":{"line":41,"column":3}},"line":25}},"f":{"0":8,"1":6,"2":7}}
,"C:\\Users\\edgre\\Documents\\threejs game\\src\\ecs\\systems\\InputSystem.ts": {"path":"C:\\Users\\edgre\\Documents\\threejs game\\src\\ecs\\systems\\InputSystem.ts","all":false,"statementMap":{"0":{"start":{"line":1,"column":0},"end":{"line":1,"column":35}},"2":{"start":{"line":3,"column":0},"end":{"line":3,"column":74}},"3":{"start":{"line":4,"column":0},"end":{"line":4,"column":66}},"5":{"start":{"line":6,"column":0},"end":{"line":6,"column":41}},"6":{"start":{"line":7,"column":0},"end":{"line":7,"column":55}},"7":{"start":{"line":8,"column":0},"end":{"line":8,"column":36}},"8":{"start":{"line":9,"column":0},"end":{"line":9,"column":95}},"9":{"start":{"line":10,"column":0},"end":{"line":10,"column":65}},"10":{"start":{"line":11,"column":0},"end":{"line":11,"column":63}},"13":{"start":{"line":14,"column":0},"end":{"line":14,"column":91}},"14":{"start":{"line":15,"column":0},"end":{"line":15,"column":88}},"17":{"start":{"line":18,"column":0},"end":{"line":18,"column":44}},"18":{"start":{"line":19,"column":0},"end":{"line":19,"column":39}},"21":{"start":{"line":22,"column":0},"end":{"line":22,"column":105}},"22":{"start":{"line":23,"column":0},"end":{"line":23,"column":7}},"23":{"start":{"line":24,"column":0},"end":{"line":24,"column":5}},"24":{"start":{"line":25,"column":0},"end":{"line":25,"column":3}},"25":{"start":{"line":26,"column":0},"end":{"line":26,"column":1}}},"s":{"0":1,"2":1,"3":1,"5":1,"6":1,"7":4,"8":8,"9":4,"10":4,"13":4,"14":4,"17":4,"18":4,"21":4,"22":4,"23":8,"24":4,"25":1},"branchMap":{"0":{"type":"branch","line":7,"loc":{"start":{"line":7,"column":2},"end":{"line":25,"column":3}},"locations":[{"start":{"line":7,"column":2},"end":{"line":25,"column":3}}]},"1":{"type":"branch","line":8,"loc":{"start":{"line":8,"column":35},"end":{"line":24,"column":5}},"locations":[{"start":{"line":8,"column":35},"end":{"line":24,"column":5}}]},"2":{"type":"branch","line":9,"loc":{"start":{"line":9,"column":50},"end":{"line":9,"column":94}},"locations":[{"start":{"line":9,"column":50},"end":{"line":9,"column":94}}]},"3":{"type":"branch","line":9,"loc":{"start":{"line":9,"column":94},"end":{"line":23,"column":7}},"locations":[{"start":{"line":9,"column":94},"end":{"line":23,"column":7}}]},"4":{"type":"branch","line":14,"loc":{"start":{"line":14,"column":48},"end":{"line":14,"column":56}},"locations":[{"start":{"line":14,"column":48},"end":{"line":14,"column":56}}]},"5":{"type":"branch","line":14,"loc":{"start":{"line":14,"column":52},"end":{"line":14,"column":62}},"locations":[{"start":{"line":14,"column":52},"end":{"line":14,"column":62}}]},"6":{"type":"branch","line":14,"loc":{"start":{"line":14,"column":80},"end":{"line":14,"column":88}},"locations":[{"start":{"line":14,"column":80},"end":{"line":14,"column":88}}]},"7":{"type":"branch","line":15,"loc":{"start":{"line":15,"column":45},"end":{"line":15,"column":53}},"locations":[{"start":{"line":15,"column":45},"end":{"line":15,"column":53}}]},"8":{"type":"branch","line":15,"loc":{"start":{"line":15,"column":77},"end":{"line":15,"column":85}},"locations":[{"start":{"line":15,"column":77},"end":{"line":15,"column":85}}]},"9":{"type":"branch","line":22,"loc":{"start":{"line":22,"column":51},"end":{"line":22,"column":75}},"locations":[{"start":{"line":22,"column":51},"end":{"line":22,"column":75}}]},"10":{"type":"branch","line":22,"loc":{"start":{"line":22,"column":70},"end":{"line":22,"column":105}},"locations":[{"start":{"line":22,"column":70},"end":{"line":22,"column":105}}]}},"b":{"0":[4],"1":[8],"2":[4],"3":[4],"4":[2],"5":[2],"6":[0],"7":[0],"8":[0],"9":[0],"10":[0]},"fnMap":{"0":{"name":"update","decl":{"start":{"line":7,"column":2},"end":{"line":25,"column":3}},"loc":{"start":{"line":7,"column":2},"end":{"line":25,"column":3}},"line":7}},"f":{"0":4}}
,"C:\\Users\\edgre\\Documents\\threejs game\\src\\ecs\\systems\\LapSystem.ts": {"path":"C:\\Users\\edgre\\Documents\\threejs game\\src\\ecs\\systems\\LapSystem.ts","all":false,"statementMap":{"0":{"start":{"line":1,"column":0},"end":{"line":1,"column":35}},"2":{"start":{"line":3,"column":0},"end":{"line":3,"column":70}},"3":{"start":{"line":4,"column":0},"end":{"line":4,"column":72}},"4":{"start":{"line":5,"column":0},"end":{"line":5,"column":38}},"6":{"start":{"line":7,"column":0},"end":{"line":7,"column":49}},"14":{"start":{"line":15,"column":0},"end":{"line":15,"column":39}},"16":{"start":{"line":17,"column":0},"end":{"line":17,"column":42}},"18":{"start":{"line":19,"column":0},"end":{"line":19,"column":58}},"19":{"start":{"line":20,"column":0},"end":{"line":20,"column":56}},"20":{"start":{"line":21,"column":0},"end":{"line":21,"column":56}},"21":{"start":{"line":22,"column":0},"end":{"line":22,"column":56}},"22":{"start":{"line":23,"column":0},"end":{"line":23,"column":56}},"23":{"start":{"line":24,"column":0},"end":{"line":24,"column":17}},"24":{"start":{"line":25,"column":0},"end":{"line":25,"column":5}},"26":{"start":{"line":27,"column":0},"end":{"line":27,"column":42}},"27":{"start":{"line":28,"column":0},"end":{"line":28,"column":30}},"28":{"start":{"line":29,"column":0},"end":{"line":29,"column":48}},"29":{"start":{"line":30,"column":0},"end":{"line":30,"column":17}},"30":{"start":{"line":31,"column":0},"end":{"line":31,"column":5}},"32":{"start":{"line":33,"column":0},"end":{"line":33,"column":64}},"33":{"start":{"line":34,"column":0},"end":{"line":34,"column":40}},"34":{"start":{"line":35,"column":0},"end":{"line":35,"column":102}},"35":{"start":{"line":36,"column":0},"end":{"line":36,"column":75}},"36":{"start":{"line":37,"column":0},"end":{"line":37,"column":77}},"37":{"start":{"line":38,"column":0},"end":{"line":38,"column":61}},"39":{"start":{"line":40,"column":0},"end":{"line":40,"column":77}},"41":{"start":{"line":42,"column":0},"end":{"line":42,"column":55}},"42":{"start":{"line":43,"column":0},"end":{"line":43,"column":81}},"43":{"start":{"line":44,"column":0},"end":{"line":44,"column":82}},"45":{"start":{"line":46,"column":0},"end":{"line":46,"column":37}},"46":{"start":{"line":47,"column":0},"end":{"line":47,"column":57}},"47":{"start":{"line":48,"column":0},"end":{"line":48,"column":98}},"48":{"start":{"line":49,"column":0},"end":{"line":49,"column":68}},"49":{"start":{"line":50,"column":0},"end":{"line":50,"column":62}},"50":{"start":{"line":51,"column":0},"end":{"line":51,"column":25}},"51":{"start":{"line":52,"column":0},"end":{"line":52,"column":43}},"52":{"start":{"line":53,"column":0},"end":{"line":53,"column":59}},"53":{"start":{"line":54,"column":0},"end":{"line":54,"column":21}},"55":{"start":{"line":56,"column":0},"end":{"line":56,"column":93}},"56":{"start":{"line":57,"column":0},"end":{"line":57,"column":55}},"57":{"start":{"line":58,"column":0},"end":{"line":58,"column":70}},"58":{"start":{"line":59,"column":0},"end":{"line":59,"column":111}},"59":{"start":{"line":60,"column":0},"end":{"line":60,"column":42}},"60":{"start":{"line":61,"column":0},"end":{"line":61,"column":29}},"62":{"start":{"line":63,"column":0},"end":{"line":63,"column":45}},"63":{"start":{"line":64,"column":0},"end":{"line":64,"column":72}},"64":{"start":{"line":65,"column":0},"end":{"line":65,"column":61}},"66":{"start":{"line":67,"column":0},"end":{"line":67,"column":70}},"67":{"start":{"line":68,"column":0},"end":{"line":68,"column":72}},"68":{"start":{"line":69,"column":0},"end":{"line":69,"column":29}},"69":{"start":{"line":70,"column":0},"end":{"line":70,"column":25}},"70":{"start":{"line":71,"column":0},"end":{"line":71,"column":77}},"71":{"start":{"line":72,"column":0},"end":{"line":72,"column":56}},"72":{"start":{"line":73,"column":0},"end":{"line":73,"column":21}},"73":{"start":{"line":74,"column":0},"end":{"line":74,"column":62}},"74":{"start":{"line":75,"column":0},"end":{"line":75,"column":17}},"75":{"start":{"line":76,"column":0},"end":{"line":76,"column":13}},"76":{"start":{"line":77,"column":0},"end":{"line":77,"column":9}},"77":{"start":{"line":78,"column":0},"end":{"line":78,"column":5}},"78":{"start":{"line":79,"column":0},"end":{"line":79,"column":1}}},"s":{"0":1,"2":1,"3":1,"4":1,"6":1,"14":1,"16":10,"18":1,"19":9,"20":9,"21":9,"22":9,"23":0,"24":9,"26":1,"27":8,"28":8,"29":8,"30":8,"32":1,"33":9,"34":13,"35":9,"36":9,"37":9,"39":9,"41":9,"42":7,"43":7,"45":7,"46":2,"47":2,"48":2,"49":2,"50":2,"51":7,"52":5,"53":5,"55":7,"56":4,"57":2,"58":1,"59":1,"60":1,"62":1,"63":1,"64":1,"66":1,"67":0,"68":0,"69":2,"70":7,"71":0,"72":0,"73":6,"74":6,"75":9,"76":13,"77":9,"78":1},"branchMap":{"0":{"type":"branch","line":15,"loc":{"start":{"line":15,"column":7},"end":{"line":17,"column":42}},"locations":[{"start":{"line":15,"column":7},"end":{"line":17,"column":42}}]},"1":{"type":"branch","line":19,"loc":{"start":{"line":19,"column":12},"end":{"line":25,"column":5}},"locations":[{"start":{"line":19,"column":12},"end":{"line":25,"column":5}}]},"2":{"type":"branch","line":20,"loc":{"start":{"line":20,"column":26},"end":{"line":20,"column":47}},"locations":[{"start":{"line":20,"column":26},"end":{"line":20,"column":47}}]},"3":{"type":"branch","line":20,"loc":{"start":{"line":20,"column":47},"end":{"line":20,"column":56}},"locations":[{"start":{"line":20,"column":47},"end":{"line":20,"column":56}}]},"4":{"type":"branch","line":20,"loc":{"start":{"line":20,"column":54},"end":{"line":21,"column":47}},"locations":[{"start":{"line":20,"column":54},"end":{"line":21,"column":47}}]},"5":{"type":"branch","line":20,"loc":{"start":{"line":20,"column":54},"end":{"line":21,"column":30}},"locations":[{"start":{"line":20,"column":54},"end":{"line":21,"column":30}}]},"6":{"type":"branch","line":21,"loc":{"start":{"line":21,"column":25},"end":{"line":21,"column":47}},"locations":[{"start":{"line":21,"column":25},"end":{"line":21,"column":47}}]},"7":{"type":"branch","line":21,"loc":{"start":{"line":21,"column":47},"end":{"line":21,"column":56}},"locations":[{"start":{"line":21,"column":47},"end":{"line":21,"column":56}}]},"8":{"type":"branch","line":21,"loc":{"start":{"line":21,"column":54},"end":{"line":22,"column":47}},"locations":[{"start":{"line":21,"column":54},"end":{"line":22,"column":47}}]},"9":{"type":"branch","line":21,"loc":{"start":{"line":21,"column":54},"end":{"line":22,"column":31}},"locations":[{"start":{"line":21,"column":54},"end":{"line":22,"column":31}}]},"10":{"type":"branch","line":22,"loc":{"start":{"line":22,"column":26},"end":{"line":22,"column":47}},"locations":[{"start":{"line":22,"column":26},"end":{"line":22,"column":47}}]},"11":{"type":"branch","line":22,"loc":{"start":{"line":22,"column":47},"end":{"line":23,"column":47}},"locations":[{"start":{"line":22,"column":47},"end":{"line":23,"column":47}}]},"12":{"type":"branch","line":22,"loc":{"start":{"line":22,"column":47},"end":{"line":22,"column":56}},"locations":[{"start":{"line":22,"column":47},"end":{"line":22,"column":56}}]},"13":{"type":"branch","line":22,"loc":{"start":{"line":22,"column":54},"end":{"line":23,"column":47}},"locations":[{"start":{"line":22,"column":54},"end":{"line":23,"column":47}}]},"14":{"type":"branch","line":23,"loc":{"start":{"line":23,"column":47},"end":{"line":24,"column":17}},"locations":[{"start":{"line":23,"column":47},"end":{"line":24,"column":17}}]},"15":{"type":"branch","line":23,"loc":{"start":{"line":23,"column":47},"end":{"line":23,"column":56}},"locations":[{"start":{"line":23,"column":47},"end":{"line":23,"column":56}}]},"16":{"type":"branch","line":23,"loc":{"start":{"line":23,"column":54},"end":{"line":24,"column":17}},"locations":[{"start":{"line":23,"column":54},"end":{"line":24,"column":17}}]},"17":{"type":"branch","line":27,"loc":{"start":{"line":27,"column":11},"end":{"line":31,"column":5}},"locations":[{"start":{"line":27,"column":11},"end":{"line":31,"column":5}}]},"18":{"type":"branch","line":33,"loc":{"start":{"line":33,"column":11},"end":{"line":78,"column":5}},"locations":[{"start":{"line":33,"column":11},"end":{"line":78,"column":5}}]},"19":{"type":"branch","line":34,"loc":{"start":{"line":34,"column":39},"end":{"line":77,"column":9}},"locations":[{"start":{"line":34,"column":39},"end":{"line":77,"column":9}}]},"20":{"type":"branch","line":35,"loc":{"start":{"line":35,"column":101},"end":{"line":76,"column":13}},"locations":[{"start":{"line":35,"column":101},"end":{"line":76,"column":13}}]},"21":{"type":"branch","line":42,"loc":{"start":{"line":42,"column":54},"end":{"line":75,"column":17}},"locations":[{"start":{"line":42,"column":54},"end":{"line":75,"column":17}}]},"22":{"type":"branch","line":46,"loc":{"start":{"line":46,"column":36},"end":{"line":52,"column":31}},"locations":[{"start":{"line":46,"column":36},"end":{"line":52,"column":31}}]},"23":{"type":"branch","line":52,"loc":{"start":{"line":52,"column":20},"end":{"line":54,"column":21}},"locations":[{"start":{"line":52,"column":20},"end":{"line":54,"column":21}}]},"24":{"type":"branch","line":56,"loc":{"start":{"line":56,"column":44},"end":{"line":56,"column":69}},"locations":[{"start":{"line":56,"column":44},"end":{"line":56,"column":69}}]},"25":{"type":"branch","line":56,"loc":{"start":{"line":56,"column":69},"end":{"line":71,"column":31}},"locations":[{"start":{"line":56,"column":69},"end":{"line":71,"column":31}}]},"26":{"type":"branch","line":57,"loc":{"start":{"line":57,"column":54},"end":{"line":70,"column":25}},"locations":[{"start":{"line":57,"column":54},"end":{"line":70,"column":25}}]},"27":{"type":"branch","line":58,"loc":{"start":{"line":58,"column":69},"end":{"line":69,"column":29}},"locations":[{"start":{"line":58,"column":69},"end":{"line":69,"column":29}}]},"28":{"type":"branch","line":67,"loc":{"start":{"line":67,"column":69},"end":{"line":69,"column":29}},"locations":[{"start":{"line":67,"column":69},"end":{"line":69,"column":29}}]},"29":{"type":"branch","line":71,"loc":{"start":{"line":71,"column":20},"end":{"line":73,"column":21}},"locations":[{"start":{"line":71,"column":20},"end":{"line":73,"column":21}}]},"30":{"type":"branch","line":71,"loc":{"start":{"line":71,"column":51},"end":{"line":71,"column":76}},"locations":[{"start":{"line":71,"column":51},"end":{"line":71,"column":76}}]},"31":{"type":"branch","line":71,"loc":{"start":{"line":71,"column":76},"end":{"line":73,"column":21}},"locations":[{"start":{"line":71,"column":76},"end":{"line":73,"column":21}}]},"32":{"type":"branch","line":73,"loc":{"start":{"line":73,"column":20},"end":{"line":75,"column":17}},"locations":[{"start":{"line":73,"column":20},"end":{"line":75,"column":17}}]}},"b":{"0":[10],"1":[9],"2":[6],"3":[5],"4":[7],"5":[4],"6":[3],"7":[3],"8":[4],"9":[1],"10":[0],"11":[4],"12":[0],"13":[1],"14":[4],"15":[1],"16":[0],"17":[8],"18":[9],"19":[13],"20":[9],"21":[7],"22":[2],"23":[5],"24":[4],"25":[4],"26":[2],"27":[1],"28":[0],"29":[3],"30":[0],"31":[0],"32":[6]},"fnMap":{"0":{"name":"LapSystem","decl":{"start":{"line":15,"column":7},"end":{"line":17,"column":42}},"loc":{"start":{"line":15,"column":7},"end":{"line":17,"column":42}},"line":15},"1":{"name":"getQuadrant","decl":{"start":{"line":19,"column":12},"end":{"line":25,"column":5}},"loc":{"start":{"line":19,"column":12},"end":{"line":25,"column":5}},"line":19},"2":{"name":"getEvents","decl":{"start":{"line":27,"column":11},"end":{"line":31,"column":5}},"loc":{"start":{"line":27,"column":11},"end":{"line":31,"column":5}},"line":27},"3":{"name":"update","decl":{"start":{"line":33,"column":11},"end":{"line":78,"column":5}},"loc":{"start":{"line":33,"column":11},"end":{"line":78,"column":5}},"line":33}},"f":{"0":10,"1":9,"2":8,"3":9}}
[...]
,"C:\\Users\\edgre\\Documents\\threejs game\\src\\game\\SoundManager.ts": {"path":"C:\\Users\\edgre\\Documents\\threejs game\\src\\game\\SoundManager.ts","all":false,"statementMap":{"0":{"start":{"line":1,"column":0},"end":{"line":1,"column":31}},"2":{"start":{"line":3,"column":0},"end":{"line":3,"column":20}},"3":{"start":{"line":4,"column":0},"end":{"line":4,"column":55}},"6":{"start":{"line":7,"column":0},"end":{"line":7,"column":37}},"7":{"start":{"line":8,"column":0},"end":{"line":8,"column":46}},"8":{"start":{"line":9,"column":0},"end":{"line":9,"column":30}},"9":{"start":{"line":10,"column":0},"end":{"line":10,"column":3}},"11":{"start":{"line":12,"column":0},"end":{"line":12,"column":68}},"12":{"start":{"line":13,"column":0},"end":{"line":13,"column":51}},"13":{"start":{"line":14,"column":0},"end":{"line":14,"column":51}},"14":{"start":{"line":15,"column":0},"end":{"line":15,"column":50}},"15":{"start":{"line":16,"column":0},"end":{"line":16,"column":23}},"16":{"start":{"line":17,"column":0},"end":{"line":17,"column":13}},"17":{"start":{"line":18,"column":0},"end":{"line":18,"column":21}},"18":{"start":{"line":19,"column":0},"end":{"line":19,"column":34}},"19":{"start":{"line":20,"column":0},"end":{"line":20,"column":30}},"20":{"start":{"line":21,"column":0},"end":{"line":21,"column":31}},"21":{"start":{"line":22,"column":0},"end":{"line":22,"column":39}},"22":{"start":{"line":23,"column":0},"end":{"line":23,"column":20}},"23":{"start":{"line":24,"column":0},"end":{"line":24,"column":10}},"24":{"start":{"line":25,"column":0},"end":{"line":25,"column":41}},"25":{"start":{"line":26,"column":0},"end":{"line":26,"column":20}},"26":{"start":{"line":27,"column":0},"end":{"line":27,"column":63}},"27":{"start":{"line":28,"column":0},"end":{"line":28,"column":24}},"28":{"start":{"line":29,"column":0},"end":{"line":29,"column":9}},"29":{"start":{"line":30,"column":0},"end":{"line":30,"column":8}},"30":{"start":{"line":31,"column":0},"end":{"line":31,"column":7}},"31":{"start":{"line":32,"column":0},"end":{"line":32,"column":3}},"33":{"start":{"line":34,"column":0},"end":{"line":34,"column":34}},"34":{"start":{"line":35,"column":0},"end":{"line":35,"column":40}},"35":{"start":{"line":36,"column":0},"end":{"line":36,"column":36}},"36":{"start":{"line":37,"column":0},"end":{"line":37,"column":19}},"37":{"start":{"line":38,"column":0},"end":{"line":38,"column":5}},"38":{"start":{"line":39,"column":0},"end":{"line":39,"column":3}},"40":{"start":{"line":41,"column":0},"end":{"line":41,"column":34}},"41":{"start":{"line":42,"column":0},"end":{"line":42,"column":40}},"42":{"start":{"line":43,"column":0},"end":{"line":43,"column":35}},"43":{"start":{"line":44,"column":0},"end":{"line":44,"column":19}},"44":{"start":{"line":45,"column":0},"end":{"line":45,"column":5}},"45":{"start":{"line":46,"column":0},"end":{"line":46,"column":3}},"47":{"start":{"line":48,"column":0},"end":{"line":48,"column":50}},"48":{"start":{"line":49,"column":0},"end":{"line":49,"column":40}},"49":{"start":{"line":50,"column":0},"end":{"line":50,"column":16}},"50":{"start":{"line":51,"column":0},"end":{"line":51,"column":30}},"51":{"start":{"line":52,"column":0},"end":{"line":52,"column":5}},"52":{"start":{"line":53,"column":0},"end":{"line":53,"column":3}},"53":{"start":{"line":54,"column":0},"end":{"line":54,"column":1}},"55":{"start":{"line":56,"column":0},"end":{"line":56,"column":28}}},"s":{"0":1,"2":1,"3":1,"6":1,"7":6,"8":6,"9":6,"11":1,"12":4,"13":4,"14":4,"15":4,"16":4,"17":4,"18":4,"19":4,"20":4,"21":4,"22":4,"23":4,"24":4,"25":4,"26":0,"27":0,"28":0,"29":4,"30":4,"31":4,"33":1,"34":3,"35":3,"36":1,"37":1,"38":3,"40":1,"41":1,"42":1,"43":1,"44":1,"45":1,"47":1,"48":0,"49":0,"50":0,"51":0,"52":0,"53":1,"55":1},"branchMap":{"0":{"type":"branch","line":7,"loc":{"start":{"line":7,"column":2},"end":{"line":10,"column":3}},"locations":[{"start":{"line":7,"column":2},"end":{"line":10,"column":3}}]},"1":{"type":"branch","line":12,"loc":{"start":{"line":12,"column":2},"end":{"line":32,"column":3}},"locations":[{"start":{"line":12,"column":2},"end":{"line":32,"column":3}}]},"2":{"type":"branch","line":13,"loc":{"start":{"line":13,"column":29},"end":{"line":31,"column":5}},"locations":[{"start":{"line":13,"column":29},"end":{"line":31,"column":5}}]},"3":{"type":"branch","line":18,"loc":{"start":{"line":18,"column":8},"end":{"line":24,"column":10}},"locations":[{"start":{"line":18,"column":8},"end":{"line":24,"column":10}}]},"4":{"type":"branch","line":34,"loc":{"start":{"line":34,"column":9},"end":{"line":39,"column":3}},"locations":[{"start":{"line":34,"column":9},"end":{"line":39,"column":3}}]},"5":{"type":"branch","line":36,"loc":{"start":{"line":36,"column":8},"end":{"line":36,"column":35}},"locations":[{"start":{"line":36,"column":8},"end":{"line":36,"column":35}}]},"6":{"type":"branch","line":36,"loc":{"start":{"line":36,"column":35},"end":{"line":38,"column":5}},"locations":[{"start":{"line":36,"column":35},"end":{"line":38,"column":5}}]},"7":{"type":"branch","line":41,"loc":{"start":{"line":41,"column":9},"end":{"line":46,"column":3}},"locations":[{"start":{"line":41,"column":9},"end":{"line":46,"column":3}}]}},"b":{"0":[6],"1":[4],"2":[4],"3":[4],"4":[3],"5":[2],"6":[1],"7":[1]},"fnMap":{"0":{"name":"SoundManager","decl":{"start":{"line":7,"column":2},"end":{"line":10,"column":3}},"loc":{"start":{"line":7,"column":2},"end":{"line":10,"column":3}},"line":7},"1":{"name":"loadSound","decl":{"start":{"line":12,"column":2},"end":{"line":32,"column":3}},"loc":{"start":{"line":12,"column":2},"end":{"line":32,"column":3}},"line":12},"2":{"name":"playSound","decl":{"start":{"line":34,"column":9},"end":{"line":39,"column":3}},"loc":{"start":{"line":34,"column":9},"end":{"line":39,"column":3}},"line":34},"3":{"name":"stopSound","decl":{"start":{"line":41,"column":9},"end":{"line":46,"column":3}},"loc":{"start":{"line":41,"column":9},"end":{"line":46,"column":3}},"line":41},"4":{"name":"setVolume","decl":{"start":{"line":48,"column":9},"end":{"line":53,"column":3}},"loc":{"start":{"line":48,"column":9},"end":{"line":53,"column":3}},"line":48}},"f":{"0":6,"1":4,"2":3,"3":1,"4":0}}
,"C:\\Users\\edgre\\Documents\\threejs game\\src\\game\\Track.ts": {"path":"C:\\Users\\edgre\\Documents\\threejs game\\src\\game\\Track.ts","all":false,"statementMap":{"0":{"start":{"line":1,"column":0},"end":{"line":1,"column":31}},"1":{"start":{"line":2,"column":0},"end":{"line":2,"column":35}},"3":{"start":{"line":4,"column":0},"end":{"line":4,"column":49}},"4":{"start":{"line":5,"column":0},"end":{"line":5,"column":85}},"5":{"start":{"line":6,"column":0},"end":{"line":6,"column":43}},"6":{"start":{"line":7,"column":0},"end":{"line":7,"column":43}},"9":{"start":{"line":10,"column":0},"end":{"line":10,"column":61}},"10":{"start":{"line":11,"column":0},"end":{"line":11,"column":100}},"11":{"start":{"line":12,"column":0},"end":{"line":12,"column":66}},"12":{"start":{"line":13,"column":0},"end":{"line":13,"column":37}},"13":{"start":{"line":14,"column":0},"end":{"line":14,"column":32}},"14":{"start":{"line":15,"column":0},"end":{"line":15,"column":22}},"17":{"start":{"line":18,"column":0},"end":{"line":18,"column":79}},"18":{"start":{"line":19,"column":0},"end":{"line":19,"column":98}},"19":{"start":{"line":20,"column":0},"end":{"line":20,"column":60}},"20":{"start":{"line":21,"column":0},"end":{"line":21,"column":35}},"21":{"start":{"line":22,"column":0},"end":{"line":22,"column":27}},"22":{"start":{"line":23,"column":0},"end":{"line":23,"column":30}},"23":{"start":{"line":24,"column":0},"end":{"line":24,"column":20}},"26":{"start":{"line":27,"column":0},"end":{"line":27,"column":74}},"28":{"start":{"line":29,"column":0},"end":{"line":29,"column":48}},"29":{"start":{"line":30,"column":0},"end":{"line":30,"column":99}},"30":{"start":{"line":31,"column":0},"end":{"line":31,"column":64}},"31":{"start":{"line":32,"column":0},"end":{"line":32,"column":38}},"32":{"start":{"line":33,"column":0},"end":{"line":33,"column":31}},"33":{"start":{"line":34,"column":0},"end":{"line":34,"column":34}},"34":{"start":{"line":35,"column":0},"end":{"line":35,"column":24}},"35":{"start":{"line":36,"column":0},"end":{"line":36,"column":20}},"36":{"start":{"line":37,"column":0},"end":{"line":37,"column":6}},"38":{"start":{"line":39,"column":0},"end":{"line":39,"column":46}},"39":{"start":{"line":40,"column":0},"end":{"line":40,"column":46}},"42":{"start":{"line":43,"column":0},"end":{"line":43,"column":38}},"43":{"start":{"line":44,"column":0},"end":{"line":44,"column":40}},"44":{"start":{"line":45,"column":0},"end":{"line":45,"column":168}},"45":{"start":{"line":46,"column":0},"end":{"line":46,"column":6}},"46":{"start":{"line":47,"column":0},"end":{"line":47,"column":45}},"47":{"start":{"line":48,"column":0},"end":{"line":48,"column":58}},"48":{"start":{"line":49,"column":0},"end":{"line":49,"column":26}},"50":{"start":{"line":51,"column":0},"end":{"line":51,"column":88}},"51":{"start":{"line":52,"column":0},"end":{"line":52,"column":1}}},"s":{"0":1,"1":1,"3":1,"4":6,"5":6,"6":6,"9":6,"10":6,"11":6,"12":6,"13":6,"14":6,"17":6,"18":6,"19":6,"20":6,"21":6,"22":6,"23":6,"26":6,"28":6,"29":12,"30":12,"31":12,"32":12,"33":12,"34":12,"35":12,"36":12,"38":6,"39":6,"42":6,"43":6,"44":6,"45":6,"46":6,"47":6,"48":6,"50":6,"51":6},"branchMap":{"0":{"type":"branch","line":4,"loc":{"start":{"line":4,"column":7},"end":{"line":52,"column":1}},"locations":[{"start":{"line":4,"column":7},"end":{"line":52,"column":1}}]},"1":{"type":"branch","line":29,"loc":{"start":{"line":29,"column":23},"end":{"line":37,"column":6}},"locations":[{"start":{"line":29,"column":23},"end":{"line":37,"column":6}}]}},"b":{"0":[6],"1":[12]},"fnMap":{"0":{"name":"createTrack","decl":{"start":{"line":4,"column":7},"end":{"line":52,"column":1}},"loc":{"start":{"line":4,"column":7},"end":{"line":52,"column":1}},"line":4},"1":{"name":"createWall","decl":{"start":{"line":29,"column":23},"end":{"line":37,"column":6}},"loc":{"start":{"line":29,"column":23},"end":{"line":37,"column":6}},"line":29}},"f":{"0":6,"1":12}}
,"C:\\Users\\edgre\\Documents\\threejs game\\src\\ui\\GameUI.ts": {"path":"C:\\Users\\edgre\\Documents\\threejs game\\src\\ui\\GameUI.ts","all":false,"statementMap":{"0":{"start":{"line":1,"column":0},"end":{"line":1,"column":67}},"1":{"start":{"line":2,"column":0},"end":{"line":2,"column":71}},"3":{"start":{"line":4,"column":0},"end":{"line":4,"column":32}},"4":{"start":{"line":5,"column":0},"end":{"line":5,"column":73}},"5":{"start":{"line":6,"column":0},"end":{"line":6,"column":71}},"6":{"start":{"line":7,"column":0},"end":{"line":7,"column":77}},"7":{"start":{"line":8,"column":0},"end":{"line":8,"column":55}},"8":{"start":{"line":9,"column":0},"end":{"line":9,"column":41}},"9":{"start":{"line":10,"column":0},"end":{"line":10,"column":37}},"10":{"start":{"line":11,"column":0},"end":{"line":11,"column":42}},"11":{"start":{"line":12,"column":0},"end":{"line":12,"column":37}},"12":{"start":{"line":13,"column":0},"end":{"line":13,"column":1}},"14":{"start":{"line":15,"column":0},"end":{"line":15,"column":31}},"15":{"start":{"line":16,"column":0},"end":{"line":16,"column":73}},"16":{"start":{"line":17,"column":0},"end":{"line":17,"column":71}},"17":{"start":{"line":18,"column":0},"end":{"line":18,"column":77}},"18":{"start":{"line":19,"column":0},"end":{"line":19,"column":55}},"19":{"start":{"line":20,"column":0},"end":{"line":20,"column":38}},"20":{"start":{"line":21,"column":0},"end":{"line":21,"column":40}},"21":{"start":{"line":22,"column":0},"end":{"line":22,"column":42}},"22":{"start":{"line":23,"column":0},"end":{"line":23,"column":40}},"23":{"start":{"line":24,"column":0},"end":{"line":24,"column":1}},"25":{"start":{"line":26,"column":0},"end":{"line":26,"column":72}},"26":{"start":{"line":27,"column":0},"end":{"line":27,"column":73}},"27":{"start":{"line":28,"column":0},"end":{"line":28,"column":71}},"28":{"start":{"line":29,"column":0},"end":{"line":29,"column":77}},"29":{"start":{"line":30,"column":0},"end":{"line":30,"column":55}},"30":{"start":{"line":31,"column":0},"end":{"line":31,"column":38}},"31":{"start":{"line":32,"column":0},"end":{"line":32,"column":37}},"32":{"start":{"line":33,"column":0},"end":{"line":33,"column":45}},"33":{"start":{"line":34,"column":0},"end":{"line":34,"column":37}},"35":{"start":{"line":36,"column":0},"end":{"line":36,"column":67}},"36":{"start":{"line":37,"column":0},"end":{"line":37,"column":67}},"38":{"start":{"line":39,"column":0},"end":{"line":39,"column":93}},"39":{"start":{"line":40,"column":0},"end":{"line":40,"column":86}},"40":{"start":{"line":41,"column":0},"end":{"line":41,"column":1}},"42":{"start":{"line":43,"column":0},"end":{"line":43,"column":32}},"47":{"start":{"line":48,"column":0},"end":{"line":48,"column":4}},"48":{"start":{"line":49,"column":0},"end":{"line":49,"column":56}},"49":{"start":{"line":50,"column":0},"end":{"line":50,"column":56}},"50":{"start":{"line":51,"column":0},"end":{"line":51,"column":63}},"51":{"start":{"line":52,"column":0},"end":{"line":52,"column":58}},"53":{"start":{"line":54,"column":0},"end":{"line":54,"column":65}},"54":{"start":{"line":55,"column":0},"end":{"line":55,"column":73}},"55":{"start":{"line":56,"column":0},"end":{"line":56,"column":82}},"56":{"start":{"line":57,"column":0},"end":{"line":57,"column":87}},"57":{"start":{"line":58,"column":0},"end":{"line":58,"column":1}},"59":{"start":{"line":60,"column":0},"end":{"line":60,"column":44}},"61":{"start":{"line":62,"column":0},"end":{"line":62,"column":68}},"62":{"start":{"line":63,"column":0},"end":{"line":63,"column":72}},"63":{"start":{"line":64,"column":0},"end":{"line":64,"column":37}},"65":{"start":{"line":66,"column":0},"end":{"line":66,"column":44}},"66":{"start":{"line":67,"column":0},"end":{"line":67,"column":51}},"68":{"start":{"line":69,"column":0},"end":{"line":69,"column":30}},"69":{"start":{"line":70,"column":0},"end":{"line":70,"column":42}},"70":{"start":{"line":71,"column":0},"end":{"line":71,"column":5}},"72":{"start":{"line":73,"column":0},"end":{"line":73,"column":51}},"73":{"start":{"line":74,"column":0},"end":{"line":74,"column":52}},"74":{"start":{"line":75,"column":0},"end":{"line":75,"column":40}},"75":{"start":{"line":76,"column":0},"end":{"line":76,"column":17}},"76":{"start":{"line":77,"column":0},"end":{"line":77,"column":1}},"78":{"start":{"line":79,"column":0},"end":{"line":79,"column":30}},"79":{"start":{"line":80,"column":0},"end":{"line":80,"column":40}},"80":{"start":{"line":81,"column":0},"end":{"line":81,"column":36}},"81":{"start":{"line":82,"column":0},"end":{"line":82,"column":23}},"82":{"start":{"line":83,"column":0},"end":{"line":83,"column":3}},"83":{"start":{"line":84,"column":0},"end":{"line":84,"column":75}},"84":{"start":{"line":85,"column":0},"end":{"line":85,"column":24}},"86":{"start":{"line":87,"column":0},"end":{"line":87,"column":40}},"87":{"start":{"line":88,"column":0},"end":{"line":88,"column":21}},"89":{"start":{"line":90,"column":0},"end":{"line":90,"column":31}},"90":{"start":{"line":91,"column":0},"end":{"line":91,"column":33}},"91":{"start":{"line":92,"column":0},"end":{"line":92,"column":64}},"93":{"start":{"line":94,"column":0},"end":{"line":94,"column":39}},"96":{"start":{"line":97,"column":0},"end":{"line":97,"column":29}},"97":{"start":{"line":98,"column":0},"end":{"line":98,"column":22}},"98":{"start":{"line":99,"column":0},"end":{"line":99,"column":20}},"99":{"start":{"line":100,"column":0},"end":{"line":100,"column":72}},"100":{"start":{"line":101,"column":0},"end":{"line":101,"column":17}},"103":{"start":{"line":104,"column":0},"end":{"line":104,"column":27}},"104":{"start":{"line":105,"column":0},"end":{"line":105,"column":20}},"105":{"start":{"line":106,"column":0},"end":{"line":106,"column":98}},"106":{"start":{"line":107,"column":0},"end":{"line":107,"column":15}},"109":{"start":{"line":110,"column":0},"end":{"line":110,"column":26}},"110":{"start":{"line":111,"column":0},"end":{"line":111,"column":20}},"111":{"start":{"line":112,"column":0},"end":{"line":112,"column":90}},"112":{"start":{"line":113,"column":0},"end":{"line":113,"column":15}},"113":{"start":{"line":114,"column":0},"end":{"line":114,"column":1}}},"s":{"0":1,"1":1,"3":1,"4":1,"5":1,"6":1,"7":1,"8":1,"9":1,"10":1,"11":1,"12":1,"14":1,"15":1,"16":1,"17":1,"18":1,"19":1,"20":1,"21":1,"22":1,"23":1,"25":1,"26":1,"27":1,"28":1,"29":1,"30":1,"31":1,"32":1,"33":1,"35":1,"36":1,"38":1,"39":1,"40":1,"42":1,"47":0,"48":0,"49":0,"50":0,"51":0,"53":0,"54":0,"55":0,"56":0,"57":0,"59":1,"61":1,"62":0,"63":0,"65":0,"66":0,"68":0,"69":0,"70":0,"72":0,"73":0,"74":0,"75":0,"76":0,"78":1,"79":1,"80":1,"81":1,"82":1,"83":1,"84":1,"86":1,"87":1,"89":1,"90":1,"91":1,"93":1,"96":1,"97":1,"98":1,"99":1,"100":1,"103":1,"104":1,"105":1,"106":1,"109":1,"110":1,"111":1,"112":1,"113":1},"branchMap":{"0":{"type":"branch","line":4,"loc":{"start":{"line":4,"column":7},"end":{"line":13,"column":1}},"locations":[{"start":{"line":4,"column":7},"end":{"line":13,"column":1}}]},"1":{"type":"branch","line":15,"loc":{"start":{"line":15,"column":7},"end":{"line":24,"column":1}},"locations":[{"start":{"line":15,"column":7},"end":{"line":24,"column":1}}]},"2":{"type":"branch","line":26,"loc":{"start":{"line":26,"column":7},"end":{"line":41,"column":1}},"locations":[{"start":{"line":26,"column":7},"end":{"line":41,"column":1}}]},"3":{"type":"branch","line":79,"loc":{"start":{"line":79,"column":7},"end":{"line":114,"column":1}},"locations":[{"start":{"line":79,"column":7},"end":{"line":114,"column":1}}]},"4":{"type":"branch","line":85,"loc":{"start":{"line":85,"column":17},"end":{"line":85,"column":24}},"locations":[{"start":{"line":85,"column":17},"end":{"line":85,"column":24}}]},"5":{"type":"branch","line":88,"loc":{"start":{"line":88,"column":14},"end":{"line":88,"column":21}},"locations":[{"start":{"line":88,"column":14},"end":{"line":88,"column":21}}]}},"b":{"0":[1],"1":[1],"2":[1],"3":[1],"4":[0],"5":[0]},"fnMap":{"0":{"name":"showMainMenu","decl":{"start":{"line":4,"column":7},"end":{"line":13,"column":1}},"loc":{"start":{"line":4,"column":7},"end":{"line":13,"column":1}},"line":4},"1":{"name":"showGameHud","decl":{"start":{"line":15,"column":7},"end":{"line":24,"column":1}},"loc":{"start":{"line":15,"column":7},"end":{"line":24,"column":1}},"line":15},"2":{"name":"showRaceOverMenu","decl":{"start":{"line":26,"column":7},"end":{"line":41,"column":1}},"loc":{"start":{"line":26,"column":7},"end":{"line":41,"column":1}},"line":26},"3":{"name":"updateUI","decl":{"start":{"line":43,"column":7},"end":{"line":58,"column":1}},"loc":{"start":{"line":43,"column":7},"end":{"line":58,"column":1}},"line":43},"4":{"name":"showNotification","decl":{"start":{"line":62,"column":7},"end":{"line":77,"column":1}},"loc":{"start":{"line":62,"column":7},"end":{"line":77,"column":1}},"line":62},"5":{"name":"updateMinimap","decl":{"start":{"line":79,"column":7},"end":{"line":114,"column":1}},"loc":{"start":{"line":79,"column":7},"end":{"line":114,"column":1}},"line":79}},"f":{"0":1,"1":1,"2":1,"3":0,"4":0,"5":1}}
}
