{"C:\\Users\\edgre\\Documents\\threejs game\\src\\Game.ts": {"path":"C:\\Users\\edgre\\Documents\\threejs game\\src\\Game.ts","all":false,"statementMap":{"0":{"start":{"line":1,"column":0},"end":{"line":1,"column":31}},"1":{"start":{"line":2,"column":0},"end":{"line":2,"column":79}},"2":{"start":{"line":3,"column":0},"end":{"line":3,"column":45}},"3":{"start":{"line":4,"column":0},"end":{"line":4,"column":34}},"4":{"start":{"line":5,"column":0},"end":{"line":5,"column":8}},"18":{"start":{"line":19,"column":0},"end":{"line":19,"column":43}},"19":{"start":{"line":20,"column":0},"end":{"line":20,"column":35}},"20":{"start":{"line":21,"column":0},"end":{"line":21,"column":47}},"21":{"start":{"line":22,"column":0},"end":{"line":22,"column":55}},"24":{"start":{"line":25,"column":0},"end":{"line":25,"column":52}},"25":{"start":{"line":26,"column":0},"end":{"line":26,"column":38}},"26":{"start":{"line":27,"column":0},"end":{"line":27,"column":73}},"27":{"start":{"line":28,"column":0},"end":{"line":28,"column":67}},"28":{"start":{"line":29,"column":0},"end":{"line":29,"column":69}},"29":{"start":{"line":30,"column":0},"end":{"line":30,"column":77}},"30":{"start":{"line":31,"column":0},"end":{"line":31,"column":73}},"31":{"start":{"line":32,"column":0},"end":{"line":32,"column":75}},"32":{"start":{"line":33,"column":0},"end":{"line":33,"column":56}},"33":{"start":{"line":34,"column":0},"end":{"line":34,"column":60}},"34":{"start":{"line":35,"column":0},"end":{"line":35,"column":50}},"35":{"start":{"line":36,"column":0},"end":{"line":36,"column":68}},"36":{"start":{"line":37,"column":0},"end":{"line":37,"column":58}},"37":{"start":{"line":38,"column":0},"end":{"line":38,"column":80}},"39":{"start":{"line":40,"column":0},"end":{"line":40,"column":19}},"45":{"start":{"line":46,"column":0},"end":{"line":46,"column":46}},"60":{"start":{"line":61,"column":0},"end":{"line":61,"column":28}},"61":{"start":{"line":62,"column":0},"end":{"line":62,"column":27}},"62":{"start":{"line":63,"column":0},"end":{"line":63,"column":35}},"64":{"start":{"line":65,"column":0},"end":{"line":65,"column":39}},"69":{"start":{"line":70,"column":0},"end":{"line":70,"column":52}},"71":{"start":{"line":72,"column":0},"end":{"line":72,"column":44}},"73":{"start":{"line":74,"column":0},"end":{"line":74,"column":25}},"74":{"start":{"line":75,"column":0},"end":{"line":75,"column":35}},"75":{"start":{"line":76,"column":0},"end":{"line":76,"column":101}},"76":{"start":{"line":77,"column":0},"end":{"line":77,"column":65}},"77":{"start":{"line":78,"column":0},"end":{"line":78,"column":37}},"78":{"start":{"line":79,"column":0},"end":{"line":79,"column":54}},"80":{"start":{"line":81,"column":0},"end":{"line":81,"column":45}},"81":{"start":{"line":82,"column":0},"end":{"line":82,"column":41}},"82":{"start":{"line":83,"column":0},"end":{"line":83,"column":45}},"83":{"start":{"line":84,"column":0},"end":{"line":84,"column":35}},"84":{"start":{"line":85,"column":0},"end":{"line":85,"column":37}},"85":{"start":{"line":86,"column":0},"end":{"line":86,"column":43}},"87":{"start":{"line":88,"column":0},"end":{"line":88,"column":57}},"88":{"start":{"line":89,"column":0},"end":{"line":89,"column":22}},"89":{"start":{"line":90,"column":0},"end":{"line":90,"column":24}},"90":{"start":{"line":91,"column":0},"end":{"line":91,"column":19}},"91":{"start":{"line":92,"column":0},"end":{"line":92,"column":24}},"92":{"start":{"line":93,"column":0},"end":{"line":93,"column":26}},"93":{"start":{"line":94,"column":0},"end":{"line":94,"column":30}},"94":{"start":{"line":95,"column":0},"end":{"line":95,"column":7}},"95":{"start":{"line":96,"column":0},"end":{"line":96,"column":3}},"97":{"start":{"line":98,"column":0},"end":{"line":98,"column":32}},"98":{"start":{"line":99,"column":0},"end":{"line":99,"column":28}},"99":{"start":{"line":100,"column":0},"end":{"line":100,"column":22}},"100":{"start":{"line":101,"column":0},"end":{"line":101,"column":19}},"101":{"start":{"line":102,"column":0},"end":{"line":102,"column":16}},"102":{"start":{"line":103,"column":0},"end":{"line":103,"column":3}},"104":{"start":{"line":105,"column":0},"end":{"line":105,"column":24}},"105":{"start":{"line":106,"column":0},"end":{"line":106,"column":49}},"106":{"start":{"line":107,"column":0},"end":{"line":107,"column":40}},"107":{"start":{"line":108,"column":0},"end":{"line":108,"column":102}},"109":{"start":{"line":110,"column":0},"end":{"line":110,"column":63}},"110":{"start":{"line":111,"column":0},"end":{"line":111,"column":33}},"112":{"start":{"line":113,"column":0},"end":{"line":113,"column":71}},"113":{"start":{"line":114,"column":0},"end":{"line":114,"column":46}},"114":{"start":{"line":115,"column":0},"end":{"line":115,"column":39}},"115":{"start":{"line":116,"column":0},"end":{"line":116,"column":37}},"117":{"start":{"line":118,"column":0},"end":{"line":118,"column":38}},"118":{"start":{"line":119,"column":0},"end":{"line":119,"column":32}},"120":{"start":{"line":121,"column":0},"end":{"line":121,"column":65}},"121":{"start":{"line":122,"column":0},"end":{"line":122,"column":43}},"122":{"start":{"line":123,"column":0},"end":{"line":123,"column":74}},"124":{"start":{"line":125,"column":0},"end":{"line":125,"column":9}},"125":{"start":{"line":126,"column":0},"end":{"line":126,"column":43}},"126":{"start":{"line":127,"column":0},"end":{"line":127,"column":21}},"127":{"start":{"line":128,"column":0},"end":{"line":128,"column":91}},"128":{"start":{"line":129,"column":0},"end":{"line":129,"column":5}},"130":{"start":{"line":131,"column":0},"end":{"line":131,"column":70}},"131":{"start":{"line":132,"column":0},"end":{"line":132,"column":104}},"132":{"start":{"line":133,"column":0},"end":{"line":133,"column":103}},"134":{"start":{"line":135,"column":0},"end":{"line":135,"column":89}},"135":{"start":{"line":136,"column":0},"end":{"line":136,"column":72}},"137":{"start":{"line":138,"column":0},"end":{"line":138,"column":94}},"139":{"start":{"line":140,"column":0},"end":{"line":140,"column":54}},"140":{"start":{"line":141,"column":0},"end":{"line":141,"column":33}},"141":{"start":{"line":142,"column":0},"end":{"line":142,"column":29}},"142":{"start":{"line":143,"column":0},"end":{"line":143,"column":16}},"143":{"start":{"line":144,"column":0},"end":{"line":144,"column":65}},"144":{"start":{"line":145,"column":0},"end":{"line":145,"column":9}},"145":{"start":{"line":146,"column":0},"end":{"line":146,"column":7}},"147":{"start":{"line":148,"column":0},"end":{"line":148,"column":56}},"148":{"start":{"line":149,"column":0},"end":{"line":149,"column":51}},"149":{"start":{"line":150,"column":0},"end":{"line":150,"column":51}},"150":{"start":{"line":151,"column":0},"end":{"line":151,"column":62}},"151":{"start":{"line":152,"column":0},"end":{"line":152,"column":54}},"152":{"start":{"line":153,"column":0},"end":{"line":153,"column":9}},"153":{"start":{"line":154,"column":0},"end":{"line":154,"column":7}},"155":{"start":{"line":156,"column":0},"end":{"line":156,"column":39}},"156":{"start":{"line":157,"column":0},"end":{"line":157,"column":3}},"158":{"start":{"line":159,"column":0},"end":{"line":159,"column":28}},"159":{"start":{"line":160,"column":0},"end":{"line":160,"column":64}},"160":{"start":{"line":161,"column":0},"end":{"line":161,"column":41}},"161":{"start":{"line":162,"column":0},"end":{"line":162,"column":65}},"162":{"start":{"line":163,"column":0},"end":{"line":163,"column":3}},"164":{"start":{"line":165,"column":0},"end":{"line":165,"column":40}},"165":{"start":{"line":166,"column":0},"end":{"line":166,"column":26}},"167":{"start":{"line":168,"column":0},"end":{"line":168,"column":25}},"168":{"start":{"line":169,"column":0},"end":{"line":169,"column":31}},"169":{"start":{"line":170,"column":0},"end":{"line":170,"column":23}},"170":{"start":{"line":171,"column":0},"end":{"line":171,"column":14}},"171":{"start":{"line":172,"column":0},"end":{"line":172,"column":35}},"172":{"start":{"line":173,"column":0},"end":{"line":173,"column":34}},"173":{"start":{"line":174,"column":0},"end":{"line":174,"column":31}},"174":{"start":{"line":175,"column":0},"end":{"line":175,"column":30}},"175":{"start":{"line":176,"column":0},"end":{"line":176,"column":14}},"176":{"start":{"line":177,"column":0},"end":{"line":177,"column":29}},"177":{"start":{"line":178,"column":0},"end":{"line":178,"column":22}},"178":{"start":{"line":179,"column":0},"end":{"line":179,"column":14}},"179":{"start":{"line":180,"column":0},"end":{"line":180,"column":31}},"180":{"start":{"line":181,"column":0},"end":{"line":181,"column":69}},"181":{"start":{"line":182,"column":0},"end":{"line":182,"column":75}},"182":{"start":{"line":183,"column":0},"end":{"line":183,"column":83}},"183":{"start":{"line":184,"column":0},"end":{"line":184,"column":14}},"184":{"start":{"line":185,"column":0},"end":{"line":185,"column":5}},"185":{"start":{"line":186,"column":0},"end":{"line":186,"column":3}},"187":{"start":{"line":188,"column":0},"end":{"line":188,"column":23}},"188":{"start":{"line":189,"column":0},"end":{"line":189,"column":36}},"189":{"start":{"line":190,"column":0},"end":{"line":190,"column":68}},"190":{"start":{"line":191,"column":0},"end":{"line":191,"column":29}},"192":{"start":{"line":193,"column":0},"end":{"line":193,"column":59}},"193":{"start":{"line":194,"column":0},"end":{"line":194,"column":67}},"194":{"start":{"line":195,"column":0},"end":{"line":195,"column":67}},"195":{"start":{"line":196,"column":0},"end":{"line":196,"column":7}},"196":{"start":{"line":197,"column":0},"end":{"line":197,"column":31}},"198":{"start":{"line":199,"column":0},"end":{"line":199,"column":61}},"199":{"start":{"line":200,"column":0},"end":{"line":200,"column":25}},"201":{"start":{"line":202,"column":0},"end":{"line":202,"column":60}},"202":{"start":{"line":203,"column":0},"end":{"line":203,"column":24}},"204":{"start":{"line":205,"column":0},"end":{"line":205,"column":30}},"205":{"start":{"line":206,"column":0},"end":{"line":206,"column":35}},"206":{"start":{"line":207,"column":0},"end":{"line":207,"column":44}},"207":{"start":{"line":208,"column":0},"end":{"line":208,"column":5}},"209":{"start":{"line":210,"column":0},"end":{"line":210,"column":112}},"210":{"start":{"line":211,"column":0},"end":{"line":211,"column":21}},"211":{"start":{"line":212,"column":0},"end":{"line":212,"column":90}},"212":{"start":{"line":213,"column":0},"end":{"line":213,"column":90}},"213":{"start":{"line":214,"column":0},"end":{"line":214,"column":73}},"215":{"start":{"line":216,"column":0},"end":{"line":216,"column":83}},"216":{"start":{"line":217,"column":0},"end":{"line":217,"column":23}},"218":{"start":{"line":219,"column":0},"end":{"line":219,"column":125}},"219":{"start":{"line":220,"column":0},"end":{"line":220,"column":36}},"220":{"start":{"line":221,"column":0},"end":{"line":221,"column":34}},"221":{"start":{"line":222,"column":0},"end":{"line":222,"column":46}},"222":{"start":{"line":223,"column":0},"end":{"line":223,"column":221}},"223":{"start":{"line":224,"column":0},"end":{"line":224,"column":47}},"224":{"start":{"line":225,"column":0},"end":{"line":225,"column":66}},"225":{"start":{"line":226,"column":0},"end":{"line":226,"column":84}},"226":{"start":{"line":227,"column":0},"end":{"line":227,"column":71}},"227":{"start":{"line":228,"column":0},"end":{"line":228,"column":55}},"228":{"start":{"line":229,"column":0},"end":{"line":229,"column":79}},"229":{"start":{"line":230,"column":0},"end":{"line":230,"column":48}},"230":{"start":{"line":231,"column":0},"end":{"line":231,"column":47}},"232":{"start":{"line":233,"column":0},"end":{"line":233,"column":121}},"233":{"start":{"line":234,"column":0},"end":{"line":234,"column":32}},"234":{"start":{"line":235,"column":0},"end":{"line":235,"column":30}},"235":{"start":{"line":236,"column":0},"end":{"line":236,"column":60}},"236":{"start":{"line":237,"column":0},"end":{"line":237,"column":43}},"237":{"start":{"line":238,"column":0},"end":{"line":238,"column":134}},"238":{"start":{"line":239,"column":0},"end":{"line":239,"column":7}},"239":{"start":{"line":240,"column":0},"end":{"line":240,"column":38}},"240":{"start":{"line":241,"column":0},"end":{"line":241,"column":220}},"241":{"start":{"line":242,"column":0},"end":{"line":242,"column":58}},"242":{"start":{"line":243,"column":0},"end":{"line":243,"column":80}},"243":{"start":{"line":244,"column":0},"end":{"line":244,"column":70}},"244":{"start":{"line":245,"column":0},"end":{"line":245,"column":51}},"245":{"start":{"line":246,"column":0},"end":{"line":246,"column":102}},"246":{"start":{"line":247,"column":0},"end":{"line":247,"column":40}},"247":{"start":{"line":248,"column":0},"end":{"line":248,"column":43}},"249":{"start":{"line":250,"column":0},"end":{"line":250,"column":35}},"250":{"start":{"line":251,"column":0},"end":{"line":251,"column":64}},"251":{"start":{"line":252,"column":0},"end":{"line":252,"column":65}},"252":{"start":{"line":253,"column":0},"end":{"line":253,"column":64}},"253":{"start":{"line":254,"column":0},"end":{"line":254,"column":65}},"254":{"start":{"line":255,"column":0},"end":{"line":255,"column":6}},"255":{"start":{"line":256,"column":0},"end":{"line":256,"column":80}},"257":{"start":{"line":258,"column":0},"end":{"line":258,"column":37}},"258":{"start":{"line":259,"column":0},"end":{"line":259,"column":36}},"259":{"start":{"line":260,"column":0},"end":{"line":260,"column":35}},"260":{"start":{"line":261,"column":0},"end":{"line":261,"column":32}},"261":{"start":{"line":262,"column":0},"end":{"line":262,"column":3}},"263":{"start":{"line":264,"column":0},"end":{"line":264,"column":25}},"264":{"start":{"line":265,"column":0},"end":{"line":265,"column":38}},"265":{"start":{"line":266,"column":0},"end":{"line":266,"column":39}},"266":{"start":{"line":267,"column":0},"end":{"line":267,"column":3}},"268":{"start":{"line":269,"column":0},"end":{"line":269,"column":25}},"269":{"start":{"line":270,"column":0},"end":{"line":270,"column":34}},"270":{"start":{"line":271,"column":0},"end":{"line":271,"column":50}},"271":{"start":{"line":272,"column":0},"end":{"line":272,"column":67}},"272":{"start":{"line":273,"column":0},"end":{"line":273,"column":45}},"273":{"start":{"line":274,"column":0},"end":{"line":274,"column":45}},"275":{"start":{"line":276,"column":0},"end":{"line":276,"column":118}},"276":{"start":{"line":277,"column":0},"end":{"line":277,"column":37}},"277":{"start":{"line":278,"column":0},"end":{"line":278,"column":31}},"278":{"start":{"line":279,"column":0},"end":{"line":279,"column":29}},"279":{"start":{"line":280,"column":0},"end":{"line":280,"column":35}},"280":{"start":{"line":281,"column":0},"end":{"line":281,"column":5}},"281":{"start":{"line":282,"column":0},"end":{"line":282,"column":3}},"283":{"start":{"line":284,"column":0},"end":{"line":284,"column":48}},"284":{"start":{"line":285,"column":0},"end":{"line":285,"column":51}},"285":{"start":{"line":286,"column":0},"end":{"line":286,"column":51}},"286":{"start":{"line":287,"column":0},"end":{"line":287,"column":51}},"287":{"start":{"line":288,"column":0},"end":{"line":288,"column":51}},"288":{"start":{"line":289,"column":0},"end":{"line":289,"column":13}},"289":{"start":{"line":290,"column":0},"end":{"line":290,"column":3}},"291":{"start":{"line":292,"column":0},"end":{"line":292,"column":74}},"292":{"start":{"line":293,"column":0},"end":{"line":293,"column":136}},"293":{"start":{"line":294,"column":0},"end":{"line":294,"column":26}},"294":{"start":{"line":295,"column":0},"end":{"line":295,"column":31}},"295":{"start":{"line":296,"column":0},"end":{"line":296,"column":38}},"296":{"start":{"line":297,"column":0},"end":{"line":297,"column":48}},"297":{"start":{"line":298,"column":0},"end":{"line":298,"column":23}},"298":{"start":{"line":299,"column":0},"end":{"line":299,"column":38}},"299":{"start":{"line":300,"column":0},"end":{"line":300,"column":38}},"300":{"start":{"line":301,"column":0},"end":{"line":301,"column":7}},"301":{"start":{"line":302,"column":0},"end":{"line":302,"column":5}},"302":{"start":{"line":303,"column":0},"end":{"line":303,"column":3}},"304":{"start":{"line":305,"column":0},"end":{"line":305,"column":53}},"305":{"start":{"line":306,"column":0},"end":{"line":306,"column":33}},"306":{"start":{"line":307,"column":0},"end":{"line":307,"column":28}},"307":{"start":{"line":308,"column":0},"end":{"line":308,"column":37}},"308":{"start":{"line":309,"column":0},"end":{"line":309,"column":46}},"309":{"start":{"line":310,"column":0},"end":{"line":310,"column":22}},"310":{"start":{"line":311,"column":0},"end":{"line":311,"column":35}},"311":{"start":{"line":312,"column":0},"end":{"line":312,"column":77}},"312":{"start":{"line":313,"column":0},"end":{"line":313,"column":83}},"313":{"start":{"line":314,"column":0},"end":{"line":314,"column":80}},"314":{"start":{"line":315,"column":0},"end":{"line":315,"column":47}},"315":{"start":{"line":316,"column":0},"end":{"line":316,"column":58}},"316":{"start":{"line":317,"column":0},"end":{"line":317,"column":22}},"317":{"start":{"line":318,"column":0},"end":{"line":318,"column":13}},"318":{"start":{"line":319,"column":0},"end":{"line":319,"column":29}},"319":{"start":{"line":320,"column":0},"end":{"line":320,"column":47}},"320":{"start":{"line":321,"column":0},"end":{"line":321,"column":22}},"321":{"start":{"line":322,"column":0},"end":{"line":322,"column":29}},"322":{"start":{"line":323,"column":0},"end":{"line":323,"column":53}},"323":{"start":{"line":324,"column":0},"end":{"line":324,"column":22}},"324":{"start":{"line":325,"column":0},"end":{"line":325,"column":33}},"325":{"start":{"line":326,"column":0},"end":{"line":326,"column":58}},"326":{"start":{"line":327,"column":0},"end":{"line":327,"column":51}},"327":{"start":{"line":328,"column":0},"end":{"line":328,"column":22}},"328":{"start":{"line":329,"column":0},"end":{"line":329,"column":9}},"329":{"start":{"line":330,"column":0},"end":{"line":330,"column":5}},"330":{"start":{"line":331,"column":0},"end":{"line":331,"column":3}},"332":{"start":{"line":333,"column":0},"end":{"line":333,"column":59}},"333":{"start":{"line":334,"column":0},"end":{"line":334,"column":33}},"334":{"start":{"line":335,"column":0},"end":{"line":335,"column":45}},"335":{"start":{"line":336,"column":0},"end":{"line":336,"column":51}},"336":{"start":{"line":337,"column":0},"end":{"line":337,"column":94}},"337":{"start":{"line":338,"column":0},"end":{"line":338,"column":7}},"338":{"start":{"line":339,"column":0},"end":{"line":339,"column":5}},"339":{"start":{"line":340,"column":0},"end":{"line":340,"column":3}},"341":{"start":{"line":342,"column":0},"end":{"line":342,"column":20}},"342":{"start":{"line":343,"column":0},"end":{"line":343,"column":24}},"343":{"start":{"line":344,"column":0},"end":{"line":344,"column":60}},"345":{"start":{"line":346,"column":0},"end":{"line":346,"column":43}},"346":{"start":{"line":347,"column":0},"end":{"line":347,"column":50}},"347":{"start":{"line":348,"column":0},"end":{"line":348,"column":52}},"348":{"start":{"line":349,"column":0},"end":{"line":349,"column":47}},"350":{"start":{"line":351,"column":0},"end":{"line":351,"column":44}},"351":{"start":{"line":352,"column":0},"end":{"line":352,"column":48}},"352":{"start":{"line":353,"column":0},"end":{"line":353,"column":55}},"354":{"start":{"line":355,"column":0},"end":{"line":355,"column":54}},"355":{"start":{"line":356,"column":0},"end":{"line":356,"column":67}},"357":{"start":{"line":358,"column":0},"end":{"line":358,"column":66}},"358":{"start":{"line":359,"column":0},"end":{"line":359,"column":25}},"359":{"start":{"line":360,"column":0},"end":{"line":360,"column":79}},"360":{"start":{"line":361,"column":0},"end":{"line":361,"column":75}},"361":{"start":{"line":362,"column":0},"end":{"line":362,"column":81}},"362":{"start":{"line":363,"column":0},"end":{"line":363,"column":60}},"363":{"start":{"line":364,"column":0},"end":{"line":364,"column":72}},"365":{"start":{"line":366,"column":0},"end":{"line":366,"column":18}},"366":{"start":{"line":367,"column":0},"end":{"line":367,"column":38}},"367":{"start":{"line":368,"column":0},"end":{"line":368,"column":66}},"368":{"start":{"line":369,"column":0},"end":{"line":369,"column":68}},"369":{"start":{"line":370,"column":0},"end":{"line":370,"column":39}},"370":{"start":{"line":371,"column":0},"end":{"line":371,"column":11}},"372":{"start":{"line":373,"column":0},"end":{"line":373,"column":104}},"374":{"start":{"line":375,"column":0},"end":{"line":375,"column":49}},"375":{"start":{"line":376,"column":0},"end":{"line":376,"column":39}},"376":{"start":{"line":377,"column":0},"end":{"line":377,"column":52}},"377":{"start":{"line":378,"column":0},"end":{"line":378,"column":70}},"378":{"start":{"line":379,"column":0},"end":{"line":379,"column":46}},"379":{"start":{"line":380,"column":0},"end":{"line":380,"column":95}},"380":{"start":{"line":381,"column":0},"end":{"line":381,"column":16}},"381":{"start":{"line":382,"column":0},"end":{"line":382,"column":52}},"382":{"start":{"line":383,"column":0},"end":{"line":383,"column":9}},"383":{"start":{"line":384,"column":0},"end":{"line":384,"column":95}},"384":{"start":{"line":385,"column":0},"end":{"line":385,"column":60}},"385":{"start":{"line":386,"column":0},"end":{"line":386,"column":46}},"386":{"start":{"line":387,"column":0},"end":{"line":387,"column":7}},"387":{"start":{"line":388,"column":0},"end":{"line":388,"column":12}},"388":{"start":{"line":389,"column":0},"end":{"line":389,"column":40}},"389":{"start":{"line":390,"column":0},"end":{"line":390,"column":5}},"390":{"start":{"line":391,"column":0},"end":{"line":391,"column":3}},"392":{"start":{"line":393,"column":0},"end":{"line":393,"column":21}},"393":{"start":{"line":394,"column":0},"end":{"line":394,"column":51}},"394":{"start":{"line":395,"column":0},"end":{"line":395,"column":24}},"396":{"start":{"line":397,"column":0},"end":{"line":397,"column":43}},"397":{"start":{"line":398,"column":0},"end":{"line":398,"column":20}},"398":{"start":{"line":399,"column":0},"end":{"line":399,"column":5}},"400":{"start":{"line":401,"column":0},"end":{"line":401,"column":73}},"402":{"start":{"line":403,"column":0},"end":{"line":403,"column":64}},"403":{"start":{"line":404,"column":0},"end":{"line":404,"column":59}},"404":{"start":{"line":405,"column":0},"end":{"line":405,"column":79}},"405":{"start":{"line":406,"column":0},"end":{"line":406,"column":56}},"406":{"start":{"line":407,"column":0},"end":{"line":407,"column":94}},"407":{"start":{"line":408,"column":0},"end":{"line":408,"column":86}},"408":{"start":{"line":409,"column":0},"end":{"line":409,"column":53}},"410":{"start":{"line":411,"column":0},"end":{"line":411,"column":44}},"411":{"start":{"line":412,"column":0},"end":{"line":412,"column":88}},"412":{"start":{"line":413,"column":0},"end":{"line":413,"column":88}},"413":{"start":{"line":414,"column":0},"end":{"line":414,"column":66}},"414":{"start":{"line":415,"column":0},"end":{"line":415,"column":80}},"415":{"start":{"line":416,"column":0},"end":{"line":416,"column":9}},"416":{"start":{"line":417,"column":0},"end":{"line":417,"column":52}},"417":{"start":{"line":418,"column":0},"end":{"line":418,"column":41}},"418":{"start":{"line":419,"column":0},"end":{"line":419,"column":53}},"419":{"start":{"line":420,"column":0},"end":{"line":420,"column":53}},"420":{"start":{"line":421,"column":0},"end":{"line":421,"column":36}},"421":{"start":{"line":422,"column":0},"end":{"line":422,"column":36}},"422":{"start":{"line":423,"column":0},"end":{"line":423,"column":5}},"424":{"start":{"line":425,"column":0},"end":{"line":425,"column":50}},"425":{"start":{"line":426,"column":0},"end":{"line":426,"column":3}},"426":{"start":{"line":427,"column":0},"end":{"line":427,"column":1}}},"s":{"0":1,"1":1,"2":1,"3":1,"4":1,"18":1,"19":1,"20":1,"21":1,"24":1,"25":1,"26":1,"27":1,"28":1,"29":1,"30":1,"31":1,"32":1,"33":1,"34":1,"35":1,"36":1,"37":1,"39":1,"45":1,"60":1,"61":1,"62":1,"64":1,"69":1,"71":1,"73":1,"74":5,"75":5,"76":5,"77":5,"78":5,"80":5,"81":5,"82":5,"83":5,"84":5,"85":5,"87":5,"88":5,"89":5,"90":5,"91":5,"92":5,"93":5,"94":5,"95":5,"97":1,"98":5,"99":5,"100":5,"101":5,"102":5,"104":1,"105":5,"106":5,"107":5,"109":5,"110":5,"112":5,"113":5,"114":5,"115":5,"117":5,"118":5,"120":5,"121":5,"122":5,"124":5,"125":5,"126":5,"127":0,"128":0,"130":5,"131":5,"132":5,"134":5,"135":5,"137":5,"139":5,"140":0,"141":0,"142":0,"143":0,"144":0,"145":5,"147":5,"148":5,"149":0,"150":0,"151":0,"152":0,"153":5,"155":5,"156":5,"158":1,"159":0,"160":0,"161":0,"162":0,"164":1,"165":12,"167":12,"168":12,"169":6,"170":6,"171":12,"172":0,"173":0,"174":0,"175":0,"176":12,"177":3,"178":3,"179":12,"180":3,"181":3,"182":3,"183":3,"184":12,"185":12,"187":1,"188":3,"189":3,"190":3,"192":3,"193":0,"194":0,"195":3,"196":3,"198":3,"199":3,"201":3,"202":3,"204":3,"205":0,"206":0,"207":0,"209":3,"210":3,"211":3,"212":3,"213":3,"215":3,"216":3,"218":3,"219":3,"220":3,"221":3,"222":3,"223":3,"224":3,"225":3,"226":3,"227":3,"228":3,"229":3,"230":3,"232":3,"233":3,"234":3,"235":3,"236":96,"237":96,"238":3,"239":3,"240":3,"241":3,"242":3,"243":3,"244":3,"245":3,"246":3,"247":3,"249":3,"250":3,"251":3,"252":3,"253":3,"254":3,"255":3,"257":3,"258":3,"259":3,"260":3,"261":3,"263":1,"264":1,"265":1,"266":1,"268":1,"269":3,"270":150,"271":150,"272":150,"273":150,"275":150,"276":150,"277":150,"278":150,"279":150,"280":150,"281":3,"283":1,"284":6,"285":6,"286":6,"287":6,"288":3,"289":6,"291":1,"292":0,"293":0,"294":0,"295":0,"296":0,"297":0,"298":0,"299":0,"300":0,"301":0,"302":0,"304":1,"305":5,"306":2,"307":2,"308":1,"309":1,"310":2,"311":0,"312":0,"313":0,"314":0,"315":0,"316":0,"317":0,"318":2,"319":0,"320":0,"321":2,"322":0,"323":0,"324":2,"325":1,"326":1,"327":1,"328":2,"329":2,"330":5,"332":1,"333":4,"334":1,"335":1,"336":1,"337":1,"338":1,"339":4,"341":1,"342":4,"343":4,"345":4,"346":4,"347":4,"348":4,"350":4,"351":4,"352":4,"354":4,"355":4,"357":4,"358":4,"359":4,"360":4,"361":4,"362":4,"363":4,"365":4,"366":4,"367":4,"368":4,"369":4,"370":4,"372":4,"374":4,"375":4,"376":0,"377":0,"378":0,"379":0,"380":4,"381":4,"382":4,"383":4,"384":4,"385":4,"386":4,"387":4,"388":0,"389":0,"390":4,"392":1,"393":10,"394":10,"396":10,"397":2,"398":2,"400":10,"402":10,"403":10,"404":2,"405":2,"406":2,"407":2,"408":2,"410":2,"411":0,"412":0,"413":0,"414":0,"415":0,"416":10,"417":7,"418":7,"419":7,"420":7,"421":7,"422":7,"424":10,"425":10,"426":1},"branchMap":{"0":{"type":"branch","line":74,"loc":{"start":{"line":74,"column":10},"end":{"line":96,"column":3}},"locations":[{"start":{"line":74,"column":10},"end":{"line":96,"column":3}}]},"1":{"type":"branch","line":98,"loc":{"start":{"line":98,"column":2},"end":{"line":103,"column":3}},"locations":[{"start":{"line":98,"column":2},"end":{"line":103,"column":3}}]},"2":{"type":"branch","line":105,"loc":{"start":{"line":105,"column":2},"end":{"line":157,"column":3}},"locations":[{"start":{"line":105,"column":2},"end":{"line":157,"column":3}}]},"3":{"type":"branch","line":123,"loc":{"start":{"line":123,"column":33},"end":{"line":123,"column":48}},"locations":[{"start":{"line":123,"column":33},"end":{"line":123,"column":48}}]},"4":{"type":"branch","line":127,"loc":{"start":{"line":127,"column":4},"end":{"line":129,"column":5}},"locations":[{"start":{"line":127,"column":4},"end":{"line":129,"column":5}}]},"5":{"type":"branch","line":135,"loc":{"start":{"line":135,"column":4},"end":{"line":135,"column":34}},"locations":[{"start":{"line":135,"column":4},"end":{"line":135,"column":34}}]},"6":{"type":"branch","line":136,"loc":{"start":{"line":136,"column":4},"end":{"line":136,"column":36}},"locations":[{"start":{"line":136,"column":4},"end":{"line":136,"column":36}}]},"7":{"type":"branch","line":138,"loc":{"start":{"line":138,"column":4},"end":{"line":138,"column":43}},"locations":[{"start":{"line":138,"column":4},"end":{"line":138,"column":43}}]},"8":{"type":"branch","line":140,"loc":{"start":{"line":140,"column":4},"end":{"line":140,"column":38}},"locations":[{"start":{"line":140,"column":4},"end":{"line":140,"column":38}}]},"9":{"type":"branch","line":149,"loc":{"start":{"line":149,"column":4},"end":{"line":149,"column":30}},"locations":[{"start":{"line":149,"column":4},"end":{"line":149,"column":30}}]},"10":{"type":"branch","line":165,"loc":{"start":{"line":165,"column":9},"end":{"line":186,"column":3}},"locations":[{"start":{"line":165,"column":9},"end":{"line":186,"column":3}}]},"11":{"type":"branch","line":169,"loc":{"start":{"line":169,"column":6},"end":{"line":171,"column":14}},"locations":[{"start":{"line":169,"column":6},"end":{"line":171,"column":14}}]},"12":{"type":"branch","line":172,"loc":{"start":{"line":172,"column":6},"end":{"line":176,"column":14}},"locations":[{"start":{"line":172,"column":6},"end":{"line":176,"column":14}}]},"13":{"type":"branch","line":177,"loc":{"start":{"line":177,"column":6},"end":{"line":179,"column":14}},"locations":[{"start":{"line":177,"column":6},"end":{"line":179,"column":14}}]},"14":{"type":"branch","line":180,"loc":{"start":{"line":180,"column":6},"end":{"line":184,"column":14}},"locations":[{"start":{"line":180,"column":6},"end":{"line":184,"column":14}}]},"15":{"type":"branch","line":188,"loc":{"start":{"line":188,"column":10},"end":{"line":262,"column":3}},"locations":[{"start":{"line":188,"column":10},"end":{"line":262,"column":3}}]},"16":{"type":"branch","line":189,"loc":{"start":{"line":189,"column":29},"end":{"line":189,"column":36}},"locations":[{"start":{"line":189,"column":29},"end":{"line":189,"column":36}}]},"17":{"type":"branch","line":191,"loc":{"start":{"line":191,"column":22},"end":{"line":191,"column":29}},"locations":[{"start":{"line":191,"column":22},"end":{"line":191,"column":29}}]},"18":{"type":"branch","line":205,"loc":{"start":{"line":205,"column":29},"end":{"line":208,"column":5}},"locations":[{"start":{"line":205,"column":29},"end":{"line":208,"column":5}}]},"19":{"type":"branch","line":190,"loc":{"start":{"line":190,"column":34},"end":{"line":190,"column":66}},"locations":[{"start":{"line":190,"column":34},"end":{"line":190,"column":66}}]},"20":{"type":"branch","line":236,"loc":{"start":{"line":236,"column":49},"end":{"line":239,"column":5}},"locations":[{"start":{"line":236,"column":49},"end":{"line":239,"column":5}}]},"21":{"type":"branch","line":264,"loc":{"start":{"line":264,"column":9},"end":{"line":267,"column":3}},"locations":[{"start":{"line":264,"column":9},"end":{"line":267,"column":3}}]},"22":{"type":"branch","line":269,"loc":{"start":{"line":269,"column":10},"end":{"line":282,"column":3}},"locations":[{"start":{"line":269,"column":10},"end":{"line":282,"column":3}}]},"23":{"type":"branch","line":270,"loc":{"start":{"line":270,"column":33},"end":{"line":281,"column":5}},"locations":[{"start":{"line":270,"column":33},"end":{"line":281,"column":5}}]},"24":{"type":"branch","line":284,"loc":{"start":{"line":284,"column":10},"end":{"line":290,"column":3}},"locations":[{"start":{"line":284,"column":10},"end":{"line":290,"column":3}}]},"25":{"type":"branch","line":285,"loc":{"start":{"line":285,"column":42},"end":{"line":286,"column":26}},"locations":[{"start":{"line":285,"column":42},"end":{"line":286,"column":26}}]},"26":{"type":"branch","line":286,"loc":{"start":{"line":286,"column":21},"end":{"line":286,"column":42}},"locations":[{"start":{"line":286,"column":21},"end":{"line":286,"column":42}}]},"27":{"type":"branch","line":286,"loc":{"start":{"line":286,"column":42},"end":{"line":286,"column":51}},"locations":[{"start":{"line":286,"column":42},"end":{"line":286,"column":51}}]},"28":{"type":"branch","line":286,"loc":{"start":{"line":286,"column":49},"end":{"line":287,"column":26}},"locations":[{"start":{"line":286,"column":49},"end":{"line":287,"column":26}}]},"29":{"type":"branch","line":287,"loc":{"start":{"line":287,"column":21},"end":{"line":287,"column":42}},"locations":[{"start":{"line":287,"column":21},"end":{"line":287,"column":42}}]},"30":{"type":"branch","line":287,"loc":{"start":{"line":287,"column":42},"end":{"line":287,"column":51}},"locations":[{"start":{"line":287,"column":42},"end":{"line":287,"column":51}}]},"31":{"type":"branch","line":287,"loc":{"start":{"line":287,"column":49},"end":{"line":288,"column":42}},"locations":[{"start":{"line":287,"column":49},"end":{"line":288,"column":42}}]},"32":{"type":"branch","line":288,"loc":{"start":{"line":288,"column":42},"end":{"line":288,"column":51}},"locations":[{"start":{"line":288,"column":42},"end":{"line":288,"column":51}}]},"33":{"type":"branch","line":288,"loc":{"start":{"line":288,"column":49},"end":{"line":289,"column":13}},"locations":[{"start":{"line":288,"column":49},"end":{"line":289,"column":13}}]},"34":{"type":"branch","line":305,"loc":{"start":{"line":305,"column":10},"end":{"line":331,"column":3}},"locations":[{"start":{"line":305,"column":10},"end":{"line":331,"column":3}}]},"35":{"type":"branch","line":306,"loc":{"start":{"line":306,"column":32},"end":{"line":330,"column":5}},"locations":[{"start":{"line":306,"column":32},"end":{"line":330,"column":5}}]},"36":{"type":"branch","line":308,"loc":{"start":{"line":308,"column":12},"end":{"line":310,"column":22}},"locations":[{"start":{"line":308,"column":12},"end":{"line":310,"column":22}}]},"37":{"type":"branch","line":311,"loc":{"start":{"line":311,"column":12},"end":{"line":318,"column":13}},"locations":[{"start":{"line":311,"column":12},"end":{"line":318,"column":13}}]},"38":{"type":"branch","line":319,"loc":{"start":{"line":319,"column":12},"end":{"line":321,"column":22}},"locations":[{"start":{"line":319,"column":12},"end":{"line":321,"column":22}}]},"39":{"type":"branch","line":322,"loc":{"start":{"line":322,"column":12},"end":{"line":324,"column":22}},"locations":[{"start":{"line":322,"column":12},"end":{"line":324,"column":22}}]},"40":{"type":"branch","line":325,"loc":{"start":{"line":325,"column":12},"end":{"line":328,"column":22}},"locations":[{"start":{"line":325,"column":12},"end":{"line":328,"column":22}}]},"41":{"type":"branch","line":333,"loc":{"start":{"line":333,"column":10},"end":{"line":340,"column":3}},"locations":[{"start":{"line":333,"column":10},"end":{"line":340,"column":3}}]},"42":{"type":"branch","line":334,"loc":{"start":{"line":334,"column":32},"end":{"line":339,"column":5}},"locations":[{"start":{"line":334,"column":32},"end":{"line":339,"column":5}}]},"43":{"type":"branch","line":342,"loc":{"start":{"line":342,"column":10},"end":{"line":391,"column":3}},"locations":[{"start":{"line":342,"column":10},"end":{"line":391,"column":3}}]},"44":{"type":"branch","line":376,"loc":{"start":{"line":376,"column":38},"end":{"line":381,"column":15}},"locations":[{"start":{"line":376,"column":38},"end":{"line":381,"column":15}}]},"45":{"type":"branch","line":388,"loc":{"start":{"line":388,"column":4},"end":{"line":390,"column":5}},"locations":[{"start":{"line":388,"column":4},"end":{"line":390,"column":5}}]},"46":{"type":"branch","line":393,"loc":{"start":{"line":393,"column":10},"end":{"line":426,"column":3}},"locations":[{"start":{"line":393,"column":10},"end":{"line":426,"column":3}}]},"47":{"type":"branch","line":397,"loc":{"start":{"line":397,"column":42},"end":{"line":399,"column":5}},"locations":[{"start":{"line":397,"column":42},"end":{"line":399,"column":5}}]},"48":{"type":"branch","line":404,"loc":{"start":{"line":404,"column":33},"end":{"line":404,"column":58}},"locations":[{"start":{"line":404,"column":33},"end":{"line":404,"column":58}}]},"49":{"type":"branch","line":404,"loc":{"start":{"line":404,"column":58},"end":{"line":417,"column":15}},"locations":[{"start":{"line":404,"column":58},"end":{"line":417,"column":15}}]},"50":{"type":"branch","line":411,"loc":{"start":{"line":411,"column":43},"end":{"line":416,"column":9}},"locations":[{"start":{"line":411,"column":43},"end":{"line":416,"column":9}}]},"51":{"type":"branch","line":417,"loc":{"start":{"line":417,"column":4},"end":{"line":423,"column":5}},"locations":[{"start":{"line":417,"column":4},"end":{"line":423,"column":5}}]},"52":{"type":"branch","line":417,"loc":{"start":{"line":417,"column":51},"end":{"line":423,"column":5}},"locations":[{"start":{"line":417,"column":51},"end":{"line":423,"column":5}}]}},"b":{"0":[5],"1":[5],"2":[5],"3":[0],"4":[0],"5":[0],"6":[0],"7":[0],"8":[0],"9":[0],"10":[12],"11":[6],"12":[0],"13":[3],"14":[3],"15":[3],"16":[0],"17":[0],"18":[0],"19":[3],"20":[96],"21":[1],"22":[3],"23":[150],"24":[6],"25":[3],"26":[0],"27":[0],"28":[3],"29":[0],"30":[0],"31":[3],"32":[0],"33":[3],"34":[5],"35":[2],"36":[1],"37":[0],"38":[0],"39":[0],"40":[1],"41":[4],"42":[1],"43":[4],"44":[0],"45":[0],"46":[10],"47":[2],"48":[2],"49":[2],"50":[0],"51":[8],"52":[7]},"fnMap":{"0":{"name":"Game","decl":{"start":{"line":74,"column":10},"end":{"line":96,"column":3}},"loc":{"start":{"line":74,"column":10},"end":{"line":96,"column":3}},"line":74},"1":{"name":"create","decl":{"start":{"line":98,"column":2},"end":{"line":103,"column":3}},"loc":{"start":{"line":98,"column":2},"end":{"line":103,"column":3}},"line":98},"2":{"name":"init","decl":{"start":{"line":105,"column":2},"end":{"line":157,"column":3}},"loc":{"start":{"line":105,"column":2},"end":{"line":157,"column":3}},"line":105},"3":{"name":"onWindowResize","decl":{"start":{"line":159,"column":10},"end":{"line":163,"column":3}},"loc":{"start":{"line":159,"column":10},"end":{"line":163,"column":3}},"line":159},"4":{"name":"setState","decl":{"start":{"line":165,"column":9},"end":{"line":186,"column":3}},"loc":{"start":{"line":165,"column":9},"end":{"line":186,"column":3}},"line":165},"5":{"name":"startRace","decl":{"start":{"line":188,"column":10},"end":{"line":262,"column":3}},"loc":{"start":{"line":188,"column":10},"end":{"line":262,"column":3}},"line":188},"6":{"name":"returnToMenu","decl":{"start":{"line":264,"column":9},"end":{"line":267,"column":3}},"loc":{"start":{"line":264,"column":9},"end":{"line":267,"column":3}},"line":264},"7":{"name":"createTrees","decl":{"start":{"line":269,"column":10},"end":{"line":282,"column":3}},"loc":{"start":{"line":269,"column":10},"end":{"line":282,"column":3}},"line":269},"8":{"name":"getQuadrant","decl":{"start":{"line":284,"column":10},"end":{"line":290,"column":3}},"loc":{"start":{"line":284,"column":10},"end":{"line":290,"column":3}},"line":284},"9":{"name":"createTireMark","decl":{"start":{"line":292,"column":10},"end":{"line":303,"column":3}},"loc":{"start":{"line":292,"column":10},"end":{"line":303,"column":3}},"line":292},"10":{"name":"handleLapEvents","decl":{"start":{"line":305,"column":10},"end":{"line":331,"column":3}},"loc":{"start":{"line":305,"column":10},"end":{"line":331,"column":3}},"line":305},"11":{"name":"handleCollisionEvents","decl":{"start":{"line":333,"column":10},"end":{"line":340,"column":3}},"loc":{"start":{"line":333,"column":10},"end":{"line":340,"column":3}},"line":333},"12":{"name":"update","decl":{"start":{"line":342,"column":10},"end":{"line":391,"column":3}},"loc":{"start":{"line":342,"column":10},"end":{"line":391,"column":3}},"line":342},"13":{"name":"animate","decl":{"start":{"line":393,"column":10},"end":{"line":426,"column":3}},"loc":{"start":{"line":393,"column":10},"end":{"line":426,"column":3}},"line":393}},"f":{"0":5,"1":5,"2":5,"3":0,"4":12,"5":3,"6":1,"7":3,"8":6,"9":0,"10":5,"11":4,"12":4,"13":10}}
,"C:\\Users\\edgre\\Documents\\threejs game\\src\\config.ts": {"path":"C:\\Users\\edgre\\Documents\\threejs game\\src\\config.ts","all":false,"statementMap":{"0":{"start":{"line":1,"column":0},"end":{"line":1,"column":23}},"1":{"start":{"line":2,"column":0},"end":{"line":2,"column":14}},"2":{"start":{"line":3,"column":0},"end":{"line":3,"column":23}},"3":{"start":{"line":4,"column":0},"end":{"line":4,"column":30}},"4":{"start":{"line":5,"column":0},"end":{"line":5,"column":27}},"5":{"start":{"line":6,"column":0},"end":{"line":6,"column":27}},"6":{"start":{"line":7,"column":0},"end":{"line":7,"column":23}},"7":{"start":{"line":8,"column":0},"end":{"line":8,"column":28}},"8":{"start":{"line":9,"column":0},"end":{"line":9,"column":24}},"9":{"start":{"line":10,"column":0},"end":{"line":10,"column":25}},"10":{"start":{"line":11,"column":0},"end":{"line":11,"column":6}},"11":{"start":{"line":12,"column":0},"end":{"line":12,"column":13}},"12":{"start":{"line":13,"column":0},"end":{"line":13,"column":28}},"13":{"start":{"line":14,"column":0},"end":{"line":14,"column":24}},"14":{"start":{"line":15,"column":0},"end":{"line":15,"column":6}},"15":{"start":{"line":16,"column":0},"end":{"line":16,"column":12}},"16":{"start":{"line":17,"column":0},"end":{"line":17,"column":19}},"17":{"start":{"line":18,"column":0},"end":{"line":18,"column":18}},"18":{"start":{"line":19,"column":0},"end":{"line":19,"column":25}},"19":{"start":{"line":20,"column":0},"end":{"line":20,"column":22}},"20":{"start":{"line":21,"column":0},"end":{"line":21,"column":25}},"21":{"start":{"line":22,"column":0},"end":{"line":22,"column":28}},"22":{"start":{"line":23,"column":0},"end":{"line":23,"column":6}},"23":{"start":{"line":24,"column":0},"end":{"line":24,"column":11}},"24":{"start":{"line":25,"column":0},"end":{"line":25,"column":16}},"25":{"start":{"line":26,"column":0},"end":{"line":26,"column":6}},"27":{"start":{"line":28,"column":0},"end":{"line":28,"column":2}}},"s":{"0":1,"1":1,"2":1,"3":1,"4":1,"5":1,"6":1,"7":1,"8":1,"9":1,"10":1,"11":1,"12":1,"13":1,"14":1,"15":1,"16":1,"17":1,"18":1,"19":1,"20":1,"21":1,"22":1,"23":1,"24":1,"25":1,"27":1},"branchMap":{},"b":{},"fnMap":{},"f":{}}
,"C:\\Users\\edgre\\Documents\\threejs game\\src\\main.ts": {"path":"C:\\Users\\edgre\\Documents\\threejs game\\src\\main.ts","all":false,"statementMap":{"0":{"start":{"line":1,"column":0},"end":{"line":1,"column":30}},"2":{"start":{"line":3,"column":0},"end":{"line":3,"column":14}}},"s":{"0":1,"2":1},"branchMap":{},"b":{},"fnMap":{},"f":{}}
,"C:\\Users\\edgre\\Documents\\threejs game\\src\\ecs\\Component.ts": {"path":"C:\\Users\\edgre\\Documents\\threejs game\\src\\ecs\\Component.ts","all":false,"statementMap":{"1":{"start":{"line":2,"column":0},"end":{"line":2,"column":34}}},"s":{"1":1},"branchMap":{},"b":{},"fnMap":{},"f":{}}
,"C:\\Users\\edgre\\Documents\\threejs game\\src\\ecs\\Entity.ts": {"path":"C:\\Users\\edgre\\Documents\\threejs game\\src\\ecs\\Entity.ts","all":false,"statementMap":{"2":{"start":{"line":3,"column":0},"end":{"line":3,"column":21}},"3":{"start":{"line":4,"column":0},"end":{"line":4,"column":59}},"5":{"start":{"line":6,"column":0},"end":{"line":6,"column":44}},"7":{"start":{"line":8,"column":0},"end":{"line":8,"column":51}},"8":{"start":{"line":9,"column":0},"end":{"line":9,"column":58}},"9":{"start":{"line":10,"column":0},"end":{"line":10,"column":3}},"11":{"start":{"line":12,"column":0},"end":{"line":12,"column":102}},"12":{"start":{"line":13,"column":0},"end":{"line":13,"column":52}},"13":{"start":{"line":14,"column":0},"end":{"line":14,"column":3}},"15":{"start":{"line":16,"column":0},"end":{"line":16,"column":96}},"16":{"start":{"line":17,"column":0},"end":{"line":17,"column":47}},"17":{"start":{"line":18,"column":0},"end":{"line":18,"column":3}},"18":{"start":{"line":19,"column":0},"end":{"line":19,"column":1}}},"s":{"2":1,"3":1,"5":1,"7":1,"8":69,"9":69,"11":1,"12":149,"13":149,"15":1,"16":129,"17":129,"18":1},"branchMap":{"0":{"type":"branch","line":6,"loc":{"start":{"line":6,"column":2},"end":{"line":6,"column":44}},"locations":[{"start":{"line":6,"column":2},"end":{"line":6,"column":44}}]},"1":{"type":"branch","line":8,"loc":{"start":{"line":8,"column":9},"end":{"line":10,"column":3}},"locations":[{"start":{"line":8,"column":9},"end":{"line":10,"column":3}}]},"2":{"type":"branch","line":12,"loc":{"start":{"line":12,"column":9},"end":{"line":14,"column":3}},"locations":[{"start":{"line":12,"column":9},"end":{"line":14,"column":3}}]},"3":{"type":"branch","line":16,"loc":{"start":{"line":16,"column":9},"end":{"line":18,"column":3}},"locations":[{"start":{"line":16,"column":9},"end":{"line":18,"column":3}}]}},"b":{"0":[34],"1":[69],"2":[149],"3":[129]},"fnMap":{"0":{"name":"Entity","decl":{"start":{"line":6,"column":2},"end":{"line":6,"column":44}},"loc":{"start":{"line":6,"column":2},"end":{"line":6,"column":44}},"line":6},"1":{"name":"addComponent","decl":{"start":{"line":8,"column":9},"end":{"line":10,"column":3}},"loc":{"start":{"line":8,"column":9},"end":{"line":10,"column":3}},"line":8},"2":{"name":"getComponent","decl":{"start":{"line":12,"column":9},"end":{"line":14,"column":3}},"loc":{"start":{"line":12,"column":9},"end":{"line":14,"column":3}},"line":12},"3":{"name":"hasComponent","decl":{"start":{"line":16,"column":9},"end":{"line":18,"column":3}},"loc":{"start":{"line":16,"column":9},"end":{"line":18,"column":3}},"line":16}},"f":{"0":34,"1":69,"2":149,"3":129}}
,"C:\\Users\\edgre\\Documents\\threejs game\\src\\ecs\\EntityManager.ts": {"path":"C:\\Users\\edgre\\Documents\\threejs game\\src\\ecs\\EntityManager.ts","all":false,"statementMap":{"2":{"start":{"line":3,"column":0},"end":{"line":3,"column":28}},"3":{"start":{"line":4,"column":0},"end":{"line":4,"column":52}},"5":{"start":{"line":6,"column":0},"end":{"line":6,"column":42}},"6":{"start":{"line":7,"column":0},"end":{"line":7,"column":41}},"7":{"start":{"line":8,"column":0},"end":{"line":8,"column":3}},"9":{"start":{"line":10,"column":0},"end":{"line":10,"column":52}},"10":{"start":{"line":11,"column":0},"end":{"line":11,"column":33}},"11":{"start":{"line":12,"column":0},"end":{"line":12,"column":3}},"13":{"start":{"line":14,"column":0},"end":{"line":14,"column":41}},"14":{"start":{"line":15,"column":0},"end":{"line":15,"column":29}},"15":{"start":{"line":16,"column":0},"end":{"line":16,"column":3}},"17":{"start":{"line":18,"column":0},"end":{"line":18,"column":37}},"18":{"start":{"line":19,"column":0},"end":{"line":19,"column":46}},"19":{"start":{"line":20,"column":0},"end":{"line":20,"column":3}},"21":{"start":{"line":22,"column":0},"end":{"line":22,"column":24}},"22":{"start":{"line":23,"column":0},"end":{"line":23,"column":26}},"23":{"start":{"line":24,"column":0},"end":{"line":24,"column":3}},"24":{"start":{"line":25,"column":0},"end":{"line":25,"column":1}}},"s":{"2":1,"3":5,"5":1,"6":7,"7":7,"9":1,"10":22,"11":22,"13":1,"14":0,"15":0,"17":1,"18":17,"19":17,"21":1,"22":3,"23":3,"24":1},"branchMap":{"0":{"type":"branch","line":3,"loc":{"start":{"line":3,"column":7},"end":{"line":4,"column":52}},"locations":[{"start":{"line":3,"column":7},"end":{"line":4,"column":52}}]},"1":{"type":"branch","line":6,"loc":{"start":{"line":6,"column":9},"end":{"line":8,"column":3}},"locations":[{"start":{"line":6,"column":9},"end":{"line":8,"column":3}}]},"2":{"type":"branch","line":10,"loc":{"start":{"line":10,"column":9},"end":{"line":12,"column":3}},"locations":[{"start":{"line":10,"column":9},"end":{"line":12,"column":3}}]},"3":{"type":"branch","line":18,"loc":{"start":{"line":18,"column":9},"end":{"line":20,"column":3}},"locations":[{"start":{"line":18,"column":9},"end":{"line":20,"column":3}}]},"4":{"type":"branch","line":22,"loc":{"start":{"line":22,"column":9},"end":{"line":24,"column":3}},"locations":[{"start":{"line":22,"column":9},"end":{"line":24,"column":3}}]}},"b":{"0":[5],"1":[7],"2":[22],"3":[17],"4":[3]},"fnMap":{"0":{"name":"EntityManager","decl":{"start":{"line":3,"column":7},"end":{"line":4,"column":52}},"loc":{"start":{"line":3,"column":7},"end":{"line":4,"column":52}},"line":3},"1":{"name":"addEntity","decl":{"start":{"line":6,"column":9},"end":{"line":8,"column":3}},"loc":{"start":{"line":6,"column":9},"end":{"line":8,"column":3}},"line":6},"2":{"name":"getEntity","decl":{"start":{"line":10,"column":9},"end":{"line":12,"column":3}},"loc":{"start":{"line":10,"column":9},"end":{"line":12,"column":3}},"line":10},"3":{"name":"removeEntity","decl":{"start":{"line":14,"column":9},"end":{"line":16,"column":3}},"loc":{"start":{"line":14,"column":9},"end":{"line":16,"column":3}},"line":14},"4":{"name":"getAllEntities","decl":{"start":{"line":18,"column":9},"end":{"line":20,"column":3}},"loc":{"start":{"line":18,"column":9},"end":{"line":20,"column":3}},"line":18},"5":{"name":"clear","decl":{"start":{"line":22,"column":9},"end":{"line":24,"column":3}},"loc":{"start":{"line":22,"column":9},"end":{"line":24,"column":3}},"line":22}},"f":{"0":5,"1":7,"2":22,"3":0,"4":17,"5":3}}
,"C:\\Users\\edgre\\Documents\\threejs game\\src\\ecs\\System.ts": {"path":"C:\\Users\\edgre\\Documents\\threejs game\\src\\ecs\\System.ts","all":false,"statementMap":{"2":{"start":{"line":3,"column":0},"end":{"line":3,"column":30}},"6":{"start":{"line":7,"column":0},"end":{"line":7,"column":1}}},"s":{"2":1,"6":1},"branchMap":{},"b":{},"fnMap":{},"f":{}}
,"C:\\Users\\edgre\\Documents\\threejs game\\src\\ecs\\components\\AIControlComponent.ts": {"path":"C:\\Users\\edgre\\Documents\\threejs game\\src\\ecs\\components\\AIControlComponent.ts","all":false,"statementMap":{"1":{"start":{"line":2,"column":0},"end":{"line":2,"column":41}},"3":{"start":{"line":4,"column":0},"end":{"line":4,"column":51}},"4":{"start":{"line":5,"column":0},"end":{"line":5,"column":16}},"5":{"start":{"line":6,"column":0},"end":{"line":6,"column":42}},"6":{"start":{"line":7,"column":0},"end":{"line":7,"column":48}},"7":{"start":{"line":8,"column":0},"end":{"line":8,"column":29}},"8":{"start":{"line":9,"column":0},"end":{"line":9,"column":18}},"9":{"start":{"line":10,"column":0},"end":{"line":10,"column":1}}},"s":{"1":1,"3":1,"4":1,"5":3,"6":3,"7":3,"8":3,"9":1},"branchMap":{"0":{"type":"branch","line":5,"loc":{"start":{"line":5,"column":4},"end":{"line":9,"column":18}},"locations":[{"start":{"line":5,"column":4},"end":{"line":9,"column":18}}]}},"b":{"0":[3]},"fnMap":{"0":{"name":"AIControlComponent","decl":{"start":{"line":5,"column":4},"end":{"line":9,"column":18}},"loc":{"start":{"line":5,"column":4},"end":{"line":9,"column":18}},"line":5}},"f":{"0":3}}
,"C:\\Users\\edgre\\Documents\\threejs game\\src\\ecs\\components\\LapTrackerComponent.ts": {"path":"C:\\Users\\edgre\\Documents\\threejs game\\src\\ecs\\components\\LapTrackerComponent.ts","all":false,"statementMap":{"0":{"start":{"line":1,"column":0},"end":{"line":1,"column":41}},"2":{"start":{"line":3,"column":0},"end":{"line":3,"column":52}},"3":{"start":{"line":4,"column":0},"end":{"line":4,"column":16}},"4":{"start":{"line":5,"column":0},"end":{"line":5,"column":31}},"5":{"start":{"line":6,"column":0},"end":{"line":6,"column":46}},"6":{"start":{"line":7,"column":0},"end":{"line":7,"column":40}},"7":{"start":{"line":8,"column":0},"end":{"line":8,"column":48}},"8":{"start":{"line":9,"column":0},"end":{"line":9,"column":18}},"9":{"start":{"line":10,"column":0},"end":{"line":10,"column":1}}},"s":{"0":1,"2":1,"3":1,"4":12,"5":12,"6":12,"7":12,"8":12,"9":1},"branchMap":{"0":{"type":"branch","line":4,"loc":{"start":{"line":4,"column":4},"end":{"line":9,"column":18}},"locations":[{"start":{"line":4,"column":4},"end":{"line":9,"column":18}}]}},"b":{"0":[12]},"fnMap":{"0":{"name":"LapTrackerComponent","decl":{"start":{"line":4,"column":4},"end":{"line":9,"column":18}},"loc":{"start":{"line":4,"column":4},"end":{"line":9,"column":18}},"line":4}},"f":{"0":12}}
,"C:\\Users\\edgre\\Documents\\threejs game\\src\\ecs\\components\\PhysicsComponent.ts": {"path":"C:\\Users\\edgre\\Documents\\threejs game\\src\\ecs\\components\\PhysicsComponent.ts","all":false,"statementMap":{"0":{"start":{"line":1,"column":0},"end":{"line":1,"column":41}},"2":{"start":{"line":3,"column":0},"end":{"line":3,"column":49}},"3":{"start":{"line":4,"column":0},"end":{"line":4,"column":16}},"4":{"start":{"line":5,"column":0},"end":{"line":5,"column":33}},"5":{"start":{"line":6,"column":0},"end":{"line":6,"column":40}},"6":{"start":{"line":7,"column":0},"end":{"line":7,"column":38}},"7":{"start":{"line":8,"column":0},"end":{"line":8,"column":33}},"8":{"start":{"line":9,"column":0},"end":{"line":9,"column":43}},"9":{"start":{"line":10,"column":0},"end":{"line":10,"column":28}},"10":{"start":{"line":11,"column":0},"end":{"line":11,"column":25}},"11":{"start":{"line":12,"column":0},"end":{"line":12,"column":30}},"12":{"start":{"line":13,"column":0},"end":{"line":13,"column":35}},"13":{"start":{"line":14,"column":0},"end":{"line":14,"column":31}},"14":{"start":{"line":15,"column":0},"end":{"line":15,"column":18}},"15":{"start":{"line":16,"column":0},"end":{"line":16,"column":1}}},"s":{"0":1,"2":1,"3":1,"4":16,"5":16,"6":16,"7":16,"8":16,"9":16,"10":16,"11":16,"12":16,"13":16,"14":16,"15":1},"branchMap":{"0":{"type":"branch","line":4,"loc":{"start":{"line":4,"column":4},"end":{"line":15,"column":18}},"locations":[{"start":{"line":4,"column":4},"end":{"line":15,"column":18}}]}},"b":{"0":[16]},"fnMap":{"0":{"name":"PhysicsComponent","decl":{"start":{"line":4,"column":4},"end":{"line":15,"column":18}},"loc":{"start":{"line":4,"column":4},"end":{"line":15,"column":18}},"line":4}},"f":{"0":16}}
,"C:\\Users\\edgre\\Documents\\threejs game\\src\\ecs\\components\\PlayerInputComponent.ts": {"path":"C:\\Users\\edgre\\Documents\\threejs game\\src\\ecs\\components\\PlayerInputComponent.ts","all":false,"statementMap":{"0":{"start":{"line":1,"column":0},"end":{"line":1,"column":41}},"2":{"start":{"line":3,"column":0},"end":{"line":3,"column":53}},"3":{"start":{"line":4,"column":0},"end":{"line":4,"column":71}},"4":{"start":{"line":5,"column":0},"end":{"line":5,"column":1}}},"s":{"0":1,"2":1,"3":1,"4":1},"branchMap":{"0":{"type":"branch","line":4,"loc":{"start":{"line":4,"column":2},"end":{"line":4,"column":71}},"locations":[{"start":{"line":4,"column":2},"end":{"line":4,"column":71}}]}},"b":{"0":[3]},"fnMap":{"0":{"name":"PlayerInputComponent","decl":{"start":{"line":4,"column":2},"end":{"line":4,"column":71}},"loc":{"start":{"line":4,"column":2},"end":{"line":4,"column":71}},"line":4}},"f":{"0":3}}
,"C:\\Users\\edgre\\Documents\\threejs game\\src\\ecs\\components\\RenderComponent.ts": {"path":"C:\\Users\\edgre\\Documents\\threejs game\\src\\ecs\\components\\RenderComponent.ts","all":false,"statementMap":{"1":{"start":{"line":2,"column":0},"end":{"line":2,"column":41}},"3":{"start":{"line":4,"column":0},"end":{"line":4,"column":48}},"4":{"start":{"line":5,"column":0},"end":{"line":5,"column":51}},"5":{"start":{"line":6,"column":0},"end":{"line":6,"column":1}}},"s":{"1":1,"3":1,"4":1,"5":1},"branchMap":{"0":{"type":"branch","line":5,"loc":{"start":{"line":5,"column":2},"end":{"line":5,"column":51}},"locations":[{"start":{"line":5,"column":2},"end":{"line":5,"column":51}}]}},"b":{"0":[6]},"fnMap":{"0":{"name":"RenderComponent","decl":{"start":{"line":5,"column":2},"end":{"line":5,"column":51}},"loc":{"start":{"line":5,"column":2},"end":{"line":5,"column":51}},"line":5}},"f":{"0":6}}
,"C:\\Users\\edgre\\Documents\\threejs game\\src\\ecs\\components\\TransformComponent.ts": {"path":"C:\\Users\\edgre\\Documents\\threejs game\\src\\ecs\\components\\TransformComponent.ts","all":false,"statementMap":{"1":{"start":{"line":2,"column":0},"end":{"line":2,"column":41}},"3":{"start":{"line":4,"column":0},"end":{"line":4,"column":51}},"4":{"start":{"line":5,"column":0},"end":{"line":5,"column":14}},"5":{"start":{"line":6,"column":0},"end":{"line":6,"column":35}},"6":{"start":{"line":7,"column":0},"end":{"line":7,"column":40}},"7":{"start":{"line":8,"column":0},"end":{"line":8,"column":33}},"8":{"start":{"line":9,"column":0},"end":{"line":9,"column":16}},"9":{"start":{"line":10,"column":0},"end":{"line":10,"column":1}}},"s":{"1":1,"3":1,"4":1,"5":29,"6":29,"7":29,"8":29,"9":1},"branchMap":{"0":{"type":"branch","line":5,"loc":{"start":{"line":5,"column":2},"end":{"line":9,"column":16}},"locations":[{"start":{"line":5,"column":2},"end":{"line":9,"column":16}}]}},"b":{"0":[29]},"fnMap":{"0":{"name":"TransformComponent","decl":{"start":{"line":5,"column":2},"end":{"line":9,"column":16}},"loc":{"start":{"line":5,"column":2},"end":{"line":9,"column":16}},"line":5}},"f":{"0":29}}
,"C:\\Users\\edgre\\Documents\\threejs game\\src\\ecs\\systems\\AISystem.ts": {"path":"C:\\Users\\edgre\\Documents\\threejs game\\src\\ecs\\systems\\AISystem.ts","all":false,"statementMap":{"0":{"start":{"line":1,"column":0},"end":{"line":1,"column":35}},"2":{"start":{"line":3,"column":0},"end":{"line":3,"column":70}},"3":{"start":{"line":4,"column":0},"end":{"line":4,"column":70}},"4":{"start":{"line":5,"column":0},"end":{"line":5,"column":74}},"5":{"start":{"line":6,"column":0},"end":{"line":6,"column":31}},"7":{"start":{"line":8,"column":0},"end":{"line":8,"column":38}},"8":{"start":{"line":9,"column":0},"end":{"line":9,"column":67}},"9":{"start":{"line":10,"column":0},"end":{"line":10,"column":68}},"10":{"start":{"line":11,"column":0},"end":{"line":11,"column":3}},"12":{"start":{"line":13,"column":0},"end":{"line":13,"column":55}},"13":{"start":{"line":14,"column":0},"end":{"line":14,"column":56}},"14":{"start":{"line":15,"column":0},"end":{"line":15,"column":80}},"16":{"start":{"line":17,"column":0},"end":{"line":17,"column":75}},"18":{"start":{"line":19,"column":0},"end":{"line":19,"column":36}},"19":{"start":{"line":20,"column":0},"end":{"line":20,"column":95}},"20":{"start":{"line":21,"column":0},"end":{"line":21,"column":67}},"21":{"start":{"line":22,"column":0},"end":{"line":22,"column":67}},"23":{"start":{"line":24,"column":0},"end":{"line":24,"column":55}},"28":{"start":{"line":29,"column":0},"end":{"line":29,"column":89}},"29":{"start":{"line":30,"column":0},"end":{"line":30,"column":88}},"30":{"start":{"line":31,"column":0},"end":{"line":31,"column":62}},"33":{"start":{"line":34,"column":0},"end":{"line":34,"column":45}},"34":{"start":{"line":35,"column":0},"end":{"line":35,"column":85}},"35":{"start":{"line":36,"column":0},"end":{"line":36,"column":108}},"36":{"start":{"line":37,"column":0},"end":{"line":37,"column":80}},"38":{"start":{"line":39,"column":0},"end":{"line":39,"column":93}},"39":{"start":{"line":40,"column":0},"end":{"line":40,"column":95}},"41":{"start":{"line":42,"column":0},"end":{"line":42,"column":65}},"42":{"start":{"line":43,"column":0},"end":{"line":43,"column":79}},"43":{"start":{"line":44,"column":0},"end":{"line":44,"column":39}},"44":{"start":{"line":45,"column":0},"end":{"line":45,"column":9}},"47":{"start":{"line":48,"column":0},"end":{"line":48,"column":81}},"48":{"start":{"line":49,"column":0},"end":{"line":49,"column":79}},"49":{"start":{"line":50,"column":0},"end":{"line":50,"column":39}},"50":{"start":{"line":51,"column":0},"end":{"line":51,"column":109}},"51":{"start":{"line":52,"column":0},"end":{"line":52,"column":9}},"54":{"start":{"line":55,"column":0},"end":{"line":55,"column":83}},"55":{"start":{"line":56,"column":0},"end":{"line":56,"column":75}},"56":{"start":{"line":57,"column":0},"end":{"line":57,"column":39}},"57":{"start":{"line":58,"column":0},"end":{"line":58,"column":21}},"58":{"start":{"line":59,"column":0},"end":{"line":59,"column":10}},"59":{"start":{"line":60,"column":0},"end":{"line":60,"column":58}},"60":{"start":{"line":61,"column":0},"end":{"line":61,"column":74}},"64":{"start":{"line":65,"column":0},"end":{"line":65,"column":79}},"67":{"start":{"line":68,"column":0},"end":{"line":68,"column":7}},"68":{"start":{"line":69,"column":0},"end":{"line":69,"column":5}},"69":{"start":{"line":70,"column":0},"end":{"line":70,"column":3}},"70":{"start":{"line":71,"column":0},"end":{"line":71,"column":1}}},"s":{"0":1,"2":1,"3":1,"4":1,"5":1,"7":1,"8":1,"9":4,"10":4,"12":1,"13":4,"14":4,"16":4,"18":4,"19":8,"20":4,"21":4,"23":4,"28":4,"29":4,"30":4,"33":4,"34":4,"35":4,"36":4,"38":4,"39":4,"41":4,"42":4,"43":4,"44":4,"47":4,"48":4,"49":4,"50":0,"51":0,"54":4,"55":4,"56":4,"57":4,"58":4,"59":4,"60":4,"64":4,"67":4,"68":8,"69":4,"70":1},"branchMap":{"0":{"type":"branch","line":9,"loc":{"start":{"line":9,"column":10},"end":{"line":11,"column":3}},"locations":[{"start":{"line":9,"column":10},"end":{"line":11,"column":3}}]},"1":{"type":"branch","line":10,"loc":{"start":{"line":10,"column":25},"end":{"line":10,"column":66}},"locations":[{"start":{"line":10,"column":25},"end":{"line":10,"column":66}}]},"2":{"type":"branch","line":13,"loc":{"start":{"line":13,"column":2},"end":{"line":70,"column":3}},"locations":[{"start":{"line":13,"column":2},"end":{"line":70,"column":3}}]},"3":{"type":"branch","line":15,"loc":{"start":{"line":15,"column":73},"end":{"line":15,"column":80}},"locations":[{"start":{"line":15,"column":73},"end":{"line":15,"column":80}}]},"4":{"type":"branch","line":19,"loc":{"start":{"line":19,"column":35},"end":{"line":69,"column":5}},"locations":[{"start":{"line":19,"column":35},"end":{"line":69,"column":5}}]},"5":{"type":"branch","line":20,"loc":{"start":{"line":20,"column":94},"end":{"line":68,"column":7}},"locations":[{"start":{"line":20,"column":94},"end":{"line":68,"column":7}}]},"6":{"type":"branch","line":24,"loc":{"start":{"line":24,"column":46},"end":{"line":24,"column":55}},"locations":[{"start":{"line":24,"column":46},"end":{"line":24,"column":55}}]},"7":{"type":"branch","line":50,"loc":{"start":{"line":50,"column":38},"end":{"line":52,"column":9}},"locations":[{"start":{"line":50,"column":38},"end":{"line":52,"column":9}}]}},"b":{"0":[4],"1":[4],"2":[4],"3":[0],"4":[8],"5":[4],"6":[0],"7":[0]},"fnMap":{"0":{"name":"getPlayerEntity","decl":{"start":{"line":9,"column":10},"end":{"line":11,"column":3}},"loc":{"start":{"line":9,"column":10},"end":{"line":11,"column":3}},"line":9},"1":{"name":"update","decl":{"start":{"line":13,"column":2},"end":{"line":70,"column":3}},"loc":{"start":{"line":13,"column":2},"end":{"line":70,"column":3}},"line":13}},"f":{"0":4,"1":4}}
,"C:\\Users\\edgre\\Documents\\threejs game\\src\\ecs\\systems\\CollisionSystem.ts": {"path":"C:\\Users\\edgre\\Documents\\threejs game\\src\\ecs\\systems\\CollisionSystem.ts","all":false,"statementMap":{"0":{"start":{"line":1,"column":0},"end":{"line":1,"column":35}},"2":{"start":{"line":3,"column":0},"end":{"line":3,"column":70}},"3":{"start":{"line":4,"column":0},"end":{"line":4,"column":66}},"4":{"start":{"line":5,"column":0},"end":{"line":5,"column":38}},"11":{"start":{"line":12,"column":0},"end":{"line":12,"column":45}},"12":{"start":{"line":13,"column":0},"end":{"line":13,"column":40}},"14":{"start":{"line":15,"column":0},"end":{"line":15,"column":73}},"15":{"start":{"line":16,"column":0},"end":{"line":16,"column":12}},"16":{"start":{"line":17,"column":0},"end":{"line":17,"column":3}},"18":{"start":{"line":19,"column":0},"end":{"line":19,"column":40}},"19":{"start":{"line":20,"column":0},"end":{"line":20,"column":26}},"20":{"start":{"line":21,"column":0},"end":{"line":21,"column":44}},"21":{"start":{"line":22,"column":0},"end":{"line":22,"column":13}},"22":{"start":{"line":23,"column":0},"end":{"line":23,"column":3}},"24":{"start":{"line":25,"column":0},"end":{"line":25,"column":55}},"25":{"start":{"line":26,"column":0},"end":{"line":26,"column":36}},"26":{"start":{"line":27,"column":0},"end":{"line":27,"column":93}},"27":{"start":{"line":28,"column":0},"end":{"line":28,"column":67}},"28":{"start":{"line":29,"column":0},"end":{"line":29,"column":63}},"29":{"start":{"line":30,"column":0},"end":{"line":30,"column":60}},"31":{"start":{"line":32,"column":0},"end":{"line":32,"column":54}},"32":{"start":{"line":33,"column":0},"end":{"line":33,"column":75}},"33":{"start":{"line":34,"column":0},"end":{"line":34,"column":37}},"34":{"start":{"line":35,"column":0},"end":{"line":35,"column":104}},"35":{"start":{"line":36,"column":0},"end":{"line":36,"column":39}},"36":{"start":{"line":37,"column":0},"end":{"line":37,"column":11}},"38":{"start":{"line":39,"column":0},"end":{"line":39,"column":52}},"39":{"start":{"line":40,"column":0},"end":{"line":40,"column":32}},"40":{"start":{"line":41,"column":0},"end":{"line":41,"column":16}},"41":{"start":{"line":42,"column":0},"end":{"line":42,"column":38}},"42":{"start":{"line":43,"column":0},"end":{"line":43,"column":9}},"43":{"start":{"line":44,"column":0},"end":{"line":44,"column":7}},"44":{"start":{"line":45,"column":0},"end":{"line":45,"column":5}},"45":{"start":{"line":46,"column":0},"end":{"line":46,"column":3}},"46":{"start":{"line":47,"column":0},"end":{"line":47,"column":1}}},"s":{"0":1,"2":1,"3":1,"4":1,"11":1,"12":1,"14":1,"15":8,"16":8,"18":1,"19":9,"20":9,"21":9,"22":9,"24":1,"25":11,"26":15,"27":15,"28":15,"29":15,"31":15,"32":15,"33":6,"34":5,"35":5,"36":5,"38":6,"39":6,"40":15,"41":9,"42":9,"43":15,"44":15,"45":11,"46":1},"branchMap":{"0":{"type":"branch","line":15,"loc":{"start":{"line":15,"column":2},"end":{"line":17,"column":3}},"locations":[{"start":{"line":15,"column":2},"end":{"line":17,"column":3}}]},"1":{"type":"branch","line":19,"loc":{"start":{"line":19,"column":9},"end":{"line":23,"column":3}},"locations":[{"start":{"line":19,"column":9},"end":{"line":23,"column":3}}]},"2":{"type":"branch","line":25,"loc":{"start":{"line":25,"column":2},"end":{"line":46,"column":3}},"locations":[{"start":{"line":25,"column":2},"end":{"line":46,"column":3}}]},"3":{"type":"branch","line":26,"loc":{"start":{"line":26,"column":35},"end":{"line":45,"column":5}},"locations":[{"start":{"line":26,"column":35},"end":{"line":45,"column":5}}]},"4":{"type":"branch","line":33,"loc":{"start":{"line":33,"column":29},"end":{"line":33,"column":74}},"locations":[{"start":{"line":33,"column":29},"end":{"line":33,"column":74}}]},"5":{"type":"branch","line":33,"loc":{"start":{"line":33,"column":74},"end":{"line":41,"column":15}},"locations":[{"start":{"line":33,"column":74},"end":{"line":41,"column":15}}]},"6":{"type":"branch","line":34,"loc":{"start":{"line":34,"column":36},"end":{"line":37,"column":11}},"locations":[{"start":{"line":34,"column":36},"end":{"line":37,"column":11}}]},"7":{"type":"branch","line":41,"loc":{"start":{"line":41,"column":8},"end":{"line":43,"column":9}},"locations":[{"start":{"line":41,"column":8},"end":{"line":43,"column":9}}]}},"b":{"0":[8],"1":[9],"2":[11],"3":[15],"4":[10],"5":[6],"6":[5],"7":[9]},"fnMap":{"0":{"name":"CollisionSystem","decl":{"start":{"line":15,"column":2},"end":{"line":17,"column":3}},"loc":{"start":{"line":15,"column":2},"end":{"line":17,"column":3}},"line":15},"1":{"name":"getEvents","decl":{"start":{"line":19,"column":9},"end":{"line":23,"column":3}},"loc":{"start":{"line":19,"column":9},"end":{"line":23,"column":3}},"line":19},"2":{"name":"update","decl":{"start":{"line":25,"column":2},"end":{"line":46,"column":3}},"loc":{"start":{"line":25,"column":2},"end":{"line":46,"column":3}},"line":25}},"f":{"0":8,"1":9,"2":11}}
,"C:\\Users\\edgre\\Documents\\threejs game\\src\\ecs\\systems\\InputSystem.ts": {"path":"C:\\Users\\edgre\\Documents\\threejs game\\src\\ecs\\systems\\InputSystem.ts","all":false,"statementMap":{"0":{"start":{"line":1,"column":0},"end":{"line":1,"column":35}},"2":{"start":{"line":3,"column":0},"end":{"line":3,"column":74}},"3":{"start":{"line":4,"column":0},"end":{"line":4,"column":66}},"5":{"start":{"line":6,"column":0},"end":{"line":6,"column":41}},"6":{"start":{"line":7,"column":0},"end":{"line":7,"column":55}},"7":{"start":{"line":8,"column":0},"end":{"line":8,"column":36}},"8":{"start":{"line":9,"column":0},"end":{"line":9,"column":95}},"9":{"start":{"line":10,"column":0},"end":{"line":10,"column":65}},"10":{"start":{"line":11,"column":0},"end":{"line":11,"column":63}},"13":{"start":{"line":14,"column":0},"end":{"line":14,"column":91}},"14":{"start":{"line":15,"column":0},"end":{"line":15,"column":88}},"17":{"start":{"line":18,"column":0},"end":{"line":18,"column":44}},"18":{"start":{"line":19,"column":0},"end":{"line":19,"column":39}},"21":{"start":{"line":22,"column":0},"end":{"line":22,"column":105}},"22":{"start":{"line":23,"column":0},"end":{"line":23,"column":7}},"23":{"start":{"line":24,"column":0},"end":{"line":24,"column":5}},"24":{"start":{"line":25,"column":0},"end":{"line":25,"column":3}},"25":{"start":{"line":26,"column":0},"end":{"line":26,"column":1}}},"s":{"0":1,"2":1,"3":1,"5":1,"6":1,"7":4,"8":8,"9":4,"10":4,"13":4,"14":4,"17":4,"18":4,"21":4,"22":4,"23":8,"24":4,"25":1},"branchMap":{"0":{"type":"branch","line":7,"loc":{"start":{"line":7,"column":2},"end":{"line":25,"column":3}},"locations":[{"start":{"line":7,"column":2},"end":{"line":25,"column":3}}]},"1":{"type":"branch","line":8,"loc":{"start":{"line":8,"column":35},"end":{"line":24,"column":5}},"locations":[{"start":{"line":8,"column":35},"end":{"line":24,"column":5}}]},"2":{"type":"branch","line":9,"loc":{"start":{"line":9,"column":50},"end":{"line":9,"column":94}},"locations":[{"start":{"line":9,"column":50},"end":{"line":9,"column":94}}]},"3":{"type":"branch","line":9,"loc":{"start":{"line":9,"column":94},"end":{"line":23,"column":7}},"locations":[{"start":{"line":9,"column":94},"end":{"line":23,"column":7}}]},"4":{"type":"branch","line":14,"loc":{"start":{"line":14,"column":48},"end":{"line":14,"column":56}},"locations":[{"start":{"line":14,"column":48},"end":{"line":14,"column":56}}]},"5":{"type":"branch","line":14,"loc":{"start":{"line":14,"column":52},"end":{"line":14,"column":62}},"locations":[{"start":{"line":14,"column":52},"end":{"line":14,"column":62}}]},"6":{"type":"branch","line":14,"loc":{"start":{"line":14,"column":80},"end":{"line":14,"column":88}},"locations":[{"start":{"line":14,"column":80},"end":{"line":14,"column":88}}]},"7":{"type":"branch","line":15,"loc":{"start":{"line":15,"column":45},"end":{"line":15,"column":53}},"locations":[{"start":{"line":15,"column":45},"end":{"line":15,"column":53}}]},"8":{"type":"branch","line":15,"loc":{"start":{"line":15,"column":77},"end":{"line":15,"column":85}},"locations":[{"start":{"line":15,"column":77},"end":{"line":15,"column":85}}]},"9":{"type":"branch","line":22,"loc":{"start":{"line":22,"column":51},"end":{"line":22,"column":75}},"locations":[{"start":{"line":22,"column":51},"end":{"line":22,"column":75}}]},"10":{"type":"branch","line":22,"loc":{"start":{"line":22,"column":70},"end":{"line":22,"column":105}},"locations":[{"start":{"line":22,"column":70},"end":{"line":22,"column":105}}]}},"b":{"0":[4],"1":[8],"2":[4],"3":[4],"4":[2],"5":[2],"6":[0],"7":[0],"8":[0],"9":[0],"10":[0]},"fnMap":{"0":{"name":"update","decl":{"start":{"line":7,"column":2},"end":{"line":25,"column":3}},"loc":{"start":{"line":7,"column":2},"end":{"line":25,"column":3}},"line":7}},"f":{"0":4}}
,"C:\\Users\\edgre\\Documents\\threejs game\\src\\ecs\\systems\\LapSystem.ts": {"path":"C:\\Users\\edgre\\Documents\\threejs game\\src\\ecs\\systems\\LapSystem.ts","all":false,"statementMap":{"0":{"start":{"line":1,"column":0},"end":{"line":1,"column":35}},"2":{"start":{"line":3,"column":0},"end":{"line":3,"column":70}},"3":{"start":{"line":4,"column":0},"end":{"line":4,"column":72}},"4":{"start":{"line":5,"column":0},"end":{"line":5,"column":38}},"6":{"start":{"line":7,"column":0},"end":{"line":7,"column":49}},"15":{"start":{"line":16,"column":0},"end":{"line":16,"column":39}},"17":{"start":{"line":18,"column":0},"end":{"line":18,"column":42}},"19":{"start":{"line":20,"column":0},"end":{"line":20,"column":58}},"20":{"start":{"line":21,"column":0},"end":{"line":21,"column":56}},"21":{"start":{"line":22,"column":0},"end":{"line":22,"column":56}},"22":{"start":{"line":23,"column":0},"end":{"line":23,"column":56}},"23":{"start":{"line":24,"column":0},"end":{"line":24,"column":56}},"24":{"start":{"line":25,"column":0},"end":{"line":25,"column":17}},"25":{"start":{"line":26,"column":0},"end":{"line":26,"column":5}},"27":{"start":{"line":28,"column":0},"end":{"line":28,"column":42}},"28":{"start":{"line":29,"column":0},"end":{"line":29,"column":30}},"29":{"start":{"line":30,"column":0},"end":{"line":30,"column":48}},"30":{"start":{"line":31,"column":0},"end":{"line":31,"column":17}},"31":{"start":{"line":32,"column":0},"end":{"line":32,"column":5}},"33":{"start":{"line":34,"column":0},"end":{"line":34,"column":64}},"34":{"start":{"line":35,"column":0},"end":{"line":35,"column":40}},"35":{"start":{"line":36,"column":0},"end":{"line":36,"column":102}},"36":{"start":{"line":37,"column":0},"end":{"line":37,"column":75}},"37":{"start":{"line":38,"column":0},"end":{"line":38,"column":77}},"38":{"start":{"line":39,"column":0},"end":{"line":39,"column":61}},"40":{"start":{"line":41,"column":0},"end":{"line":41,"column":77}},"42":{"start":{"line":43,"column":0},"end":{"line":43,"column":55}},"43":{"start":{"line":44,"column":0},"end":{"line":44,"column":81}},"44":{"start":{"line":45,"column":0},"end":{"line":45,"column":82}},"46":{"start":{"line":47,"column":0},"end":{"line":47,"column":37}},"47":{"start":{"line":48,"column":0},"end":{"line":48,"column":57}},"48":{"start":{"line":49,"column":0},"end":{"line":49,"column":98}},"49":{"start":{"line":50,"column":0},"end":{"line":50,"column":68}},"50":{"start":{"line":51,"column":0},"end":{"line":51,"column":62}},"51":{"start":{"line":52,"column":0},"end":{"line":52,"column":25}},"52":{"start":{"line":53,"column":0},"end":{"line":53,"column":43}},"53":{"start":{"line":54,"column":0},"end":{"line":54,"column":59}},"54":{"start":{"line":55,"column":0},"end":{"line":55,"column":21}},"56":{"start":{"line":57,"column":0},"end":{"line":57,"column":93}},"57":{"start":{"line":58,"column":0},"end":{"line":58,"column":55}},"58":{"start":{"line":59,"column":0},"end":{"line":59,"column":70}},"59":{"start":{"line":60,"column":0},"end":{"line":60,"column":76}},"60":{"start":{"line":61,"column":0},"end":{"line":61,"column":42}},"61":{"start":{"line":62,"column":0},"end":{"line":62,"column":29}},"63":{"start":{"line":64,"column":0},"end":{"line":64,"column":45}},"64":{"start":{"line":65,"column":0},"end":{"line":65,"column":72}},"65":{"start":{"line":66,"column":0},"end":{"line":66,"column":61}},"67":{"start":{"line":68,"column":0},"end":{"line":68,"column":70}},"68":{"start":{"line":69,"column":0},"end":{"line":69,"column":72}},"69":{"start":{"line":70,"column":0},"end":{"line":70,"column":29}},"70":{"start":{"line":71,"column":0},"end":{"line":71,"column":25}},"71":{"start":{"line":72,"column":0},"end":{"line":72,"column":77}},"72":{"start":{"line":73,"column":0},"end":{"line":73,"column":56}},"73":{"start":{"line":74,"column":0},"end":{"line":74,"column":21}},"74":{"start":{"line":75,"column":0},"end":{"line":75,"column":62}},"75":{"start":{"line":76,"column":0},"end":{"line":76,"column":17}},"76":{"start":{"line":77,"column":0},"end":{"line":77,"column":13}},"77":{"start":{"line":78,"column":0},"end":{"line":78,"column":9}},"78":{"start":{"line":79,"column":0},"end":{"line":79,"column":5}},"79":{"start":{"line":80,"column":0},"end":{"line":80,"column":1}}},"s":{"0":1,"2":1,"3":1,"4":1,"6":1,"15":1,"17":10,"19":1,"20":13,"21":13,"22":13,"23":13,"24":0,"25":13,"27":1,"28":8,"29":8,"30":8,"31":8,"33":1,"34":9,"35":13,"36":13,"37":13,"38":13,"40":13,"42":13,"43":8,"44":8,"46":8,"47":2,"48":2,"49":2,"50":2,"51":2,"52":8,"53":5,"54":5,"56":8,"57":3,"58":2,"59":1,"60":1,"61":1,"63":1,"64":1,"65":1,"67":1,"68":0,"69":0,"70":2,"71":8,"72":0,"73":0,"74":7,"75":7,"76":13,"77":13,"78":9,"79":1},"branchMap":{"0":{"type":"branch","line":16,"loc":{"start":{"line":16,"column":7},"end":{"line":18,"column":42}},"locations":[{"start":{"line":16,"column":7},"end":{"line":18,"column":42}}]},"1":{"type":"branch","line":20,"loc":{"start":{"line":20,"column":12},"end":{"line":26,"column":5}},"locations":[{"start":{"line":20,"column":12},"end":{"line":26,"column":5}}]},"2":{"type":"branch","line":21,"loc":{"start":{"line":21,"column":26},"end":{"line":21,"column":47}},"locations":[{"start":{"line":21,"column":26},"end":{"line":21,"column":47}}]},"3":{"type":"branch","line":21,"loc":{"start":{"line":21,"column":47},"end":{"line":21,"column":56}},"locations":[{"start":{"line":21,"column":47},"end":{"line":21,"column":56}}]},"4":{"type":"branch","line":21,"loc":{"start":{"line":21,"column":54},"end":{"line":22,"column":47}},"locations":[{"start":{"line":21,"column":54},"end":{"line":22,"column":47}}]},"5":{"type":"branch","line":21,"loc":{"start":{"line":21,"column":54},"end":{"line":22,"column":30}},"locations":[{"start":{"line":21,"column":54},"end":{"line":22,"column":30}}]},"6":{"type":"branch","line":22,"loc":{"start":{"line":22,"column":25},"end":{"line":22,"column":47}},"locations":[{"start":{"line":22,"column":25},"end":{"line":22,"column":47}}]},"7":{"type":"branch","line":22,"loc":{"start":{"line":22,"column":47},"end":{"line":22,"column":56}},"locations":[{"start":{"line":22,"column":47},"end":{"line":22,"column":56}}]},"8":{"type":"branch","line":22,"loc":{"start":{"line":22,"column":54},"end":{"line":23,"column":47}},"locations":[{"start":{"line":22,"column":54},"end":{"line":23,"column":47}}]},"9":{"type":"branch","line":22,"loc":{"start":{"line":22,"column":54},"end":{"line":23,"column":31}},"locations":[{"start":{"line":22,"column":54},"end":{"line":23,"column":31}}]},"10":{"type":"branch","line":23,"loc":{"start":{"line":23,"column":26},"end":{"line":23,"column":47}},"locations":[{"start":{"line":23,"column":26},"end":{"line":23,"column":47}}]},"11":{"type":"branch","line":23,"loc":{"start":{"line":23,"column":47},"end":{"line":24,"column":47}},"locations":[{"start":{"line":23,"column":47},"end":{"line":24,"column":47}}]},"12":{"type":"branch","line":23,"loc":{"start":{"line":23,"column":47},"end":{"line":23,"column":56}},"locations":[{"start":{"line":23,"column":47},"end":{"line":23,"column":56}}]},"13":{"type":"branch","line":23,"loc":{"start":{"line":23,"column":54},"end":{"line":24,"column":47}},"locations":[{"start":{"line":23,"column":54},"end":{"line":24,"column":47}}]},"14":{"type":"branch","line":24,"loc":{"start":{"line":24,"column":47},"end":{"line":25,"column":17}},"locations":[{"start":{"line":24,"column":47},"end":{"line":25,"column":17}}]},"15":{"type":"branch","line":24,"loc":{"start":{"line":24,"column":47},"end":{"line":24,"column":56}},"locations":[{"start":{"line":24,"column":47},"end":{"line":24,"column":56}}]},"16":{"type":"branch","line":24,"loc":{"start":{"line":24,"column":54},"end":{"line":25,"column":17}},"locations":[{"start":{"line":24,"column":54},"end":{"line":25,"column":17}}]},"17":{"type":"branch","line":28,"loc":{"start":{"line":28,"column":11},"end":{"line":32,"column":5}},"locations":[{"start":{"line":28,"column":11},"end":{"line":32,"column":5}}]},"18":{"type":"branch","line":34,"loc":{"start":{"line":34,"column":11},"end":{"line":79,"column":5}},"locations":[{"start":{"line":34,"column":11},"end":{"line":79,"column":5}}]},"19":{"type":"branch","line":35,"loc":{"start":{"line":35,"column":39},"end":{"line":78,"column":9}},"locations":[{"start":{"line":35,"column":39},"end":{"line":78,"column":9}}]},"20":{"type":"branch","line":43,"loc":{"start":{"line":43,"column":54},"end":{"line":76,"column":17}},"locations":[{"start":{"line":43,"column":54},"end":{"line":76,"column":17}}]},"21":{"type":"branch","line":47,"loc":{"start":{"line":47,"column":36},"end":{"line":53,"column":31}},"locations":[{"start":{"line":47,"column":36},"end":{"line":53,"column":31}}]},"22":{"type":"branch","line":53,"loc":{"start":{"line":53,"column":20},"end":{"line":55,"column":21}},"locations":[{"start":{"line":53,"column":20},"end":{"line":55,"column":21}}]},"23":{"type":"branch","line":53,"loc":{"start":{"line":53,"column":42},"end":{"line":55,"column":21}},"locations":[{"start":{"line":53,"column":42},"end":{"line":55,"column":21}}]},"24":{"type":"branch","line":57,"loc":{"start":{"line":57,"column":44},"end":{"line":57,"column":69}},"locations":[{"start":{"line":57,"column":44},"end":{"line":57,"column":69}}]},"25":{"type":"branch","line":57,"loc":{"start":{"line":57,"column":69},"end":{"line":72,"column":31}},"locations":[{"start":{"line":57,"column":69},"end":{"line":72,"column":31}}]},"26":{"type":"branch","line":58,"loc":{"start":{"line":58,"column":54},"end":{"line":71,"column":25}},"locations":[{"start":{"line":58,"column":54},"end":{"line":71,"column":25}}]},"27":{"type":"branch","line":59,"loc":{"start":{"line":59,"column":69},"end":{"line":70,"column":29}},"locations":[{"start":{"line":59,"column":69},"end":{"line":70,"column":29}}]},"28":{"type":"branch","line":68,"loc":{"start":{"line":68,"column":69},"end":{"line":70,"column":29}},"locations"
[...]
:{"line":27,"column":74}},"28":{"start":{"line":29,"column":0},"end":{"line":29,"column":48}},"29":{"start":{"line":30,"column":0},"end":{"line":30,"column":99}},"30":{"start":{"line":31,"column":0},"end":{"line":31,"column":64}},"31":{"start":{"line":32,"column":0},"end":{"line":32,"column":38}},"32":{"start":{"line":33,"column":0},"end":{"line":33,"column":31}},"33":{"start":{"line":34,"column":0},"end":{"line":34,"column":34}},"34":{"start":{"line":35,"column":0},"end":{"line":35,"column":24}},"35":{"start":{"line":36,"column":0},"end":{"line":36,"column":20}},"36":{"start":{"line":37,"column":0},"end":{"line":37,"column":6}},"38":{"start":{"line":39,"column":0},"end":{"line":39,"column":46}},"39":{"start":{"line":40,"column":0},"end":{"line":40,"column":46}},"42":{"start":{"line":43,"column":0},"end":{"line":43,"column":38}},"43":{"start":{"line":44,"column":0},"end":{"line":44,"column":40}},"44":{"start":{"line":45,"column":0},"end":{"line":45,"column":168}},"45":{"start":{"line":46,"column":0},"end":{"line":46,"column":6}},"46":{"start":{"line":47,"column":0},"end":{"line":47,"column":45}},"47":{"start":{"line":48,"column":0},"end":{"line":48,"column":58}},"48":{"start":{"line":49,"column":0},"end":{"line":49,"column":26}},"50":{"start":{"line":51,"column":0},"end":{"line":51,"column":88}},"51":{"start":{"line":52,"column":0},"end":{"line":52,"column":1}}},"s":{"0":1,"3":1,"4":4,"5":4,"6":4,"9":4,"10":4,"11":4,"12":4,"13":4,"14":4,"17":4,"18":4,"19":4,"20":4,"21":4,"22":4,"23":4,"26":4,"28":4,"29":8,"30":8,"31":8,"32":8,"33":8,"34":8,"35":8,"36":8,"38":4,"39":4,"42":4,"43":4,"44":4,"45":4,"46":4,"47":4,"48":4,"50":4,"51":4},"branchMap":{"0":{"type":"branch","line":4,"loc":{"start":{"line":4,"column":7},"end":{"line":52,"column":1}},"locations":[{"start":{"line":4,"column":7},"end":{"line":52,"column":1}}]},"1":{"type":"branch","line":29,"loc":{"start":{"line":29,"column":23},"end":{"line":37,"column":6}},"locations":[{"start":{"line":29,"column":23},"end":{"line":37,"column":6}}]}},"b":{"0":[4],"1":[8]},"fnMap":{"0":{"name":"createTrack","decl":{"start":{"line":4,"column":7},"end":{"line":52,"column":1}},"loc":{"start":{"line":4,"column":7},"end":{"line":52,"column":1}},"line":4},"1":{"name":"createWall","decl":{"start":{"line":29,"column":23},"end":{"line":37,"column":6}},"loc":{"start":{"line":29,"column":23},"end":{"line":37,"column":6}},"line":29}},"f":{"0":4,"1":8}}
,"C:\\Users\\edgre\\Documents\\threejs game\\src\\game\\maps.ts": {"path":"C:\\Users\\edgre\\Documents\\threejs game\\src\\game\\maps.ts","all":false,"statementMap":{"0":{"start":{"line":1,"column":0},"end":{"line":1,"column":34}},"18":{"start":{"line":19,"column":0},"end":{"line":19,"column":34}},"19":{"start":{"line":20,"column":0},"end":{"line":20,"column":3}},"20":{"start":{"line":21,"column":0},"end":{"line":21,"column":26}},"21":{"start":{"line":22,"column":0},"end":{"line":22,"column":28}},"22":{"start":{"line":23,"column":0},"end":{"line":23,"column":41}},"23":{"start":{"line":24,"column":0},"end":{"line":24,"column":30}},"24":{"start":{"line":25,"column":0},"end":{"line":25,"column":4}},"25":{"start":{"line":26,"column":0},"end":{"line":26,"column":3}},"26":{"start":{"line":27,"column":0},"end":{"line":27,"column":23}},"27":{"start":{"line":28,"column":0},"end":{"line":28,"column":25}},"28":{"start":{"line":29,"column":0},"end":{"line":29,"column":39}},"29":{"start":{"line":30,"column":0},"end":{"line":30,"column":18}},"30":{"start":{"line":31,"column":0},"end":{"line":31,"column":22}},"31":{"start":{"line":32,"column":0},"end":{"line":32,"column":17}},"32":{"start":{"line":33,"column":0},"end":{"line":33,"column":15}},"33":{"start":{"line":34,"column":0},"end":{"line":34,"column":6}},"34":{"start":{"line":35,"column":0},"end":{"line":35,"column":4}},"35":{"start":{"line":36,"column":0},"end":{"line":36,"column":1}}},"s":{"0":1,"18":1,"19":1,"20":1,"21":1,"22":1,"23":1,"24":1,"25":1,"26":1,"27":1,"28":1,"29":1,"30":1,"31":1,"32":1,"33":1,"34":1,"35":1},"branchMap":{},"b":{},"fnMap":{},"f":{}}
,"C:\\Users\\edgre\\Documents\\threejs game\\src\\ui\\GameUI.ts": {"path":"C:\\Users\\edgre\\Documents\\threejs game\\src\\ui\\GameUI.ts","all":false,"statementMap":{"0":{"start":{"line":1,"column":0},"end":{"line":1,"column":67}},"1":{"start":{"line":2,"column":0},"end":{"line":2,"column":71}},"2":{"start":{"line":3,"column":0},"end":{"line":3,"column":76}},"3":{"start":{"line":4,"column":0},"end":{"line":4,"column":60}},"4":{"start":{"line":5,"column":0},"end":{"line":5,"column":28}},"5":{"start":{"line":6,"column":0},"end":{"line":6,"column":2}},"7":{"start":{"line":8,"column":0},"end":{"line":8,"column":32}},"8":{"start":{"line":9,"column":0},"end":{"line":9,"column":73}},"9":{"start":{"line":10,"column":0},"end":{"line":10,"column":71}},"10":{"start":{"line":11,"column":0},"end":{"line":11,"column":77}},"11":{"start":{"line":12,"column":0},"end":{"line":12,"column":52}},"12":{"start":{"line":13,"column":0},"end":{"line":13,"column":42}},"13":{"start":{"line":14,"column":0},"end":{"line":14,"column":6}},"14":{"start":{"line":15,"column":0},"end":{"line":15,"column":55}},"15":{"start":{"line":16,"column":0},"end":{"line":16,"column":41}},"16":{"start":{"line":17,"column":0},"end":{"line":17,"column":37}},"17":{"start":{"line":18,"column":0},"end":{"line":18,"column":42}},"18":{"start":{"line":19,"column":0},"end":{"line":19,"column":46}},"19":{"start":{"line":20,"column":0},"end":{"line":20,"column":37}},"20":{"start":{"line":21,"column":0},"end":{"line":21,"column":1}},"22":{"start":{"line":23,"column":0},"end":{"line":23,"column":31}},"23":{"start":{"line":24,"column":0},"end":{"line":24,"column":73}},"24":{"start":{"line":25,"column":0},"end":{"line":25,"column":71}},"25":{"start":{"line":26,"column":0},"end":{"line":26,"column":77}},"26":{"start":{"line":27,"column":0},"end":{"line":27,"column":52}},"27":{"start":{"line":28,"column":0},"end":{"line":28,"column":42}},"28":{"start":{"line":29,"column":0},"end":{"line":29,"column":6}},"29":{"start":{"line":30,"column":0},"end":{"line":30,"column":55}},"30":{"start":{"line":31,"column":0},"end":{"line":31,"column":38}},"31":{"start":{"line":32,"column":0},"end":{"line":32,"column":40}},"32":{"start":{"line":33,"column":0},"end":{"line":33,"column":42}},"33":{"start":{"line":34,"column":0},"end":{"line":34,"column":46}},"34":{"start":{"line":35,"column":0},"end":{"line":35,"column":40}},"35":{"start":{"line":36,"column":0},"end":{"line":36,"column":1}},"37":{"start":{"line":38,"column":0},"end":{"line":38,"column":72}},"38":{"start":{"line":39,"column":0},"end":{"line":39,"column":73}},"39":{"start":{"line":40,"column":0},"end":{"line":40,"column":71}},"40":{"start":{"line":41,"column":0},"end":{"line":41,"column":77}},"41":{"start":{"line":42,"column":0},"end":{"line":42,"column":52}},"42":{"start":{"line":43,"column":0},"end":{"line":43,"column":42}},"43":{"start":{"line":44,"column":0},"end":{"line":44,"column":6}},"44":{"start":{"line":45,"column":0},"end":{"line":45,"column":55}},"45":{"start":{"line":46,"column":0},"end":{"line":46,"column":38}},"46":{"start":{"line":47,"column":0},"end":{"line":47,"column":37}},"47":{"start":{"line":48,"column":0},"end":{"line":48,"column":45}},"48":{"start":{"line":49,"column":0},"end":{"line":49,"column":46}},"49":{"start":{"line":50,"column":0},"end":{"line":50,"column":37}},"51":{"start":{"line":52,"column":0},"end":{"line":52,"column":67}},"52":{"start":{"line":53,"column":0},"end":{"line":53,"column":67}},"54":{"start":{"line":55,"column":0},"end":{"line":55,"column":95}},"55":{"start":{"line":56,"column":0},"end":{"line":56,"column":88}},"56":{"start":{"line":57,"column":0},"end":{"line":57,"column":1}},"58":{"start":{"line":59,"column":0},"end":{"line":59,"column":40}},"59":{"start":{"line":60,"column":0},"end":{"line":60,"column":71}},"60":{"start":{"line":61,"column":0},"end":{"line":61,"column":69}},"61":{"start":{"line":62,"column":0},"end":{"line":62,"column":75}},"62":{"start":{"line":63,"column":0},"end":{"line":63,"column":50}},"63":{"start":{"line":64,"column":0},"end":{"line":64,"column":40}},"64":{"start":{"line":65,"column":0},"end":{"line":65,"column":4}},"65":{"start":{"line":66,"column":0},"end":{"line":66,"column":53}},"66":{"start":{"line":67,"column":0},"end":{"line":67,"column":36}},"67":{"start":{"line":68,"column":0},"end":{"line":68,"column":35}},"68":{"start":{"line":69,"column":0},"end":{"line":69,"column":40}},"69":{"start":{"line":70,"column":0},"end":{"line":70,"column":47}},"70":{"start":{"line":71,"column":0},"end":{"line":71,"column":35}},"71":{"start":{"line":72,"column":0},"end":{"line":72,"column":1}},"73":{"start":{"line":74,"column":0},"end":{"line":74,"column":46}},"74":{"start":{"line":75,"column":0},"end":{"line":75,"column":54}},"75":{"start":{"line":76,"column":0},"end":{"line":76,"column":23}},"77":{"start":{"line":78,"column":0},"end":{"line":78,"column":51}},"79":{"start":{"line":80,"column":0},"end":{"line":80,"column":23}},"80":{"start":{"line":81,"column":0},"end":{"line":81,"column":44}},"81":{"start":{"line":82,"column":0},"end":{"line":82,"column":30}},"82":{"start":{"line":83,"column":0},"end":{"line":83,"column":30}},"83":{"start":{"line":84,"column":0},"end":{"line":84,"column":32}},"84":{"start":{"line":85,"column":0},"end":{"line":85,"column":40}},"86":{"start":{"line":87,"column":0},"end":{"line":87,"column":54}},"87":{"start":{"line":88,"column":0},"end":{"line":88,"column":42}},"88":{"start":{"line":89,"column":0},"end":{"line":89,"column":41}},"89":{"start":{"line":90,"column":0},"end":{"line":90,"column":9}},"91":{"start":{"line":92,"column":0},"end":{"line":92,"column":35}},"92":{"start":{"line":93,"column":0},"end":{"line":93,"column":35}},"93":{"start":{"line":94,"column":0},"end":{"line":94,"column":7}},"94":{"start":{"line":95,"column":0},"end":{"line":95,"column":28}},"95":{"start":{"line":96,"column":0},"end":{"line":96,"column":5}},"96":{"start":{"line":97,"column":0},"end":{"line":97,"column":1}},"98":{"start":{"line":99,"column":0},"end":{"line":99,"column":32}},"103":{"start":{"line":104,"column":0},"end":{"line":104,"column":4}},"104":{"start":{"line":105,"column":0},"end":{"line":105,"column":56}},"105":{"start":{"line":106,"column":0},"end":{"line":106,"column":56}},"106":{"start":{"line":107,"column":0},"end":{"line":107,"column":63}},"107":{"start":{"line":108,"column":0},"end":{"line":108,"column":58}},"109":{"start":{"line":110,"column":0},"end":{"line":110,"column":67}},"110":{"start":{"line":111,"column":0},"end":{"line":111,"column":75}},"111":{"start":{"line":112,"column":0},"end":{"line":112,"column":84}},"112":{"start":{"line":113,"column":0},"end":{"line":113,"column":89}},"113":{"start":{"line":114,"column":0},"end":{"line":114,"column":1}},"115":{"start":{"line":116,"column":0},"end":{"line":116,"column":44}},"117":{"start":{"line":118,"column":0},"end":{"line":118,"column":68}},"118":{"start":{"line":119,"column":0},"end":{"line":119,"column":72}},"119":{"start":{"line":120,"column":0},"end":{"line":120,"column":37}},"121":{"start":{"line":122,"column":0},"end":{"line":122,"column":46}},"122":{"start":{"line":123,"column":0},"end":{"line":123,"column":51}},"124":{"start":{"line":125,"column":0},"end":{"line":125,"column":30}},"125":{"start":{"line":126,"column":0},"end":{"line":126,"column":42}},"126":{"start":{"line":127,"column":0},"end":{"line":127,"column":5}},"128":{"start":{"line":129,"column":0},"end":{"line":129,"column":51}},"129":{"start":{"line":130,"column":0},"end":{"line":130,"column":52}},"130":{"start":{"line":131,"column":0},"end":{"line":131,"column":40}},"131":{"start":{"line":132,"column":0},"end":{"line":132,"column":17}},"132":{"start":{"line":133,"column":0},"end":{"line":133,"column":1}},"134":{"start":{"line":135,"column":0},"end":{"line":135,"column":30}},"135":{"start":{"line":136,"column":0},"end":{"line":136,"column":40}},"136":{"start":{"line":137,"column":0},"end":{"line":137,"column":36}},"137":{"start":{"line":138,"column":0},"end":{"line":138,"column":23}},"138":{"start":{"line":139,"column":0},"end":{"line":139,"column":3}},"139":{"start":{"line":140,"column":0},"end":{"line":140,"column":75}},"140":{"start":{"line":141,"column":0},"end":{"line":141,"column":24}},"142":{"start":{"line":143,"column":0},"end":{"line":143,"column":40}},"143":{"start":{"line":144,"column":0},"end":{"line":144,"column":21}},"145":{"start":{"line":146,"column":0},"end":{"line":146,"column":31}},"146":{"start":{"line":147,"column":0},"end":{"line":147,"column":33}},"147":{"start":{"line":148,"column":0},"end":{"line":148,"column":64}},"149":{"start":{"line":150,"column":0},"end":{"line":150,"column":39}},"152":{"start":{"line":153,"column":0},"end":{"line":153,"column":29}},"153":{"start":{"line":154,"column":0},"end":{"line":154,"column":22}},"154":{"start":{"line":155,"column":0},"end":{"line":155,"column":20}},"155":{"start":{"line":156,"column":0},"end":{"line":156,"column":72}},"156":{"start":{"line":157,"column":0},"end":{"line":157,"column":17}},"159":{"start":{"line":160,"column":0},"end":{"line":160,"column":27}},"160":{"start":{"line":161,"column":0},"end":{"line":161,"column":20}},"161":{"start":{"line":162,"column":0},"end":{"line":162,"column":98}},"162":{"start":{"line":163,"column":0},"end":{"line":163,"column":15}},"165":{"start":{"line":166,"column":0},"end":{"line":166,"column":26}},"166":{"start":{"line":167,"column":0},"end":{"line":167,"column":20}},"167":{"start":{"line":168,"column":0},"end":{"line":168,"column":90}},"168":{"start":{"line":169,"column":0},"end":{"line":169,"column":15}},"169":{"start":{"line":170,"column":0},"end":{"line":170,"column":1}}},"s":{"0":1,"1":1,"2":1,"3":1,"4":1,"5":1,"7":1,"8":2,"9":2,"10":2,"11":2,"12":2,"13":2,"14":2,"15":2,"16":2,"17":2,"18":2,"19":2,"20":2,"22":1,"23":2,"24":2,"25":2,"26":2,"27":2,"28":2,"29":2,"30":2,"31":2,"32":2,"33":2,"34":2,"35":2,"37":1,"38":2,"39":2,"40":2,"41":2,"42":2,"43":2,"44":2,"45":2,"46":2,"47":2,"48":2,"49":2,"51":2,"52":2,"54":2,"55":2,"56":2,"58":1,"59":1,"60":1,"61":1,"62":1,"63":1,"64":1,"65":1,"66":1,"67":1,"68":1,"69":1,"70":1,"71":1,"73":1,"74":1,"75":1,"77":1,"79":1,"80":2,"81":2,"82":2,"83":2,"84":2,"86":2,"87":4,"88":4,"89":2,"91":2,"92":2,"93":2,"94":2,"95":1,"96":1,"98":1,"103":1,"104":1,"105":1,"106":1,"107":1,"109":1,"110":1,"111":1,"112":1,"113":1,"115":1,"117":1,"118":1,"119":1,"121":1,"122":1,"124":1,"125":0,"126":0,"128":1,"129":1,"130":1,"131":1,"132":1,"134":1,"135":1,"136":1,"137":1,"138":1,"139":1,"140":1,"142":1,"143":1,"145":1,"146":1,"147":1,"149":1,"152":1,"153":1,"154":1,"155":1,"156":1,"159":1,"160":1,"161":1,"162":1,"165":1,"166":1,"167":1,"168":1,"169":1},"branchMap":{"0":{"type":"branch","line":8,"loc":{"start":{"line":8,"column":7},"end":{"line":21,"column":1}},"locations":[{"start":{"line":8,"column":7},"end":{"line":21,"column":1}}]},"1":{"type":"branch","line":19,"loc":{"start":{"line":19,"column":4},"end":{"line":19,"column":32}},"locations":[{"start":{"line":19,"column":4},"end":{"line":19,"column":32}}]},"2":{"type":"branch","line":23,"loc":{"start":{"line":23,"column":7},"end":{"line":36,"column":1}},"locations":[{"start":{"line":23,"column":7},"end":{"line":36,"column":1}}]},"3":{"type":"branch","line":34,"loc":{"start":{"line":34,"column":4},"end":{"line":34,"column":32}},"locations":[{"start":{"line":34,"column":4},"end":{"line":34,"column":32}}]},"4":{"type":"branch","line":38,"loc":{"start":{"line":38,"column":7},"end":{"line":57,"column":1}},"locations":[{"start":{"line":38,"column":7},"end":{"line":57,"column":1}}]},"5":{"type":"branch","line":49,"loc":{"start":{"line":49,"column":4},"end":{"line":49,"column":32}},"locations":[{"start":{"line":49,"column":4},"end":{"line":49,"column":32}}]},"6":{"type":"branch","line":59,"loc":{"start":{"line":59,"column":7},"end":{"line":72,"column":1}},"locations":[{"start":{"line":59,"column":7},"end":{"line":72,"column":1}}]},"7":{"type":"branch","line":74,"loc":{"start":{"line":74,"column":7},"end":{"line":97,"column":1}},"locations":[{"start":{"line":74,"column":7},"end":{"line":97,"column":1}}]},"8":{"type":"branch","line":76,"loc":{"start":{"line":76,"column":16},"end":{"line":76,"column":23}},"locations":[{"start":{"line":76,"column":16},"end":{"line":76,"column":23}}]},"9":{"type":"branch","line":80,"loc":{"start":{"line":80,"column":15},"end":{"line":96,"column":3}},"locations":[{"start":{"line":80,"column":15},"end":{"line":96,"column":3}}]},"10":{"type":"branch","line":85,"loc":{"start":{"line":85,"column":33},"end":{"line":94,"column":5}},"locations":[{"start":{"line":85,"column":33},"end":{"line":94,"column":5}}]},"11":{"type":"branch","line":87,"loc":{"start":{"line":87,"column":45},"end":{"line":90,"column":7}},"locations":[{"start":{"line":87,"column":45},"end":{"line":90,"column":7}}]},"12":{"type":"branch","line":99,"loc":{"start":{"line":99,"column":7},"end":{"line":114,"column":1}},"locations":[{"start":{"line":99,"column":7},"end":{"line":114,"column":1}}]},"13":{"type":"branch","line":118,"loc":{"start":{"line":118,"column":7},"end":{"line":133,"column":1}},"locations":[{"start":{"line":118,"column":7},"end":{"line":133,"column":1}}]},"14":{"type":"branch","line":120,"loc":{"start":{"line":120,"column":30},"end":{"line":120,"column":37}},"locations":[{"start":{"line":120,"column":30},"end":{"line":120,"column":37}}]},"15":{"type":"branch","line":125,"loc":{"start":{"line":125,"column":29},"end":{"line":127,"column":5}},"locations":[{"start":{"line":125,"column":29},"end":{"line":127,"column":5}}]},"16":{"type":"branch","line":129,"loc":{"start":{"line":129,"column":44},"end":{"line":132,"column":7}},"locations":[{"start":{"line":129,"column":44},"end":{"line":132,"column":7}}]},"17":{"type":"branch","line":135,"loc":{"start":{"line":135,"column":7},"end":{"line":170,"column":1}},"locations":[{"start":{"line":135,"column":7},"end":{"line":170,"column":1}}]},"18":{"type":"branch","line":141,"loc":{"start":{"line":141,"column":17},"end":{"line":141,"column":24}},"locations":[{"start":{"line":141,"column":17},"end":{"line":141,"column":24}}]},"19":{"type":"branch","line":144,"loc":{"start":{"line":144,"column":14},"end":{"line":144,"column":21}},"locations":[{"start":{"line":144,"column":14},"end":{"line":144,"column":21}}]}},"b":{"0":[2],"1":[1],"2":[2],"3":[1],"4":[2],"5":[1],"6":[1],"7":[1],"8":[0],"9":[2],"10":[2],"11":[4],"12":[1],"13":[1],"14":[0],"15":[0],"16":[1],"17":[1],"18":[0],"19":[0]},"fnMap":{"0":{"name":"showMainMenu","decl":{"start":{"line":8,"column":7},"end":{"line":21,"column":1}},"loc":{"start":{"line":8,"column":7},"end":{"line":21,"column":1}},"line":8},"1":{"name":"showGameHud","decl":{"start":{"line":23,"column":7},"end":{"line":36,"column":1}},"loc":{"start":{"line":23,"column":7},"end":{"line":36,"column":1}},"line":23},"2":{"name":"showRaceOverMenu","decl":{"start":{"line":38,"column":7},"end":{"line":57,"column":1}},"loc":{"start":{"line":38,"column":7},"end":{"line":57,"column":1}},"line":38},"3":{"name":"showMapSelectionMenu","decl":{"start":{"line":59,"column":7},"end":{"line":72,"column":1}},"loc":{"start":{"line":59,"column":7},"end":{"line":72,"column":1}},"line":59},"4":{"name":"populateMapList","decl":{"start":{"line":74,"column":7},"end":{"line":97,"column":1}},"loc":{"start":{"line":74,"column":7},"end":{"line":97,"column":1}},"line":74},"5":{"name":"updateUI","decl":{"start":{"line":99,"column":7},"end":{"line":114,"column":1}},"loc":{"start":{"line":99,"column":7},"end":{"line":114,"column":1}},"line":99},"6":{"name":"showNotification","decl":{"start":{"line":118,"column":7},"end":{"line":133,"column":1}},"loc":{"start":{"line":118,"column":7},"end":{"line":133,"column":1}},"line":118},"7":{"name":"updateMinimap","decl":{"start":{"line":135,"column":7},"end":{"line":170,"column":1}},"loc":{"start":{"line":135,"column":7},"end":{"line":170,"column":1}},"line":135}},"f":{"0":2,"1":2,"2":2,"3":1,"4":1,"5":1,"6":1,"7":1}}
}
